Log file open, 08/22/19 16:06:30
LogWindows: Failed to load 'aqProf.dll' (GetLastError=126)
LogWindows: File 'aqProf.dll' does not exist
LogWindows: Failed to load 'VtuneApi.dll' (GetLastError=126)
LogWindows: File 'VtuneApi.dll' does not exist
LogWindows: Failed to load 'VtuneApi32e.dll' (GetLastError=126)
LogWindows: File 'VtuneApi32e.dll' does not exist
LogConsoleResponse: Display: Failed to find resolution value strings in scalability ini. Falling back to default.
LogInit: Display: Running engine for game: HowToMakeAVidoeGame
LogPakFile: Registered encryption key '00000000000000000000000000000000': 0 pak files mounted, 0 remain pending
LogPlatformFile: Not using cached read wrapper
LogTaskGraph: Started task graph with 5 named threads and 23 total threads with 3 sets of task threads.
LogStats: Stats thread started at 0.264648
LogD3D11RHI: Loaded GFSDK_Aftermath_Lib.x64.dll
LogICUInternationalization: ICU TimeZone Detection - Raw Offset: +1:00, Platform Override: ''
LogPluginManager: Mounting plugin Paper2D
LogPluginManager: Mounting plugin AISupport
LogPluginManager: Mounting plugin LightPropagationVolume
LogPluginManager: Mounting plugin ActorLayerUtilities
LogPluginManager: Mounting plugin CLionSourceCodeAccess
LogPluginManager: Mounting plugin CodeLiteSourceCodeAccess
LogPluginManager: Mounting plugin GitSourceControl
LogPluginManager: Mounting plugin KDevelopSourceCodeAccess
LogPluginManager: Mounting plugin NullSourceCodeAccess
LogPluginManager: Mounting plugin PerforceSourceControl
LogPluginManager: Mounting plugin SubversionSourceControl
LogPluginManager: Mounting plugin UObjectPlugin
LogPluginManager: Mounting plugin VisualStudioCodeSourceCodeAccess
LogPluginManager: Mounting plugin VisualStudioSourceCodeAccess
LogPluginManager: Mounting plugin XCodeSourceCodeAccess
LogPluginManager: Mounting plugin AssetManagerEditor
LogPluginManager: Mounting plugin CryptoKeys
LogPluginManager: Mounting plugin DataValidation
LogPluginManager: Mounting plugin FacialAnimation
LogPluginManager: Mounting plugin GameplayTagsEditor
LogPluginManager: Mounting plugin MacGraphicsSwitching
LogPluginManager: Mounting plugin MeshEditor
LogPluginManager: Mounting plugin MobileLauncherProfileWizard
LogPluginManager: Mounting plugin PluginBrowser
LogPluginManager: Mounting plugin SpeedTreeImporter
LogPluginManager: Mounting plugin DatasmithContent
LogPluginManager: Mounting plugin VariantManagerContent
LogPluginManager: Mounting plugin AlembicImporter
LogPluginManager: Mounting plugin AppleImageUtils
LogPluginManager: Mounting plugin AppleVision
LogPluginManager: Mounting plugin BackChannel
LogPluginManager: Mounting plugin CharacterAI
LogPluginManager: Mounting plugin GeometryCache
LogPluginManager: Mounting plugin HTML5Networking
LogPluginManager: Mounting plugin ProxyLODPlugin
LogPluginManager: Mounting plugin MagicLeap
LogPluginManager: Mounting plugin MagicLeapMedia
LogPluginManager: Mounting plugin AndroidMedia
LogPluginManager: Mounting plugin AvfMedia
LogPluginManager: Mounting plugin ImgMedia
LogPluginManager: Mounting plugin LinearTimecode
LogPluginManager: Mounting plugin MediaCompositing
LogPluginManager: Mounting plugin MediaPlayerEditor
LogPluginManager: Mounting plugin WebMMedia
LogPluginManager: Mounting plugin WmfMedia
LogPluginManager: Mounting plugin TcpMessaging
LogPluginManager: Mounting plugin UdpMessaging
LogPluginManager: Mounting plugin ActorSequence
LogPluginManager: Mounting plugin LevelSequenceEditor
LogPluginManager: Mounting plugin MatineeToLevelSequence
LogPluginManager: Mounting plugin NetcodeUnitTest
LogPluginManager: Mounting plugin NUTUnrealEngine4
LogPluginManager: Mounting plugin OnlineSubsystemGooglePlay
LogPluginManager: Mounting plugin OnlineSubsystemIOS
LogPluginManager: Mounting plugin OnlineSubsystem
LogPluginManager: Mounting plugin OnlineSubsystemNull
LogPluginManager: Mounting plugin OnlineSubsystemUtils
LogPluginManager: Mounting plugin LauncherChunkInstaller
LogPluginManager: Mounting plugin AndroidDeviceProfileSelector
LogPluginManager: Mounting plugin AndroidMoviePlayer
LogPluginManager: Mounting plugin AndroidPermission
LogPluginManager: Mounting plugin AppleMoviePlayer
LogPluginManager: Mounting plugin ArchVisCharacter
LogPluginManager: Mounting plugin AudioCapture
LogPluginManager: Mounting plugin CableComponent
LogPluginManager: Mounting plugin CustomMeshComponent
LogPluginManager: Mounting plugin EditableMesh
LogPluginManager: Mounting plugin ExampleDeviceProfileSelector
LogPluginManager: Mounting plugin Firebase
LogPluginManager: Mounting plugin GoogleCloudMessaging
LogPluginManager: Mounting plugin IOSDeviceProfileSelector
LogPluginManager: Mounting plugin LinuxDeviceProfileSelector
LogPluginManager: Mounting plugin LocationServicesBPLibrary
LogPluginManager: Mounting plugin MobilePatchingUtils
LogPluginManager: Mounting plugin OculusVR
LogPluginManager: Mounting plugin PhysXVehicles
LogPluginManager: Mounting plugin ProceduralMeshComponent
LogPluginManager: Mounting plugin RuntimePhysXCooking
LogPluginManager: Mounting plugin SteamVR
LogPluginManager: Mounting plugin WebMMoviePlayer
LogPluginManager: Mounting plugin WindowsMoviePlayer
LogStreaming: Display: Took  0.328s to configure plugins.
LogInit: Using libcurl 7.55.1-DEV
LogInit:  - built for x86_64-pc-win32
LogInit:  - supports SSL with OpenSSL/1.0.2h
LogInit:  - supports HTTP deflate (compression) using libz 1.2.8
LogInit:  - other features:
LogInit:      CURL_VERSION_SSL
LogInit:      CURL_VERSION_LIBZ
LogInit:      CURL_VERSION_IPV6
LogInit:      CURL_VERSION_ASYNCHDNS
LogInit:      CURL_VERSION_LARGEFILE
LogInit:      CURL_VERSION_IDN
LogInit:  CurlRequestOptions (configurable via config and command line):
LogInit:  - bVerifyPeer = true  - Libcurl will verify peer certificate
LogInit:  - bUseHttpProxy = false  - Libcurl will NOT use HTTP proxy
LogInit:  - bDontReuseConnections = false  - Libcurl will reuse connections
LogInit:  - MaxHostConnections = 16  - Libcurl will limit the number of connections to a host
LogInit:  - LocalHostAddr = Default
LogInit:  - BufferSize = 65536
LogInit: WinSock: version 1.1 (2.2), MaxSocks=32767, MaxUdp=65467
LogInit: Build: ++UE4+Release-4.21-CL-4753647
LogInit: Engine Version: 4.21.2-4753647+++UE4+Release-4.21
LogInit: Compatible Engine Version: 4.21.0-4541578+++UE4+Release-4.21
LogInit: Net CL: 4541578
LogInit: OS: Windows 10 (), CPU: Intel(R) Core(TM) i7-6700K CPU @ 4.00GHz, GPU: NVIDIA GeForce GTX 1070
LogInit: Compiled (64-bit): Jan 19 2019 02:07:31
LogInit: Compiled with Visual C++: 19.13.26129.00
LogInit: Build Configuration: Development
LogInit: Branch Name: ++UE4+Release-4.21
LogInit: Command Line: 
LogInit: Base Directory: D:/Program/Epic Games/Epic Games/Nya versioner/UE_4.21/Engine/Binaries/Win64/
LogInit: Installed Engine Build: 1
LogDevObjectVersion: Number of dev versions registered: 22
LogDevObjectVersion:   Dev-Blueprints (B0D832E4-1F89-4F0D-ACCF-7EB736FD4AA2): 10
LogDevObjectVersion:   Dev-Build (E1C64328-A22C-4D53-A36C-8E866417BD8C): 0
LogDevObjectVersion:   Dev-Core (375EC13C-06E4-48FB-B500-84F0262A717E): 2
LogDevObjectVersion:   Dev-Editor (E4B068ED-F494-42E9-A231-DA0B2E46BB41): 26
LogDevObjectVersion:   Dev-Framework (CFFC743F-43B0-4480-9391-14DF171D2073): 34
LogDevObjectVersion:   Dev-Mobile (B02B49B5-BB20-44E9-A304-32B752E40360): 2
LogDevObjectVersion:   Dev-Networking (A4E4105C-59A1-49B5-A7C5-40C4547EDFEE): 0
LogDevObjectVersion:   Dev-Online (39C831C9-5AE6-47DC-9A44-9C173E1C8E7C): 0
LogDevObjectVersion:   Dev-Physics (78F01B33-EBEA-4F98-B9B4-84EACCB95AA2): 0
LogDevObjectVersion:   Dev-Platform (6631380F-2D4D-43E0-8009-CF276956A95A): 0
LogDevObjectVersion:   Dev-Rendering (12F88B9F-8875-4AFC-A67C-D90C383ABD29): 27
LogDevObjectVersion:   Dev-Sequencer (7B5AE74C-D270-4C10-A958-57980B212A5A): 9
LogDevObjectVersion:   Dev-VR (D7296918-1DD6-4BDD-9DE2-64A83CC13884): 2
LogDevObjectVersion:   Dev-LoadTimes (C2A15278-BFE7-4AFE-6C17-90FF531DF755): 1
LogDevObjectVersion:   Private-Geometry (6EACA3D4-40EC-4CC1-B786-8BED09428FC5): 3
LogDevObjectVersion:   Dev-AnimPhys (29E575DD-E0A3-4627-9D10-D276232CDCEA): 17
LogDevObjectVersion:   Dev-Anim (AF43A65D-7FD3-4947-9873-3E8ED9C1BB05): 2
LogDevObjectVersion:   Dev-ReflectionCapture (6B266CEC-1EC7-4B8F-A30B-E4D90942FC07): 1
LogDevObjectVersion:   Dev-Automation (0DF73D61-A23F-47EA-B727-89E90C41499A): 1
LogDevObjectVersion:   FortniteMain (601D1886-AC64-4F84-AA16-D3DE0DEAC7D6): 17
LogDevObjectVersion:   Dev-Enterprise (9DFFBCD6-494F-0158-E221-12823C92A888): 4
LogDevObjectVersion:   Dev-Niagara (F2AED0AC-9AFE-416F-8664-AA7FFA26D6FC): 1
LogStreaming: Display: Took  0.000s to delete old logs.
LogInit: Presizing for max 8388607 objects, including 0 objects not considered by GC, pre-allocating 0 bytes for permanent pool.
LogInit: Object subsystem initialized
LogConfig: Setting CVar [[con.DebugEarlyDefault:1]]
LogConfig: Setting CVar [[r.setres:1280x720]]
[2019.08.22-14.06.30:857][  0]LogConfig: Setting CVar [[r.VSync:0]]
[2019.08.22-14.06.30:857][  0]LogConfig: Setting CVar [[r.RHICmdBypass:0]]
[2019.08.22-14.06.30:857][  0]LogConfig: Applying CVar settings from Section [/Script/Engine.RendererSettings] File [D:/Program/Epic Games/Projekt/HowToMakeAVideoGame/HowToMakeAVidoeGame/Saved/Config/Windows/Engine.ini]
[2019.08.22-14.06.30:857][  0]LogConfig: Setting CVar [[r.GPUCrashDebugging:0]]
[2019.08.22-14.06.30:857][  0]LogConfig: Setting CVar [[r.MobileHDR:0]]
[2019.08.22-14.06.30:857][  0]LogConfig: Setting CVar [[r.Mobile.DisableVertexFog:1]]
[2019.08.22-14.06.30:857][  0]LogConfig: Setting CVar [[r.Shadow.CSM.MaxMobileCascades:2]]
[2019.08.22-14.06.30:857][  0]LogConfig: Setting CVar [[r.MobileMSAA:1]]
[2019.08.22-14.06.30:857][  0]LogConfig: Setting CVar [[r.Mobile.UseLegacyShadingModel:0]]
[2019.08.22-14.06.30:857][  0]LogConfig: Setting CVar [[r.Mobile.AllowDitheredLODTransition:0]]
[2019.08.22-14.06.30:857][  0]LogConfig: Setting CVar [[r.Mobile.AllowSoftwareOcclusion:0]]
[2019.08.22-14.06.30:857][  0]LogConfig: Setting CVar [[r.DiscardUnusedQuality:0]]
[2019.08.22-14.06.30:857][  0]LogConfig: Setting CVar [[r.AllowOcclusionQueries:1]]
[2019.08.22-14.06.30:857][  0]LogConfig: Setting CVar [[r.MinScreenRadiusForLights:0.030000]]
[2019.08.22-14.06.30:857][  0]LogConfig: Setting CVar [[r.MinScreenRadiusForDepthPrepass:0.030000]]
[2019.08.22-14.06.30:857][  0]LogConfig: Setting CVar [[r.MinScreenRadiusForCSMDepth:0.010000]]
[2019.08.22-14.06.30:857][  0]LogConfig: Setting CVar [[r.PrecomputedVisibilityWarning:0]]
[2019.08.22-14.06.30:857][  0]LogConfig: Setting CVar [[r.TextureStreaming:1]]
[2019.08.22-14.06.30:857][  0]LogConfig: Setting CVar [[Compat.UseDXT5NormalMaps:0]]
[2019.08.22-14.06.30:857][  0]LogConfig: Setting CVar [[r.ClearCoatNormal:0]]
[2019.08.22-14.06.30:857][  0]LogConfig: Setting CVar [[r.ReflectionCaptureResolution:128]]
[2019.08.22-14.06.30:858][  0]LogConfig: Setting CVar [[r.ReflectionEnvironmentLightmapMixBasedOnRoughness:1]]
[2019.08.22-14.06.30:858][  0]LogConfig: Setting CVar [[r.ForwardShading:0]]
[2019.08.22-14.06.30:858][  0]LogConfig: Setting CVar [[r.VertexFoggingForOpaque:1]]
[2019.08.22-14.06.30:858][  0]LogConfig: Setting CVar [[r.AllowStaticLighting:1]]
[2019.08.22-14.06.30:858][  0]LogConfig: Setting CVar [[r.NormalMapsForStaticLighting:0]]
[2019.08.22-14.06.30:858][  0]LogConfig: Setting CVar [[r.GenerateMeshDistanceFields:0]]
[2019.08.22-14.06.30:858][  0]LogConfig: Setting CVar [[r.DistanceFieldBuild.EightBit:0]]
[2019.08.22-14.06.30:858][  0]LogConfig: Setting CVar [[r.GenerateLandscapeGIData:0]]
[2019.08.22-14.06.30:858][  0]LogConfig: Setting CVar [[r.DistanceFieldBuild.Compress:0]]
[2019.08.22-14.06.30:858][  0]LogConfig: Setting CVar [[r.TessellationAdaptivePixelsPerTriangle:48.000000]]
[2019.08.22-14.06.30:858][  0]LogConfig: Setting CVar [[r.SeparateTranslucency:0]]
[2019.08.22-14.06.30:858][  0]LogConfig: Setting CVar [[r.TranslucentSortPolicy:0]]
[2019.08.22-14.06.30:858][  0]LogConfig: Setting CVar [[r.CustomDepth:1]]
[2019.08.22-14.06.30:858][  0]LogConfig: Setting CVar [[r.CustomDepthTemporalAAJitter:1]]
[2019.08.22-14.06.30:858][  0]LogConfig: Setting CVar [[r.PostProcessing.PropagateAlpha:0]]
[2019.08.22-14.06.30:858][  0]LogConfig: Setting CVar [[r.DOF.Algorithm:1]]
[2019.08.22-14.06.30:858][  0]LogConfig: Setting CVar [[r.DefaultFeature.Bloom:0]]
[2019.08.22-14.06.30:858][  0]LogConfig: Setting CVar [[r.DefaultFeature.AmbientOcclusion:0]]
[2019.08.22-14.06.30:858][  0]LogConfig: Setting CVar [[r.DefaultFeature.AmbientOcclusionStaticFraction:1]]
[2019.08.22-14.06.30:858][  0]LogConfig: Setting CVar [[r.DefaultFeature.AutoExposure:0]]
[2019.08.22-14.06.30:858][  0]LogConfig: Setting CVar [[r.DefaultFeature.AutoExposure.Method:0]]
[2019.08.22-14.06.30:859][  0]LogConfig: Setting CVar [[r.DefaultFeature.AutoExposure.ExtendDefaultLuminanceRange:0]]
[2019.08.22-14.06.30:859][  0]LogConfig: Setting CVar [[r.UsePreExposure:0]]
[2019.08.22-14.06.30:859][  0]LogConfig: Setting CVar [[r.DefaultFeature.MotionBlur:0]]
[2019.08.22-14.06.30:859][  0]LogConfig: Setting CVar [[r.DefaultFeature.LensFlare:0]]
[2019.08.22-14.06.30:859][  0]LogConfig: Setting CVar [[r.TemporalAA.Upsampling:0]]
[2019.08.22-14.06.30:859][  0]LogConfig: Setting CVar [[r.DefaultFeature.AntiAliasing:0]]
[2019.08.22-14.06.30:859][  0]LogConfig: Setting CVar [[r.DefaultFeature.LightUnits:1]]
[2019.08.22-14.06.30:859][  0]LogConfig: Setting CVar [[r.DefaultBackBufferPixelFormat:4]]
[2019.08.22-14.06.30:859][  0]LogConfig: Setting CVar [[r.Shadow.UnbuiltPreviewInGame:1]]
[2019.08.22-14.06.30:859][  0]LogConfig: Setting CVar [[r.StencilForLODDither:0]]
[2019.08.22-14.06.30:859][  0]LogConfig: Setting CVar [[r.EarlyZPass:3]]
[2019.08.22-14.06.30:859][  0]LogConfig: Setting CVar [[r.EarlyZPassMovable:1]]
[2019.08.22-14.06.30:859][  0]LogConfig: Setting CVar [[r.EarlyZPassOnlyMaterialMasking:0]]
[2019.08.22-14.06.30:859][  0]LogConfig: Setting CVar [[r.DBuffer:1]]
[2019.08.22-14.06.30:859][  0]LogConfig: Setting CVar [[r.ClearSceneMethod:1]]
[2019.08.22-14.06.30:859][  0]LogConfig: Setting CVar [[r.BasePassOutputsVelocity:0]]
[2019.08.22-14.06.30:860][  0]LogConfig: Setting CVar [[r.SelectiveBasePassOutputs:0]]
[2019.08.22-14.06.30:860][  0]LogConfig: Setting CVar [[fx.GPUSimulationTextureSizeX:1024]]
[2019.08.22-14.06.30:860][  0]LogConfig: Setting CVar [[fx.GPUSimulationTextureSizeY:1024]]
[2019.08.22-14.06.30:860][  0]LogConfig: Setting CVar [[r.AllowGlobalClipPlane:0]]
[2019.08.22-14.06.30:860][  0]LogConfig: Setting CVar [[r.GBufferFormat:1]]
[2019.08.22-14.06.30:860][  0]LogConfig: Setting CVar [[r.MorphTarget.Mode:1]]
[2019.08.22-14.06.30:860][  0]LogConfig: Setting CVar [[vr.InstancedStereo:0]]
[2019.08.22-14.06.30:860][  0]LogConfig: Setting CVar [[vr.MultiView:0]]
[2019.08.22-14.06.30:860][  0]LogConfig: Setting CVar [[vr.MobileMultiView:0]]
[2019.08.22-14.06.30:860][  0]LogConfig: Setting CVar [[vr.MobileMultiView.Direct:0]]
[2019.08.22-14.06.30:860][  0]LogConfig: Setting CVar [[vr.MonoscopicFarField:0]]
[2019.08.22-14.06.30:860][  0]LogConfig: Setting CVar [[vr.RoundRobinOcclusion:0]]
[2019.08.22-14.06.30:860][  0]LogConfig: Setting CVar [[vr.ODSCapture:0]]
[2019.08.22-14.06.30:860][  0]LogConfig: Setting CVar [[r.WireframeCullThreshold:5.000000]]
[2019.08.22-14.06.30:860][  0]LogConfig: Setting CVar [[r.SupportStationarySkylight:1]]
[2019.08.22-14.06.30:860][  0]LogConfig: Setting CVar [[r.SupportLowQualityLightmaps:1]]
[2019.08.22-14.06.30:860][  0]LogConfig: Setting CVar [[r.SupportPointLightWholeSceneShadows:1]]
[2019.08.22-14.06.30:860][  0]LogConfig: Setting CVar [[r.SupportAtmosphericFog:1]]
[2019.08.22-14.06.30:860][  0]LogConfig: Setting CVar [[r.SkinCache.CompileShaders:0]]
[2019.08.22-14.06.30:860][  0]LogConfig: Setting CVar [[r.Mobile.EnableStaticAndCSMShadowReceivers:1]]
[2019.08.22-14.06.30:861][  0]LogConfig: Setting CVar [[r.Mobile.EnableMovableLightCSMShaderCulling:1]]
[2019.08.22-14.06.30:861][  0]LogConfig: Setting CVar [[r.Mobile.AllowDistanceFieldShadows:1]]
[2019.08.22-14.06.30:861][  0]LogConfig: Setting CVar [[r.Mobile.AllowMovableDirectionalLights:1]]
[2019.08.22-14.06.30:861][  0]LogConfig: Setting CVar [[r.MobileNumDynamicPointLights:4]]
[2019.08.22-14.06.30:861][  0]LogConfig: Setting CVar [[r.MobileDynamicPointLightsUseStaticBranch:1]]
[2019.08.22-14.06.30:861][  0]LogConfig: Setting CVar [[r.SkinCache.SceneMemoryLimitInMB:128.000000]]
[2019.08.22-14.06.30:861][  0]LogConfig: Setting CVar [[r.GPUSkin.Limit2BoneInfluences:0]]
[2019.08.22-14.06.30:861][  0]LogConfig: Setting CVar [[r.SupportDepthOnlyIndexBuffers:1]]
[2019.08.22-14.06.30:861][  0]LogConfig: Setting CVar [[r.SupportReversedIndexBuffers:1]]
[2019.08.22-14.06.30:861][  0]LogConfig: Setting CVar [[r.SupportMaterialLayers:0]]
[2019.08.22-14.06.30:861][  0]LogConfig: Applying CVar settings from Section [/Script/Engine.RendererOverrideSettings] File [D:/Program/Epic Games/Projekt/HowToMakeAVideoGame/HowToMakeAVidoeGame/Saved/Config/Windows/Engine.ini]
[2019.08.22-14.06.30:861][  0]LogConfig: Applying CVar settings from Section [/Script/Engine.StreamingSettings] File [D:/Program/Epic Games/Projekt/HowToMakeAVideoGame/HowToMakeAVidoeGame/Saved/Config/Windows/Engine.ini]
[2019.08.22-14.06.30:861][  0]LogConfig: Setting CVar [[s.MinBulkDataSizeForAsyncLoading:131072]]
[2019.08.22-14.06.30:861][  0]LogConfig: Setting CVar [[s.AsyncLoadingThreadEnabled:0]]
[2019.08.22-14.06.30:861][  0]LogConfig: Setting CVar [[s.EventDrivenLoaderEnabled:1]]
[2019.08.22-14.06.30:861][  0]LogConfig: Setting CVar [[s.WarnIfTimeLimitExceeded:0]]
[2019.08.22-14.06.30:861][  0]LogConfig: Setting CVar [[s.TimeLimitExceededMultiplier:1.5]]
[2019.08.22-14.06.30:861][  0]LogConfig: Setting CVar [[s.TimeLimitExceededMinTime:0.005]]
[2019.08.22-14.06.30:861][  0]LogConfig: Setting CVar [[s.UseBackgroundLevelStreaming:1]]
[2019.08.22-14.06.30:861][  0]LogConfig: Setting CVar [[s.PriorityAsyncLoadingExtraTime:15.0]]
[2019.08.22-14.06.30:862][  0]LogConfig: Setting CVar [[s.LevelStreamingActorsUpdateTimeLimit:5.0]]
[2019.08.22-14.06.30:862][  0]LogConfig: Setting CVar [[s.PriorityLevelStreamingActorsUpdateExtraTime:5.0]]
[2019.08.22-14.06.30:862][  0]LogConfig: Setting CVar [[s.LevelStreamingComponentsRegistrationGranularity:10]]
[2019.08.22-14.06.30:862][  0]LogConfig: Setting CVar [[s.UnregisterComponentsTimeLimit:1.0]]
[2019.08.22-14.06.30:862][  0]LogConfig: Setting CVar [[s.LevelStreamingComponentsUnregistrationGranularity:5]]
[2019.08.22-14.06.30:862][  0]LogConfig: Applying CVar settings from Section [/Script/Engine.GarbageCollectionSettings] File [D:/Program/Epic Games/Projekt/HowToMakeAVideoGame/HowToMakeAVidoeGame/Saved/Config/Windows/Engine.ini]
[2019.08.22-14.06.30:862][  0]LogConfig: Setting CVar [[gc.MaxObjectsNotConsideredByGC:1]]
[2019.08.22-14.06.30:862][  0]LogConfig: Setting CVar [[gc.SizeOfPermanentObjectPool:0]]
[2019.08.22-14.06.30:862][  0]LogConfig: Setting CVar [[gc.FlushStreamingOnGC:0]]
[2019.08.22-14.06.30:862][  0]LogConfig: Setting CVar [[gc.NumRetriesBeforeForcingGC:10]]
[2019.08.22-14.06.30:862][  0]LogConfig: Setting CVar [[gc.AllowParallelGC:1]]
[2019.08.22-14.06.30:862][  0]LogConfig: Setting CVar [[gc.TimeBetweenPurgingPendingKillObjects:61.1]]
[2019.08.22-14.06.30:862][  0]LogConfig: Setting CVar [[gc.MaxObjectsInEditor:8388607]]
[2019.08.22-14.06.30:862][  0]LogConfig: Setting CVar [[gc.IncrementalBeginDestroyEnabled:1]]
[2019.08.22-14.06.30:862][  0]LogConfig: Setting CVar [[gc.CreateGCClusters:1]]
[2019.08.22-14.06.30:862][  0]LogConfig: Setting CVar [[gc.MergeGCClusters:0]]
[2019.08.22-14.06.30:862][  0]LogConfig: Setting CVar [[gc.MinGCClusterSize:5]]
[2019.08.22-14.06.30:862][  0]LogConfig: Setting CVar [[gc.ActorClusteringEnabled:0]]
[2019.08.22-14.06.30:862][  0]LogConfig: Setting CVar [[gc.BlueprintClusteringEnabled:0]]
[2019.08.22-14.06.30:862][  0]LogConfig: Setting CVar [[gc.UseDisregardForGCOnDedicatedServers:0]]
[2019.08.22-14.06.30:863][  0]LogConfig: Applying CVar settings from Section [/Script/Engine.NetworkSettings] File [D:/Program/Epic Games/Projekt/HowToMakeAVideoGame/HowToMakeAVidoeGame/Saved/Config/Windows/Engine.ini]
[2019.08.22-14.06.30:863][  0]LogConfig: Applying CVar settings from Section [/Script/UnrealEd.CookerSettings] File [D:/Program/Epic Games/Projekt/HowToMakeAVideoGame/HowToMakeAVidoeGame/Saved/Config/Windows/Engine.ini]
[2019.08.22-14.06.30:872][  0]LogConfig: Applying CVar settings from Section [ViewDistanceQuality@3] File [D:/Program/Epic Games/Projekt/HowToMakeAVideoGame/HowToMakeAVidoeGame/Saved/Config/Windows/Scalability.ini]
[2019.08.22-14.06.30:872][  0]LogConfig: Setting CVar [[r.SkeletalMeshLODBias:0]]
[2019.08.22-14.06.30:872][  0]LogConfig: Setting CVar [[r.ViewDistanceScale:1.0]]
[2019.08.22-14.06.30:872][  0]LogConfig: Applying CVar settings from Section [AntiAliasingQuality@3] File [D:/Program/Epic Games/Projekt/HowToMakeAVideoGame/HowToMakeAVidoeGame/Saved/Config/Windows/Scalability.ini]
[2019.08.22-14.06.30:873][  0]LogConfig: Setting CVar [[r.PostProcessAAQuality:4]]
[2019.08.22-14.06.30:873][  0]LogConfig: Applying CVar settings from Section [ShadowQuality@3] File [D:/Program/Epic Games/Projekt/HowToMakeAVideoGame/HowToMakeAVidoeGame/Saved/Config/Windows/Scalability.ini]
[2019.08.22-14.06.30:873][  0]LogConfig: Setting CVar [[r.LightFunctionQuality:1]]
[2019.08.22-14.06.30:873][  0]LogConfig: Setting CVar [[r.ShadowQuality:5]]
[2019.08.22-14.06.30:873][  0]LogConfig: Setting CVar [[r.Shadow.CSM.MaxCascades:10]]
[2019.08.22-14.06.30:873][  0]LogConfig: Setting CVar [[r.Shadow.MaxResolution:2048]]
[2019.08.22-14.06.30:873][  0]LogConfig: Setting CVar [[r.Shadow.MaxCSMResolution:2048]]
[2019.08.22-14.06.30:873][  0]LogConfig: Setting CVar [[r.Shadow.RadiusThreshold:0.01]]
[2019.08.22-14.06.30:873][  0]LogConfig: Setting CVar [[r.Shadow.DistanceScale:1.0]]
[2019.08.22-14.06.30:873][  0]LogConfig: Setting CVar [[r.Shadow.CSM.TransitionScale:1.0]]
[2019.08.22-14.06.30:873][  0]LogConfig: Setting CVar [[r.Shadow.PreShadowResolutionFactor:1.0]]
[2019.08.22-14.06.30:873][  0]LogConfig: Setting CVar [[r.DistanceFieldShadowing:1]]
[2019.08.22-14.06.30:873][  0]LogConfig: Setting CVar [[r.DistanceFieldAO:1]]
[2019.08.22-14.06.30:873][  0]LogConfig: Setting CVar [[r.AOQuality:2]]
[2019.08.22-14.06.30:873][  0]LogConfig: Setting CVar [[r.VolumetricFog:1]]
[2019.08.22-14.06.30:873][  0]LogConfig: Setting CVar [[r.VolumetricFog.GridPixelSize:8]]
[2019.08.22-14.06.30:874][  0]LogConfig: Setting CVar [[r.VolumetricFog.GridSizeZ:128]]
[2019.08.22-14.06.30:874][  0]LogConfig: Setting CVar [[r.VolumetricFog.HistoryMissSupersampleCount:4]]
[2019.08.22-14.06.30:874][  0]LogConfig: Setting CVar [[r.LightMaxDrawDistanceScale:1]]
[2019.08.22-14.06.30:874][  0]LogConfig: Setting CVar [[r.CapsuleShadows:1]]
[2019.08.22-14.06.30:874][  0]LogConfig: Applying CVar settings from Section [PostProcessQuality@3] File [D:/Program/Epic Games/Projekt/HowToMakeAVideoGame/HowToMakeAVidoeGame/Saved/Config/Windows/Scalability.ini]
[2019.08.22-14.06.30:874][  0]LogConfig: Setting CVar [[r.MotionBlurQuality:4]]
[2019.08.22-14.06.30:874][  0]LogConfig: Setting CVar [[r.AmbientOcclusionMipLevelFactor:0.4]]
[2019.08.22-14.06.30:874][  0]LogConfig: Setting CVar [[r.AmbientOcclusionMaxQuality:100]]
[2019.08.22-14.06.30:874][  0]LogConfig: Setting CVar [[r.AmbientOcclusionLevels:-1]]
[2019.08.22-14.06.30:874][  0]LogConfig: Setting CVar [[r.AmbientOcclusionRadiusScale:1.0]]
[2019.08.22-14.06.30:874][  0]LogConfig: Setting CVar [[r.DepthOfFieldQuality:2]]
[2019.08.22-14.06.30:874][  0]LogConfig: Setting CVar [[r.RenderTargetPoolMin:400]]
[2019.08.22-14.06.30:874][  0]LogConfig: Setting CVar [[r.LensFlareQuality:2]]
[2019.08.22-14.06.30:874][  0]LogConfig: Setting CVar [[r.SceneColorFringeQuality:1]]
[2019.08.22-14.06.30:874][  0]LogConfig: Setting CVar [[r.EyeAdaptationQuality:2]]
[2019.08.22-14.06.30:874][  0]LogConfig: Setting CVar [[r.BloomQuality:5]]
[2019.08.22-14.06.30:874][  0]LogConfig: Setting CVar [[r.FastBlurThreshold:100]]
[2019.08.22-14.06.30:874][  0]LogConfig: Setting CVar [[r.Upscale.Quality:3]]
[2019.08.22-14.06.30:874][  0]LogConfig: Setting CVar [[r.Tonemapper.GrainQuantization:1]]
[2019.08.22-14.06.30:874][  0]LogConfig: Setting CVar [[r.LightShaftQuality:1]]
[2019.08.22-14.06.30:875][  0]LogConfig: Setting CVar [[r.Filter.SizeScale:1]]
[2019.08.22-14.06.30:875][  0]LogConfig: Setting CVar [[r.Tonemapper.Quality:5]]
[2019.08.22-14.06.30:875][  0]LogConfig: Setting CVar [[r.DOF.Gather.AccumulatorQuality:1        ; higher gathering accumulator quality]]
[2019.08.22-14.06.30:875][  0]LogConfig: Setting CVar [[r.DOF.Gather.PostfilterMethod:1          ; Median3x3 postfilering method]]
[2019.08.22-14.06.30:875][  0]LogConfig: Setting CVar [[r.DOF.Gather.EnableBokehSettings:0       ; no bokeh simulation when gathering]]
[2019.08.22-14.06.30:875][  0]LogConfig: Setting CVar [[r.DOF.Gather.RingCount:4                 ; medium number of samples when gathering]]
[2019.08.22-14.06.30:875][  0]LogConfig: Setting CVar [[r.DOF.Scatter.ForegroundCompositing:1    ; additive foreground scattering]]
[2019.08.22-14.06.30:875][  0]LogConfig: Setting CVar [[r.DOF.Scatter.BackgroundCompositing:2    ; additive background scattering]]
[2019.08.22-14.06.30:875][  0]LogConfig: Setting CVar [[r.DOF.Scatter.EnableBokehSettings:1      ; bokeh simulation when scattering]]
[2019.08.22-14.06.30:875][  0]LogConfig: Setting CVar [[r.DOF.Scatter.MaxSpriteRatio:0.1         ; only a maximum of 10% of scattered bokeh]]
[2019.08.22-14.06.30:875][  0]LogConfig: Setting CVar [[r.DOF.Recombine.Quality:1                ; cheap slight out of focus]]
[2019.08.22-14.06.30:875][  0]LogConfig: Setting CVar [[r.DOF.Recombine.EnableBokehSettings:0    ; no bokeh simulation on slight out of focus]]
[2019.08.22-14.06.30:875][  0]LogConfig: Setting CVar [[r.DOF.TemporalAAQuality:1                ; more stable temporal accumulation]]
[2019.08.22-14.06.30:875][  0]LogConfig: Setting CVar [[r.DOF.Kernel.MaxForegroundRadius:0.025]]
[2019.08.22-14.06.30:875][  0]LogConfig: Setting CVar [[r.DOF.Kernel.MaxBackgroundRadius:0.025]]
[2019.08.22-14.06.30:875][  0]LogConfig: Applying CVar settings from Section [TextureQuality@3] File [D:/Program/Epic Games/Projekt/HowToMakeAVideoGame/HowToMakeAVidoeGame/Saved/Config/Windows/Scalability.ini]
[2019.08.22-14.06.30:875][  0]LogConfig: Setting CVar [[r.Streaming.MipBias:0]]
[2019.08.22-14.06.30:875][  0]LogConfig: Setting CVar [[r.Streaming.AmortizeCPUToGPUCopy:0]]
[2019.08.22-14.06.30:875][  0]LogConfig: Setting CVar [[r.Streaming.MaxNumTexturesToStreamPerFrame:0]]
[2019.08.22-14.06.30:875][  0]LogConfig: Setting CVar [[r.Streaming.Boost:1]]
[2019.08.22-14.06.30:876][  0]LogConfig: Setting CVar [[r.MaxAnisotropy:8]]
[2019.08.22-14.06.30:876][  0]LogConfig: Setting CVar [[r.Streaming.LimitPoolSizeToVRAM:0]]
[2019.08.22-14.06.30:876][  0]LogConfig: Setting CVar [[r.Streaming.PoolSize:1000]]
[2019.08.22-14.06.30:876][  0]LogConfig: Setting CVar [[r.Streaming.MaxEffectiveScreenSize:0]]
[2019.08.22-14.06.30:876][  0]LogConfig: Applying CVar settings from Section [EffectsQuality@3] File [D:/Program/Epic Games/Projekt/HowToMakeAVideoGame/HowToMakeAVidoeGame/Saved/Config/Windows/Scalability.ini]
[2019.08.22-14.06.30:876][  0]LogConfig: Setting CVar [[r.TranslucencyLightingVolumeDim:64]]
[2019.08.22-14.06.30:876][  0]LogConfig: Setting CVar [[r.RefractionQuality:2]]
[2019.08.22-14.06.30:876][  0]LogConfig: Setting CVar [[r.SSR.Quality:3]]
[2019.08.22-14.06.30:876][  0]LogConfig: Setting CVar [[r.SceneColorFormat:4]]
[2019.08.22-14.06.30:876][  0]LogConfig: Setting CVar [[r.DetailMode:2]]
[2019.08.22-14.06.30:876][  0]LogConfig: Setting CVar [[r.TranslucencyVolumeBlur:1]]
[2019.08.22-14.06.30:876][  0]LogConfig: Setting CVar [[r.MaterialQualityLevel:1 ; High quality]]
[2019.08.22-14.06.30:876][  0]LogConfig: Setting CVar [[r.SSS.Scale:1]]
[2019.08.22-14.06.30:876][  0]LogConfig: Setting CVar [[r.SSS.SampleSet:2]]
[2019.08.22-14.06.30:876][  0]LogConfig: Setting CVar [[r.SSS.Quality:1]]
[2019.08.22-14.06.30:876][  0]LogConfig: Setting CVar [[r.SSS.HalfRes:1]]
[2019.08.22-14.06.30:876][  0]LogConfig: Setting CVar [[r.EmitterSpawnRateScale:1.0]]
[2019.08.22-14.06.30:876][  0]LogConfig: Setting CVar [[r.ParticleLightQuality:2]]
[2019.08.22-14.06.30:876][  0]LogConfig: Applying CVar settings from Section [FoliageQuality@3] File [D:/Program/Epic Games/Projekt/HowToMakeAVideoGame/HowToMakeAVidoeGame/Saved/Config/Windows/Scalability.ini]
[2019.08.22-14.06.30:876][  0]LogConfig: Setting CVar [[foliage.DensityScale:1.0]]
[2019.08.22-14.06.30:877][  0]LogConfig: Setting CVar [[grass.DensityScale:1.0]]
[2019.08.22-14.06.30:877][  0]LogInit: Selected Device Profile: [Windows]
[2019.08.22-14.06.30:877][  0]LogInit: Applying CVar settings loaded from the selected device profile: [Windows]
[2019.08.22-14.06.30:937][  0]LogHAL: Display: Platform has ~ 16 GB [17126522880 / 17179869184 / 16], which maps to Larger [LargestMinGB=32, LargerMinGB=12, DefaultMinGB=8, SmallerMinGB=6, SmallestMinGB=0)
[2019.08.22-14.06.30:937][  0]LogConfig: Setting CVar [[r.Vulkan.UseRealUBs:1]]
[2019.08.22-14.06.30:937][  0]LogInit: Going up to parent DeviceProfile []
[2019.08.22-14.06.30:937][  0]LogConfig: Applying CVar settings from Section [ViewDistanceQuality@Cine] File [D:/Program/Epic Games/Projekt/HowToMakeAVideoGame/HowToMakeAVidoeGame/Saved/Config/Windows/Scalability.ini]
[2019.08.22-14.06.30:937][  0]LogConfig: Setting CVar [[r.SkeletalMeshLODBias:0]]
[2019.08.22-14.06.30:937][  0]LogConfig: Setting CVar [[r.ViewDistanceScale:10.0]]
[2019.08.22-14.06.30:937][  0]LogConfig: Applying CVar settings from Section [AntiAliasingQuality@Cine] File [D:/Program/Epic Games/Projekt/HowToMakeAVideoGame/HowToMakeAVidoeGame/Saved/Config/Windows/Scalability.ini]
[2019.08.22-14.06.30:937][  0]LogConfig: Setting CVar [[r.PostProcessAAQuality:6]]
[2019.08.22-14.06.30:937][  0]LogConfig: Applying CVar settings from Section [ShadowQuality@Cine] File [D:/Program/Epic Games/Projekt/HowToMakeAVideoGame/HowToMakeAVidoeGame/Saved/Config/Windows/Scalability.ini]
[2019.08.22-14.06.30:937][  0]LogConfig: Setting CVar [[r.LightFunctionQuality:1]]
[2019.08.22-14.06.30:937][  0]LogConfig: Setting CVar [[r.ShadowQuality:5]]
[2019.08.22-14.06.30:937][  0]LogConfig: Setting CVar [[r.Shadow.CSM.MaxCascades:10]]
[2019.08.22-14.06.30:937][  0]LogConfig: Setting CVar [[r.Shadow.MaxResolution:4096]]
[2019.08.22-14.06.30:937][  0]LogConfig: Setting CVar [[r.Shadow.MaxCSMResolution:4096]]
[2019.08.22-14.06.30:937][  0]LogConfig: Setting CVar [[r.Shadow.RadiusThreshold:0]]
[2019.08.22-14.06.30:937][  0]LogConfig: Setting CVar [[r.Shadow.DistanceScale:1.0]]
[2019.08.22-14.06.30:938][  0]LogConfig: Setting CVar [[r.Shadow.CSM.TransitionScale:1.0]]
[2019.08.22-14.06.30:938][  0]LogConfig: Setting CVar [[r.Shadow.PreShadowResolutionFactor:1.0]]
[2019.08.22-14.06.30:938][  0]LogConfig: Setting CVar [[r.DistanceFieldShadowing:1]]
[2019.08.22-14.06.30:938][  0]LogConfig: Setting CVar [[r.DistanceFieldAO:1]]
[2019.08.22-14.06.30:938][  0]LogConfig: Setting CVar [[r.AOQuality:2]]
[2019.08.22-14.06.30:938][  0]LogConfig: Setting CVar [[r.VolumetricFog:1]]
[2019.08.22-14.06.30:938][  0]LogConfig: Setting CVar [[r.VolumetricFog.GridPixelSize:4]]
[2019.08.22-14.06.30:938][  0]LogConfig: Setting CVar [[r.VolumetricFog.GridSizeZ:128]]
[2019.08.22-14.06.30:938][  0]LogConfig: Setting CVar [[r.VolumetricFog.HistoryMissSupersampleCount:16]]
[2019.08.22-14.06.30:938][  0]LogConfig: Setting CVar [[r.LightMaxDrawDistanceScale:1]]
[2019.08.22-14.06.30:938][  0]LogConfig: Setting CVar [[r.CapsuleShadows:1]]
[2019.08.22-14.06.30:938][  0]LogConfig: Applying CVar settings from Section [PostProcessQuality@Cine] File [D:/Program/Epic Games/Projekt/HowToMakeAVideoGame/HowToMakeAVidoeGame/Saved/Config/Windows/Scalability.ini]
[2019.08.22-14.06.30:938][  0]LogConfig: Setting CVar [[r.MotionBlurQuality:4]]
[2019.08.22-14.06.30:938][  0]LogConfig: Setting CVar [[r.AmbientOcclusionMipLevelFactor:0.4]]
[2019.08.22-14.06.30:938][  0]LogConfig: Setting CVar [[r.AmbientOcclusionMaxQuality:100]]
[2019.08.22-14.06.30:938][  0]LogConfig: Setting CVar [[r.AmbientOcclusionLevels:-1]]
[2019.08.22-14.06.30:938][  0]LogConfig: Setting CVar [[r.AmbientOcclusionRadiusScale:1.0]]
[2019.08.22-14.06.30:938][  0]LogConfig: Setting CVar [[r.DepthOfFieldQuality:4]]
[2019.08.22-14.06.30:938][  0]LogConfig: Setting CVar [[r.RenderTargetPoolMin:1000]]
[2019.08.22-14.06.30:938][  0]LogConfig: Setting CVar [[r.LensFlareQuality:3]]
[2019.08.22-14.06.30:938][  0]LogConfig: Setting CVar [[r.SceneColorFringeQuality:1]]
[2019.08.22-14.06.30:938][  0]LogConfig: Setting CVar [[r.EyeAdaptationQuality:2]]
[2019.08.22-14.06.30:938][  0]LogConfig: Setting CVar [[r.BloomQuality:5]]
[2019.08.22-14.06.30:938][  0]LogConfig: Setting CVar [[r.FastBlurThreshold:100]]
[2019.08.22-14.06.30:938][  0]LogConfig: Setting CVar [[r.Upscale.Quality:3]]
[2019.08.22-14.06.30:938][  0]LogConfig: Setting CVar [[r.Tonemapper.GrainQuantization:1]]
[2019.08.22-14.06.30:938][  0]LogConfig: Setting CVar [[r.LightShaftQuality:1]]
[2019.08.22-14.06.30:938][  0]LogConfig: Setting CVar [[r.Filter.SizeScale:1]]
[2019.08.22-14.06.30:939][  0]LogConfig: Setting CVar [[r.Tonemapper.Quality:5]]
[2019.08.22-14.06.30:939][  0]LogConfig: Setting CVar [[r.DOF.Gather.AccumulatorQuality:1        ; higher gathering accumulator quality]]
[2019.08.22-14.06.30:939][  0]LogConfig: Setting CVar [[r.DOF.Gather.PostfilterMethod:1          ; Median3x3 postfilering method]]
[2019.08.22-14.06.30:939][  0]LogConfig: Setting CVar [[r.DOF.Gather.EnableBokehSettings:1       ; bokeh simulation when gathering]]
[2019.08.22-14.06.30:939][  0]LogConfig: Setting CVar [[r.DOF.Gather.RingCount:5                 ; high number of samples when gathering]]
[2019.08.22-14.06.30:939][  0]LogConfig: Setting CVar [[r.DOF.Scatter.ForegroundCompositing:1    ; additive foreground scattering]]
[2019.08.22-14.06.30:939][  0]LogConfig: Setting CVar [[r.DOF.Scatter.BackgroundCompositing:2    ; background scattering occlusion]]
[2019.08.22-14.06.30:939][  0]LogConfig: Setting CVar [[r.DOF.Scatter.EnableBokehSettings:1      ; no bokeh simulation when scattering]]
[2019.08.22-14.06.30:939][  0]LogConfig: Setting CVar [[r.DOF.Scatter.MaxSpriteRatio:0.1         ; only a maximum of 10% of scattered bokeh]]
[2019.08.22-14.06.30:939][  0]LogConfig: Setting CVar [[r.DOF.Recombine.Quality:2                ; highest slight out of focus]]
[2019.08.22-14.06.30:939][  0]LogConfig: Setting CVar [[r.DOF.Recombine.EnableBokehSettings:1    ; bokeh simulation on slight out of focus]]
[2019.08.22-14.06.30:939][  0]LogConfig: Setting CVar [[r.DOF.TemporalAAQuality:1                ; more stable temporal accumulation]]
[2019.08.22-14.06.30:939][  0]LogConfig: Setting CVar [[r.DOF.Kernel.MaxForegroundRadius:0.025]]
[2019.08.22-14.06.30:939][  0]LogConfig: Setting CVar [[r.DOF.Kernel.MaxBackgroundRadius:0.025]]
[2019.08.22-14.06.30:939][  0]LogConfig: Applying CVar settings from Section [TextureQuality@Cine] File [D:/Program/Epic Games/Projekt/HowToMakeAVideoGame/HowToMakeAVidoeGame/Saved/Config/Windows/Scalability.ini]
[2019.08.22-14.06.30:939][  0]LogConfig: Setting CVar [[r.Streaming.MipBias:0]]
[2019.08.22-14.06.30:939][  0]LogConfig: Setting CVar [[r.Streaming.AmortizeCPUToGPUCopy:0]]
[2019.08.22-14.06.30:939][  0]LogConfig: Setting CVar [[r.Streaming.MaxNumTexturesToStreamPerFrame:0]]
[2019.08.22-14.06.30:939][  0]LogConfig: Setting CVar [[r.Streaming.Boost:1]]
[2019.08.22-14.06.30:939][  0]LogConfig: Setting CVar [[r.MaxAnisotropy:8]]
[2019.08.22-14.06.30:939][  0]LogConfig: Setting CVar [[r.Streaming.LimitPoolSizeToVRAM:0]]
[2019.08.22-14.06.30:939][  0]LogConfig: Setting CVar [[r.Streaming.PoolSize:3000]]
[2019.08.22-14.06.30:939][  0]LogConfig: Setting CVar [[r.Streaming.MaxEffectiveScreenSize:0]]
[2019.08.22-14.06.30:939][  0]LogConfig: Applying CVar settings from Section [EffectsQuality@1] File [D:/Program/Epic Games/Projekt/HowToMakeAVideoGame/HowToMakeAVidoeGame/Saved/Config/Windows/Scalability.ini]
[2019.08.22-14.06.30:939][  0]LogConfig: Setting CVar [[r.TranslucencyLightingVolumeDim:32]]
[2019.08.22-14.06.30:939][  0]LogConfig: Setting CVar [[r.RefractionQuality:0]]
[2019.08.22-14.06.30:939][  0]LogConfig: Setting CVar [[r.SSR.Quality:0]]
[2019.08.22-14.06.30:939][  0]LogConfig: Setting CVar [[r.SceneColorFormat:3]]
[2019.08.22-14.06.30:940][  0]LogConfig: Setting CVar [[r.DetailMode:1]]
[2019.08.22-14.06.30:940][  0]LogConfig: Setting CVar [[r.TranslucencyVolumeBlur:0]]
[2019.08.22-14.06.30:940][  0]LogConfig: Setting CVar [[r.MaterialQualityLevel:2 ; Medium quality]]
[2019.08.22-14.06.30:940][  0]LogConfig: Setting CVar [[r.SSS.Scale:0.75]]
[2019.08.22-14.06.30:940][  0]LogConfig: Setting CVar [[r.SSS.SampleSet:0]]
[2019.08.22-14.06.30:940][  0]LogConfig: Setting CVar [[r.SSS.Quality:0]]
[2019.08.22-14.06.30:940][  0]LogConfig: Setting CVar [[r.SSS.HalfRes:1]]
[2019.08.22-14.06.30:940][  0]LogConfig: Setting CVar [[r.EmitterSpawnRateScale:0.25]]
[2019.08.22-14.06.30:940][  0]LogConfig: Setting CVar [[r.ParticleLightQuality:0]]
[2019.08.22-14.06.30:940][  0]LogConfig: Applying CVar settings from Section [FoliageQuality@Cine] File [D:/Program/Epic Games/Projekt/HowToMakeAVideoGame/HowToMakeAVidoeGame/Saved/Config/Windows/Scalability.ini]
[2019.08.22-14.06.30:940][  0]LogConfig: Setting CVar [[foliage.DensityScale:1.0]]
[2019.08.22-14.06.30:940][  0]LogConfig: Setting CVar [[grass.DensityScale:1.0]]
[2019.08.22-14.06.30:940][  0]LogConfig: Applying CVar settings from Section [Startup] File [../../../Engine/Config/ConsoleVariables.ini]
[2019.08.22-14.06.30:940][  0]LogConfig: Setting CVar [[net.UseAdaptiveNetUpdateFrequency:0]]
[2019.08.22-14.06.30:940][  0]LogConfig: Applying CVar settings from Section [ConsoleVariables] File [D:/Program/Epic Games/Projekt/HowToMakeAVideoGame/HowToMakeAVidoeGame/Saved/Config/Windows/Engine.ini]
[2019.08.22-14.06.30:941][  0]LogInit: Computer: DESKTOP-2CAIND6
[2019.08.22-14.06.30:941][  0]LogInit: User: Pontus
[2019.08.22-14.06.30:941][  0]LogInit: CPU Page size=4096, Cores=4
[2019.08.22-14.06.30:941][  0]LogInit: High frequency timer resolution =10.000000 MHz
[2019.08.22-14.06.30:941][  0]LogMemory: Memory total: Physical=16.0GB (16GB approx)
[2019.08.22-14.06.30:941][  0]LogMemory: Platform Memory Stats for Windows
[2019.08.22-14.06.30:941][  0]LogMemory: Process Physical Memory: 104.77 MB used, 104.77 MB peak
[2019.08.22-14.06.30:941][  0]LogMemory: Process Virtual Memory: 101.98 MB used, 101.98 MB peak
[2019.08.22-14.06.30:941][  0]LogMemory: Physical Memory: 5973.81 MB used,  10359.32 MB free, 16333.13 MB total
[2019.08.22-14.06.30:941][  0]LogMemory: Virtual Memory: 4646.25 MB used,  134213080.00 MB free, 134217728.00 MB total
[2019.08.22-14.06.30:977][  0]LogInit: Using OS detected language (sv-SE).
[2019.08.22-14.06.30:977][  0]LogInit: Using OS detected locale (sv-SE).
[2019.08.22-14.06.30:978][  0]LogTextLocalizationManager: No localization for 'sv-SE' exists, so 'en' will be used for the language.
[2019.08.22-14.06.31:308][  0]LogStreaming: Display: Took  0.332s to InitEngineTextLocalization.
[2019.08.22-14.06.31:308][  0]LogInit: Setting process to per monitor DPI aware
[2019.08.22-14.06.31:344][  0]LogSlate: New Slate User Created.  User Index 0, Is Virtual User: 0
[2019.08.22-14.06.31:344][  0]LogSlate: Slate User Registered.  User Index 0, Is Virtual User: 0
[2019.08.22-14.06.31:591][  0]LogHMD: Failed to initialize OpenVR with code 110
[2019.08.22-14.06.31:591][  0]LogD3D11RHI: D3D11 adapters:
[2019.08.22-14.06.31:637][  0]LogD3D11RHI:    0. 'NVIDIA GeForce GTX 1070' (Feature Level 11_0)
[2019.08.22-14.06.31:637][  0]LogD3D11RHI:       8088/0/8166 MB DedicatedVideo/DedicatedSystem/SharedSystem, Outputs:1, VendorId:0x10de
[2019.08.22-14.06.31:639][  0]LogD3D11RHI:    1. 'Microsoft Basic Render Driver' (Feature Level 11_0)
[2019.08.22-14.06.31:639][  0]LogD3D11RHI:       0/0/8166 MB DedicatedVideo/DedicatedSystem/SharedSystem, Outputs:0, VendorId:0x1414
[2019.08.22-14.06.31:639][  0]LogD3D11RHI: Chosen D3D11 Adapter: 0
[2019.08.22-14.06.31:645][  0]LogD3D11RHI: Creating new Direct3DDevice
[2019.08.22-14.06.31:645][  0]LogD3D11RHI:     GPU DeviceId: 0x1b81 (for the marketing name, search the web for "GPU Device Id")
[2019.08.22-14.06.31:645][  0]LogWindows: EnumDisplayDevices:
[2019.08.22-14.06.31:645][  0]LogWindows:    0. 'NVIDIA GeForce GTX 1070' (P:1 D:1)
[2019.08.22-14.06.31:645][  0]LogWindows:    1. 'NVIDIA GeForce GTX 1070' (P:0 D:0)
[2019.08.22-14.06.31:646][  0]LogWindows:    2. 'NVIDIA GeForce GTX 1070' (P:0 D:0)
[2019.08.22-14.06.31:646][  0]LogWindows:    3. 'NVIDIA GeForce GTX 1070' (P:0 D:0)
[2019.08.22-14.06.31:646][  0]LogWindows: DebugString: FoundDriverCount:4 
[2019.08.22-14.06.31:646][  0]LogD3D11RHI:     Adapter Name: NVIDIA GeForce GTX 1070
[2019.08.22-14.06.31:646][  0]LogD3D11RHI:   Driver Version: 431.60 (internal:26.21.14.3160, unified:431.60)
[2019.08.22-14.06.31:646][  0]LogD3D11RHI:      Driver Date: 7-17-2019
[2019.08.22-14.06.31:646][  0]LogRHI: Texture pool is 5661 MB (70% of 8088 MB)
[2019.08.22-14.06.31:678][  0]LogD3D11RHI: Async texture creation enabled
[2019.08.22-14.06.31:692][  0]LogD3D11RHI: GPU Timing Frequency: 1000.000000 (Debug: 2 1)
[2019.08.22-14.06.32:015][  0]LogTemp: Display: Loaded TP AllDesktopTargetPlatform
[2019.08.22-14.06.32:025][  0]LogTemp: Display: Loaded TP MacClientTargetPlatform
[2019.08.22-14.06.32:035][  0]LogTemp: Display: Loaded TP MacNoEditorTargetPlatform
[2019.08.22-14.06.32:045][  0]LogTemp: Display: Loaded TP MacServerTargetPlatform
[2019.08.22-14.06.32:055][  0]LogTemp: Display: Loaded TP MacTargetPlatform
[2019.08.22-14.06.32:066][  0]LogTemp: Display: Loaded TP WindowsClientTargetPlatform
[2019.08.22-14.06.32:076][  0]LogTemp: Display: Loaded TP WindowsNoEditorTargetPlatform
[2019.08.22-14.06.32:086][  0]LogTemp: Display: Loaded TP WindowsServerTargetPlatform
[2019.08.22-14.06.32:090][  0]LogTemp: Display: Loaded TP WindowsTargetPlatform
[2019.08.22-14.06.32:151][  0]LogTemp: Display: Loaded TP AndroidTargetPlatform
[2019.08.22-14.06.32:151][  0]LogTemp: Display: Loaded TP AndroidTargetPlatform
[2019.08.22-14.06.32:151][  0]LogTemp: Display: Loaded TP AndroidTargetPlatform
[2019.08.22-14.06.32:151][  0]LogTemp: Display: Loaded TP AndroidTargetPlatform
[2019.08.22-14.06.32:151][  0]LogTemp: Display: Loaded TP AndroidTargetPlatform
[2019.08.22-14.06.32:151][  0]LogTemp: Display: Loaded TP AndroidTargetPlatform
[2019.08.22-14.06.32:151][  0]LogTemp: Display: Loaded TP AndroidTargetPlatform
[2019.08.22-14.06.32:151][  0]LogTemp: Display: Loaded TP AndroidTargetPlatform
[2019.08.22-14.06.32:151][  0]LogTemp: Display: Loaded TP AndroidTargetPlatform
[2019.08.22-14.06.32:151][  0]LogTemp: Display: Loaded TP AndroidTargetPlatform
[2019.08.22-14.06.32:151][  0]LogTemp: Display: Loaded TP AndroidTargetPlatform
[2019.08.22-14.06.32:151][  0]LogTemp: Display: Loaded TP AndroidTargetPlatform
[2019.08.22-14.06.32:151][  0]LogTemp: Display: Loaded TP AndroidTargetPlatform
[2019.08.22-14.06.32:151][  0]LogTemp: Display: Loaded TP AndroidTargetPlatform
[2019.08.22-14.06.32:151][  0]LogTemp: Display: Loaded TP AndroidTargetPlatform
[2019.08.22-14.06.32:151][  0]LogTemp: Display: Loaded TP AndroidTargetPlatform
[2019.08.22-14.06.32:151][  0]LogTemp: Display: Loaded TP AndroidTargetPlatform
[2019.08.22-14.06.32:151][  0]LogTemp: Display: Loaded TP AndroidTargetPlatform
[2019.08.22-14.06.32:152][  0]LogTemp: Display: Loaded TP HTML5TargetPlatform
[2019.08.22-14.06.32:208][  0]LogTemp: Display: Loaded TP IOSTargetPlatform
[2019.08.22-14.06.32:208][  0]LogTemp: Display: Loaded TP IOSTargetPlatform
[2019.08.22-14.06.32:247][  0]LogTemp: Display: Loaded TP TVOSTargetPlatform
[2019.08.22-14.06.32:247][  0]LogTemp: Display: Loaded TP TVOSTargetPlatform
[2019.08.22-14.06.32:261][  0]LogTemp: Display: Loaded TP LinuxClientTargetPlatform
[2019.08.22-14.06.32:274][  0]LogTemp: Display: Loaded TP LinuxNoEditorTargetPlatform
[2019.08.22-14.06.32:288][  0]LogTemp: Display: Loaded TP LinuxServerTargetPlatform
[2019.08.22-14.06.32:300][  0]LogTemp: Display: Loaded TP LinuxTargetPlatform
[2019.08.22-14.06.32:338][  0]LogTemp: Display: Loaded TP LuminTargetPlatform
[2019.08.22-14.06.32:338][  0]LogTemp: Display: Loaded TP LuminTargetPlatform
[2019.08.22-14.06.32:338][  0]LogTargetPlatformManager: Display: Building Assets For Windows
[2019.08.22-14.06.32:372][  0]LogShaderCompilers: Guid format shader working directory is -15 characters bigger than the processId version (../../../../../../Projekt/HowToMakeAVideoGame/HowToMakeAVidoeGame/Intermediate/Shaders/WorkingDirectory/6280/).
[2019.08.22-14.06.32:373][  0]LogShaderCompilers: Cleaned the shader compiler working directory 'C:/Users/Greattech/AppData/Local/Temp/UnrealShaderWorkingDir/E86261E141083DDF9C4C69BCA9B1A4A8/'.
[2019.08.22-14.06.32:374][  0]LogXGEController: Cannot use XGE Controller as Incredibuild is not installed on this machine.
[2019.08.22-14.06.32:374][  0]LogShaderCompilers: Cannot use XGE Shader Compiler as Incredibuild is not installed on this machine.
[2019.08.22-14.06.32:374][  0]LogShaderCompilers: Display: Using Local Shader Compiler.
[2019.08.22-14.06.32:834][  0]LogDerivedDataCache: Display: Max Cache Size: 512 MB
[2019.08.22-14.06.32:883][  0]LogDerivedDataCache: Loaded boot cache 0.05s 71MB C:/Users/Greattech/AppData/Local/UnrealEngine/4.21/DerivedDataCache/Boot.ddc.
[2019.08.22-14.06.32:883][  0]LogDerivedDataCache: Display: Loaded Boot cache: C:/Users/Greattech/AppData/Local/UnrealEngine/4.21/DerivedDataCache/Boot.ddc
[2019.08.22-14.06.32:883][  0]LogDerivedDataCache: FDerivedDataBackendGraph:  Pak pak cache file ../../../../../../Projekt/HowToMakeAVideoGame/HowToMakeAVidoeGame/DerivedDataCache/DDC.ddp not found, will not use a pak cache.
[2019.08.22-14.06.32:883][  0]LogDerivedDataCache: Unable to find inner node Pak for hierarchical cache Hierarchy.
[2019.08.22-14.06.32:883][  0]LogDerivedDataCache: FDerivedDataBackendGraph:  CompressedPak pak cache file ../../../../../../Projekt/HowToMakeAVideoGame/HowToMakeAVidoeGame/DerivedDataCache/Compressed.ddp not found, will not use a pak cache.
[2019.08.22-14.06.32:883][  0]LogDerivedDataCache: Unable to find inner node CompressedPak for hierarchical cache Hierarchy.
[2019.08.22-14.06.32:896][  0]LogDerivedDataCache: Display: Pak cache opened for reading ../../../Engine/DerivedDataCache/Compressed.ddp.
[2019.08.22-14.06.32:896][  0]LogDerivedDataCache: FDerivedDataBackendGraph:  EnterprisePak pak cache file ../../../Enterprise/DerivedDataCache/Compressed.ddp not found, will not use a pak cache.
[2019.08.22-14.06.32:896][  0]LogDerivedDataCache: Unable to find inner node EnterprisePak for hierarchical cache Hierarchy.
[2019.08.22-14.06.32:908][  0]LogDerivedDataCache: Using Local data cache path C:/Users/Greattech/AppData/Local/UnrealEngine/Common/DerivedDataCache: Writable
[2019.08.22-14.06.32:908][  0]LogDerivedDataCache: Shared data cache path not found in *engine.ini, will not use an Shared cache.
[2019.08.22-14.06.32:908][  0]LogDerivedDataCache: Unable to find inner node Shared for hierarchical cache Hierarchy.
[2019.08.22-14.06.32:933][  0]LogMaterial: Verifying Global Shaders for PCD3D_SM5
[2019.08.22-14.06.32:936][  0]LogSlate: Using FreeType 2.6.0
[2019.08.22-14.06.32:937][  0]LogSlate: SlateFontServices - WITH_FREETYPE: 1, WITH_HARFBUZZ: 1
[2019.08.22-14.06.33:026][  0]LogAssetRegistry: FAssetRegistry took 0.0316 seconds to start up
[2019.08.22-14.06.33:283][  0]LogInit: Selected Device Profile: [Windows]
[2019.08.22-14.06.33:411][  0]LogSimplygon: Simplygon DLL not present - disabling.
[2019.08.22-14.06.33:413][  0]LogMeshReduction: Using SimplygonSwarm for distributed automatic mesh merging
[2019.08.22-14.06.33:413][  0]LogMeshReduction: Using ProxyLODMeshReduction for automatic mesh merging
[2019.08.22-14.06.33:413][  0]LogMeshReduction: Using QuadricMeshReduction for automatic static mesh reduction
[2019.08.22-14.06.33:413][  0]LogMeshReduction: No automatic skeletal mesh reduction module available
[2019.08.22-14.06.33:426][  0]LogNetVersion: HowToMakeAVidoeGame 1.0.0, NetCL: 4541578, EngineNetVer: 5, GameNetVer: 0 (Checksum: 597629568)
[2019.08.22-14.06.34:198][  0]LogPackageLocalizationCache: Processed 11 localized package path(s) for 1 prioritized culture(s) in 0.208758 seconds
[2019.08.22-14.06.34:204][  0]LogUObjectArray: 39775 objects as part of root set at end of initial load.
[2019.08.22-14.06.34:204][  0]LogUObjectAllocator: 6914656 out of 0 bytes used by permanent object pool.
[2019.08.22-14.06.34:204][  0]LogUObjectArray: CloseDisregardForGC: 0/0 objects in disregard for GC pool
[2019.08.22-14.06.35:014][  0]LogTcpMessaging: Initializing TcpMessaging bridge
[2019.08.22-14.06.35:028][  0]LogUdpMessaging: Initializing bridge on interface 0.0.0.0:0 to multicast group 230.0.0.1:6666.
[2019.08.22-14.06.35:665][  0]SourceControl: Source control is disabled
[2019.08.22-14.06.35:666][  0]SourceControl: Source control is disabled
[2019.08.22-14.06.35:666][  0]SourceControl: Source control is disabled
[2019.08.22-14.06.35:667][  0]SourceControl: Source control is disabled
[2019.08.22-14.06.35:839][  0]LogAndroidPermission: UAndroidPermissionCallbackProxy::GetInstance
[2019.08.22-14.06.35:933][  0]LogOcInput: OculusInput pre-init called
[2019.08.22-14.06.36:114][  0]LogEngine: Initializing Engine...
[2019.08.22-14.06.36:115][  0]LogHMD: Failed to initialize OpenVR with code 110
[2019.08.22-14.06.36:117][  0]LogStats: UGameplayTagsManager::ConstructGameplayTagTree: ImportINI prefixes -  0.000 s
[2019.08.22-14.06.36:117][  0]LogStats: UGameplayTagsManager::ConstructGameplayTagTree: Construct from data asset -  0.000 s
[2019.08.22-14.06.36:117][  0]LogStats: UGameplayTagsManager::ConstructGameplayTagTree: ImportINI -  0.000 s
[2019.08.22-14.06.36:117][  0]LogStats: UGameplayTagsManager::ConstructGameplayTagTree: GameplayTagTreeChangedEvent.Broadcast -  0.000 s
[2019.08.22-14.06.36:355][  0]LogInit: Initializing FReadOnlyCVARCache
[2019.08.22-14.06.36:367][  0]LogAIModule: Creating AISystem for world Untitled
[2019.08.22-14.06.36:393][  0]LogInit: XAudio2 using 'Hörlurar (High Definition Audio Device)' : 2 channels at 44.1 kHz using 16 bits per sample (channel mask 0x3)
[2019.08.22-14.06.36:409][  0]LogInit: FAudioDevice initialized.
[2019.08.22-14.06.36:409][  0]LogNetVersion: Set ProjectVersion to 1.0.0.0. Version Checksum will be recalculated on next use.
[2019.08.22-14.06.36:483][  0]LogDerivedDataCache: Saved boot cache 0.07s 71MB C:/Users/Greattech/AppData/Local/UnrealEngine/4.21/DerivedDataCache/Boot.ddc.
[2019.08.22-14.06.36:492][  0]LogInit: Texture streaming: Enabled
[2019.08.22-14.06.36:512][  0]LogEngineSessionManager: EngineSessionManager initialized
[2019.08.22-14.06.36:538][  0]LogInit: Transaction tracking system initialized
[2019.08.22-14.06.36:556][  0]BlueprintLog: New page: Editor Load
[2019.08.22-14.06.36:645][  0]LocalizationService: Localization service is disabled
[2019.08.22-14.06.37:563][  0]LogFileCache: Scanning file cache for directory 'D:/Program/Epic Games/Projekt/HowToMakeAVideoGame/HowToMakeAVidoeGame/Content/' took 0.02s
[2019.08.22-14.06.37:563][  0]LogCook: Display: Max memory allowance for cook 16384mb min free memory 0mb
[2019.08.22-14.06.37:563][  0]LogCook: Display: Mobile HDR setting 0
[2019.08.22-14.06.37:563][  0]LogGameplayTags: Display: UGameplayTagsManager::DoneAddingNativeTags. DelegateIsBound: 0
[2019.08.22-14.06.37:563][  0]LogStats: UGameplayTagsManager::ConstructGameplayTagTree: ImportINI prefixes -  0.000 s
[2019.08.22-14.06.37:563][  0]LogStats: UGameplayTagsManager::ConstructGameplayTagTree: Construct from data asset -  0.000 s
[2019.08.22-14.06.37:563][  0]LogStats: UGameplayTagsManager::ConstructGameplayTagTree: ImportINI -  0.000 s
[2019.08.22-14.06.37:563][  0]LogStats: UGameplayTagsManager::ConstructGameplayTagTree: GameplayTagTreeChangedEvent.Broadcast -  0.000 s
[2019.08.22-14.06.37:659][  0]SourceControl: Source control is disabled
[2019.08.22-14.06.37:659][  0]Cmd: MAP LOAD FILE="../../../../../../Projekt/HowToMakeAVideoGame/HowToMakeAVidoeGame/Content/Levels/Level1.umap" TEMPLATE=0 SHOWPROGRESS=1 FEATURELEVEL=3
[2019.08.22-14.06.37:659][  0]LightingResults: New page: Lighting Build
[2019.08.22-14.06.37:661][  0]MapCheck: New page: Map Check
[2019.08.22-14.06.37:661][  0]LightingResults: New page: Lighting Build
[2019.08.22-14.06.38:194][  0]LogAIModule: Creating AISystem for world Level1
[2019.08.22-14.06.38:217][  0]LogEditorServer: Finished looking for orphan Actors (0.000 secs)
[2019.08.22-14.06.38:238][  0]Cmd: MAP CHECKDEP NOCLEARLOG
[2019.08.22-14.06.38:238][  0]MapCheck: Map check complete: 0 Error(s), 0 Warning(s), took 0,081ms to complete.
[2019.08.22-14.06.38:238][  0]LogFileHelpers: Loading map 'Level1' took 0.579
[2019.08.22-14.06.38:327][  0]LogSlate: Updating window title bar state: overlay mode, drag disabled, window buttons hidden, title bar hidden
[2019.08.22-14.06.38:334][  0]LogSlate: Updating window title bar state: overlay mode, drag disabled, window buttons hidden, title bar hidden
[2019.08.22-14.06.38:339][  0]LogSlate: Updating window title bar state: overlay mode, drag disabled, window buttons hidden, title bar hidden
[2019.08.22-14.06.38:345][  0]LogSlate: Updating window title bar state: overlay mode, drag disabled, window buttons hidden, title bar hidden
[2019.08.22-14.06.38:349][  0]LogCollectionManager: Loaded 0 collections in 0.000771 seconds
[2019.08.22-14.06.38:391][  0]LogFileCache: Scanning file cache for directory 'D:/Program/Epic Games/Projekt/HowToMakeAVideoGame/HowToMakeAVidoeGame/Saved/Collections/' took 0.01s
[2019.08.22-14.06.38:391][  0]LogFileCache: Scanning file cache for directory 'D:/Program/Epic Games/Projekt/HowToMakeAVideoGame/HowToMakeAVidoeGame/Content/Developers/Pontus/Collections/' took 0.01s
[2019.08.22-14.06.38:392][  0]LogFileCache: Scanning file cache for directory 'D:/Program/Epic Games/Projekt/HowToMakeAVideoGame/HowToMakeAVidoeGame/Content/Collections/' took 0.01s
[2019.08.22-14.06.38:392][  0]LogCollectionManager: Rebuilt the GUID cache for 0 collections in 0.000001 seconds
[2019.08.22-14.06.38:410][  0]LogContentBrowser: Native class hierarchy populated in 0.0178 seconds. Added 2651 classes and 620 folders.
[2019.08.22-14.06.38:419][  0]LogContentBrowser: Native class hierarchy updated for 'WidgetCarousel' in 0.0006 seconds. Added 0 classes and 0 folders.
[2019.08.22-14.06.38:423][  0]LogPakFile: Registered encryption key '00000000000000000000000000000000': 0 pak files mounted, 0 remain pending
[2019.08.22-14.06.38:424][  0]LogPakFile: Registered encryption key '00000000000000000000000000000000': 0 pak files mounted, 0 remain pending
[2019.08.22-14.06.38:426][  0]LogPakFile: Registered encryption key '00000000000000000000000000000000': 0 pak files mounted, 0 remain pending
[2019.08.22-14.06.38:427][  0]LogPakFile: Registered encryption key '00000000000000000000000000000000': 0 pak files mounted, 0 remain pending
[2019.08.22-14.06.38:428][  0]LogPakFile: Registered encryption key '00000000000000000000000000000000': 0 pak files mounted, 0 remain pending
[2019.08.22-14.06.38:430][  0]LogPakFile: Registered encryption key '00000000000000000000000000000000': 0 pak files mounted, 0 remain pending
[2019.08.22-14.06.38:431][  0]LogPakFile: Registered encryption key '00000000000000000000000000000000': 0 pak files mounted, 0 remain pending
[2019.08.22-14.06.38:433][  0]LogPakFile: Registered encryption key '00000000000000000000000000000000': 0 pak files mounted, 0 remain pending
[2019.08.22-14.06.38:435][  0]LogPakFile: Registered encryption key '00000000000000000000000000000000': 0 pak files mounted, 0 remain pending
[2019.08.22-14.06.38:436][  0]LogPakFile: Registered encryption key '00000000000000000000000000000000': 0 pak files mounted, 0 remain pending
[2019.08.22-14.06.38:437][  0]LogPakFile: Registered encryption key '00000000000000000000000000000000': 0 pak files mounted, 0 remain pending
[2019.08.22-14.06.38:439][  0]LogPakFile: Registered encryption key '00000000000000000000000000000000': 0 pak files mounted, 0 remain pending
[2019.08.22-14.06.38:440][  0]LogPakFile: Registered encryption key '00000000000000000000000000000000': 0 pak files mounted, 0 remain pending
[2019.08.22-14.06.38:441][  0]LogPakFile: Registered encryption key '00000000000000000000000000000000': 0 pak files mounted, 0 remain pending
[2019.08.22-14.06.38:442][  0]LogPakFile: Registered encryption key '00000000000000000000000000000000': 0 pak files mounted, 0 remain pending
[2019.08.22-14.06.38:443][  0]LogPakFile: Registered encryption key '00000000000000000000000000000000': 0 pak files mounted, 0 remain pending
[2019.08.22-14.06.38:443][  0]LogPakFile: Registered encryption key '00000000000000000000000000000000': 0 pak files mounted, 0 remain pending
[2019.08.22-14.06.38:444][  0]LogPakFile: Registered encryption key '00000000000000000000000000000000': 0 pak files mounted, 0 remain pending
[2019.08.22-14.06.38:445][  0]LogPakFile: Registered encryption key '00000000000000000000000000000000': 0 pak files mounted, 0 remain pending
[2019.08.22-14.06.38:446][  0]LogPakFile: Registered encryption key '00000000000000000000000000000000': 0 pak files mounted, 0 remain pending
[2019.08.22-14.06.38:446][  0]LogPakFile: Registered encryption key '00000000000000000000000000000000': 0 pak files mounted, 0 remain pending
[2019.08.22-14.06.38:447][  0]LogPakFile: Registered encryption key '00000000000000000000000000000000': 0 pak files mounted, 0 remain pending
[2019.08.22-14.06.38:448][  0]LogPakFile: Registered encryption key '00000000000000000000000000000000': 0 pak files mounted, 0 remain pending
[2019.08.22-14.06.38:449][  0]LogPakFile: Registered encryption key '00000000000000000000000000000000': 0 pak files mounted, 0 remain pending
[2019.08.22-14.06.38:449][  0]LogPakFile: Registered encryption key '00000000000000000000000000000000': 0 pak files mounted, 0 remain pending
[2019.08.22-14.06.38:450][  0]LogPakFile: Registered encryption key '00000000000000000000000000000000': 0 pak files mounted, 0 remain pending
[2019.08.22-14.06.38:488][  0]LogContentBrowser: Native class hierarchy updated for 'AddContentDialog' in 0.0002 seconds. Added 0 classes and 0 folders.
[2019.08.22-14.06.38:491][  0]LogContentBrowser: Native class hierarchy updated for 'SceneOutliner' in 0.0002 seconds. Added 1 classes and 2 folders.
[2019.08.22-14.06.39:493][  0]LogSlate: Only BGRA pngs, bmps or icos are supported in by External Image Picker
[2019.08.22-14.06.39:548][  0]LogTemp: Executing iPhonePackager certificates Engine -bundlename com.YourCompany.HowToMakeAVidoeGame
[2019.08.22-14.06.39:548][  0]LogTemp: CWD: D:\Program\Epic Games\Epic Games\Nya versioner\UE_4.21\Engine\Binaries\DotNET\IOS
[2019.08.22-14.06.39:548][  0]LogTemp: Initial Dir: D:\Program\Epic Games\Epic Games\Nya versioner\UE_4.21
[2019.08.22-14.06.39:548][  0]LogTemp: Env CWD: D:\Program\Epic Games\Epic Games\Nya versioner\UE_4.21\Engine\Binaries\DotNET\IOS
[2019.08.22-14.06.39:548][  0]LogSlate: Took 0.000159 seconds to synchronously load lazily loaded font '../../../Engine/Content/Slate/Fonts/Roboto-Regular.ttf' (155K)
[2019.08.22-14.06.39:945][  0]LogTemp: BranchPath = DESKTOP-2CAIND6/D/Program/Epic Games/Epic Games/Nya versioner/UE_4.21/Engine/Binaries --- GameBranchPath = DESKTOP-2CAIND6/D/Program/Epic Games/Epic Games/Nya versioner/UE_4.21/Engine/Binaries
[2019.08.22-14.06.39:945][  0]LogTemp: IPP ERROR: Could not find provision directory 'C:\Users\Greattech\AppData\Local/Apple Computer/MobileDevice/Provisioning Profiles/'.
[2019.08.22-14.06.39:945][  0]LogSlate: Took 0.000382 seconds to synchronously load lazily loaded font '../../../Engine/Content/Slate/Fonts/Roboto-Bold.ttf' (160K)
[2019.08.22-14.06.39:954][  0]LogSlate: Took 0.000320 seconds to synchronously load lazily loaded font '../../../Engine/Content/Editor/Slate/Fonts/FontAwesome.ttf' (139K)
[2019.08.22-14.06.40:025][  0]LogRenderer: Reallocating scene render targets to support 1592x904 Format 9 NumSamples 1 (Frame:1).
[2019.08.22-14.06.40:121][  0]LogContentBrowser: Native class hierarchy updated for 'HierarchicalLODOutliner' in 0.0003 seconds. Added 0 classes and 0 folders.
[2019.08.22-14.06.40:121][  0]LogLoad: (Engine Initialization) Total time: 11.70 seconds
[2019.08.22-14.06.40:121][  0]LogLoad: (Engine Initialization) Total Blueprint compile time: 0.00 seconds
[2019.08.22-14.06.40:180][  0]LogContentStreaming: Texture pool size now 3000 MB
[2019.08.22-14.06.40:226][  1]LogAssetRegistry: Asset discovery search completed in 7.2230 seconds
[2019.08.22-14.06.40:228][  1]LogCollectionManager: Rebuilt the object cache for 0 collections in 0.000000 seconds (found 0 objects)
[2019.08.22-14.06.40:228][  1]LogCollectionManager: Fixed up redirectors for 0 collections in 0.000062 seconds (updated 0 objects)
[2019.08.22-14.06.52:697][ 99]LogSlate: FSceneViewport::OnFocusLost() reason 2
[2019.08.22-14.06.54:355][265]LogTemp: Repeating last play command: New Editor Window (PIE)
[2019.08.22-14.06.54:367][265]LogBlueprintUserMessages: Early PlayInEditor Detection: Level '/Game/Levels/Level1.Level1:PersistentLevel' has LevelScriptBlueprint '/Game/Levels/Level1.Level1:PersistentLevel.Level1' with GeneratedClass '/Game/Levels/Level1.Level1_C' with ClassGeneratedBy '/Game/Levels/Level1.Level1:PersistentLevel.Level1'
[2019.08.22-14.06.54:367][265]LogPlayLevel: PlayLevel: No blueprints needed recompiling
[2019.08.22-14.06.54:368][265]PIE: New page: PIE session: Level1 (22 aug 2019 18:06:54)
[2019.08.22-14.06.54:380][265]LogPlayLevel: Creating play world package: /Game/Levels/UEDPIE_0_Level1
[2019.08.22-14.06.54:385][265]LogPlayLevel: PIE: StaticDuplicateObject took: (0.005873s)
[2019.08.22-14.06.54:385][265]LogAIModule: Creating AISystem for world Level1
[2019.08.22-14.06.54:386][265]LogPlayLevel: PIE: World Init took: (0.000684s)
[2019.08.22-14.06.54:386][265]LogPlayLevel: PIE: Created PIE world by copying editor world from /Game/Levels/Level1.Level1 to /Game/Levels/UEDPIE_0_Level1.Level1 (0.006898s)
[2019.08.22-14.06.54:420][265]LogInit: XAudio2 using 'Hörlurar (High Definition Audio Device)' : 2 channels at 44.1 kHz using 16 bits per sample (channel mask 0x3)
[2019.08.22-14.06.54:432][265]LogInit: FAudioDevice initialized.
[2019.08.22-14.06.54:450][265]LogSlate: Updating window title bar state: overlay mode, drag disabled, window buttons hidden, title bar hidden
[2019.08.22-14.06.54:533][265]LogLoad: Game class is 'BOGameMode_C'
[2019.08.22-14.06.54:536][265]LogWorld: Bringing World /Game/Levels/UEDPIE_0_Level1.Level1 up for play (max tick rate 0) at 2019.08.22-16.06.54
[2019.08.22-14.06.54:551][265]LogWorld: Bringing up level for play took: 0.016800
[2019.08.22-14.06.54:566][265]LogContentBrowser: Native class hierarchy updated for 'MovieSceneCapture' in 0.0003 seconds. Added 20 classes and 0 folders.
[2019.08.22-14.06.54:602][265]PIE: Play in editor start time for /Game/Levels/UEDPIE_0_Level1 −0,689
[2019.08.22-14.06.54:602][265]LogBlueprintUserMessages: Late PlayInEditor Detection: Level '/Game/Levels/Level1.Level1:PersistentLevel' has LevelScriptBlueprint '/Game/Levels/Level1.Level1:PersistentLevel.Level1' with GeneratedClass '/Game/Levels/Level1.Level1_C' with ClassGeneratedBy '/Game/Levels/Level1.Level1:PersistentLevel.Level1'
[2019.08.22-14.07.03:294][235]LogSlate: FSceneViewport::OnFocusLost() reason 2
[2019.08.22-14.07.05:691][486]LogSlate: Window 'HowToMakeAVidoeGame Game Preview Standalone (64-bit/PCD3D_SM5)' being destroyed
[2019.08.22-14.07.05:894][486]LogBlueprintUserMessages: Early EndPlayMap Detection: Level '/Game/Levels/Level1.Level1:PersistentLevel' has LevelScriptBlueprint '/Game/Levels/Level1.Level1:PersistentLevel.Level1' with GeneratedClass '/Game/Levels/Level1.Level1_C' with ClassGeneratedBy '/Game/Levels/Level1.Level1:PersistentLevel.Level1'
[2019.08.22-14.07.05:936][486]LogPlayLevel: Display: Shutting down PIE online subsystems
[2019.08.22-14.07.05:937][486]LogBlueprintUserMessages: Late EndPlayMap Detection: Level '/Game/Levels/Level1.Level1:PersistentLevel' has LevelScriptBlueprint '/Game/Levels/Level1.Level1:PersistentLevel.Level1' with GeneratedClass '/Game/Levels/Level1.Level1_C' with ClassGeneratedBy '/Game/Levels/Level1.Level1:PersistentLevel.Level1'
[2019.08.22-14.07.06:227][487]LogPlayLevel: Display: Destroying online subsystem :Context_5
