Log file open, 08/23/19 08:48:54
LogWindows: Failed to load 'aqProf.dll' (GetLastError=126)
LogWindows: File 'aqProf.dll' does not exist
LogWindows: Failed to load 'VtuneApi.dll' (GetLastError=126)
LogWindows: File 'VtuneApi.dll' does not exist
LogWindows: Failed to load 'VtuneApi32e.dll' (GetLastError=126)
LogWindows: File 'VtuneApi32e.dll' does not exist
LogConsoleResponse: Display: Failed to find resolution value strings in scalability ini. Falling back to default.
LogInit: Display: Running engine for game: HowToMakeAVidoeGame
LogPakFile: Registered encryption key '00000000000000000000000000000000': 0 pak files mounted, 0 remain pending
LogPlatformFile: Not using cached read wrapper
LogTaskGraph: Started task graph with 5 named threads and 23 total threads with 3 sets of task threads.
LogStats: Stats thread started at 0.306834
LogD3D11RHI: Loaded GFSDK_Aftermath_Lib.x64.dll
LogICUInternationalization: ICU TimeZone Detection - Raw Offset: +1:00, Platform Override: ''
LogPluginManager: Mounting plugin Paper2D
LogPluginManager: Mounting plugin AISupport
LogPluginManager: Mounting plugin LightPropagationVolume
LogPluginManager: Mounting plugin ActorLayerUtilities
LogPluginManager: Mounting plugin CLionSourceCodeAccess
LogPluginManager: Mounting plugin CodeLiteSourceCodeAccess
LogPluginManager: Mounting plugin GitSourceControl
LogPluginManager: Mounting plugin KDevelopSourceCodeAccess
LogPluginManager: Mounting plugin NullSourceCodeAccess
LogPluginManager: Mounting plugin PerforceSourceControl
LogPluginManager: Mounting plugin SubversionSourceControl
LogPluginManager: Mounting plugin UObjectPlugin
LogPluginManager: Mounting plugin VisualStudioCodeSourceCodeAccess
LogPluginManager: Mounting plugin VisualStudioSourceCodeAccess
LogPluginManager: Mounting plugin XCodeSourceCodeAccess
LogPluginManager: Mounting plugin AssetManagerEditor
LogPluginManager: Mounting plugin CryptoKeys
LogPluginManager: Mounting plugin DataValidation
LogPluginManager: Mounting plugin FacialAnimation
LogPluginManager: Mounting plugin GameplayTagsEditor
LogPluginManager: Mounting plugin MacGraphicsSwitching
LogPluginManager: Mounting plugin MeshEditor
LogPluginManager: Mounting plugin MobileLauncherProfileWizard
LogPluginManager: Mounting plugin PluginBrowser
LogPluginManager: Mounting plugin SpeedTreeImporter
LogPluginManager: Mounting plugin DatasmithContent
LogPluginManager: Mounting plugin VariantManagerContent
LogPluginManager: Mounting plugin AlembicImporter
LogPluginManager: Mounting plugin AppleImageUtils
LogPluginManager: Mounting plugin AppleVision
LogPluginManager: Mounting plugin BackChannel
LogPluginManager: Mounting plugin CharacterAI
LogPluginManager: Mounting plugin GeometryCache
LogPluginManager: Mounting plugin HTML5Networking
LogPluginManager: Mounting plugin ProxyLODPlugin
LogPluginManager: Mounting plugin MagicLeap
LogPluginManager: Mounting plugin MagicLeapMedia
LogPluginManager: Mounting plugin AndroidMedia
LogPluginManager: Mounting plugin AvfMedia
LogPluginManager: Mounting plugin ImgMedia
LogPluginManager: Mounting plugin LinearTimecode
LogPluginManager: Mounting plugin MediaCompositing
LogPluginManager: Mounting plugin MediaPlayerEditor
LogPluginManager: Mounting plugin WebMMedia
LogPluginManager: Mounting plugin WmfMedia
LogPluginManager: Mounting plugin TcpMessaging
LogPluginManager: Mounting plugin UdpMessaging
LogPluginManager: Mounting plugin ActorSequence
LogPluginManager: Mounting plugin LevelSequenceEditor
LogPluginManager: Mounting plugin MatineeToLevelSequence
LogPluginManager: Mounting plugin NetcodeUnitTest
LogPluginManager: Mounting plugin NUTUnrealEngine4
LogPluginManager: Mounting plugin OnlineSubsystemGooglePlay
LogPluginManager: Mounting plugin OnlineSubsystemIOS
LogPluginManager: Mounting plugin OnlineSubsystem
LogPluginManager: Mounting plugin OnlineSubsystemNull
LogPluginManager: Mounting plugin OnlineSubsystemUtils
LogPluginManager: Mounting plugin LauncherChunkInstaller
LogPluginManager: Mounting plugin AndroidDeviceProfileSelector
LogPluginManager: Mounting plugin AndroidMoviePlayer
LogPluginManager: Mounting plugin AndroidPermission
LogPluginManager: Mounting plugin ApexDestruction
LogPluginManager: Mounting plugin AppleMoviePlayer
LogPluginManager: Mounting plugin ArchVisCharacter
LogPluginManager: Mounting plugin AudioCapture
LogPluginManager: Mounting plugin CableComponent
LogPluginManager: Mounting plugin CustomMeshComponent
LogPluginManager: Mounting plugin EditableMesh
LogPluginManager: Mounting plugin ExampleDeviceProfileSelector
LogPluginManager: Mounting plugin Firebase
LogPluginManager: Mounting plugin GoogleCloudMessaging
LogPluginManager: Mounting plugin IOSDeviceProfileSelector
LogPluginManager: Mounting plugin LinuxDeviceProfileSelector
LogPluginManager: Mounting plugin LocationServicesBPLibrary
LogPluginManager: Mounting plugin MobilePatchingUtils
LogPluginManager: Mounting plugin OculusVR
LogPluginManager: Mounting plugin PhysXVehicles
LogPluginManager: Mounting plugin ProceduralMeshComponent
LogPluginManager: Mounting plugin RuntimePhysXCooking
LogPluginManager: Mounting plugin SteamVR
LogPluginManager: Mounting plugin WebMMoviePlayer
LogPluginManager: Mounting plugin WindowsMoviePlayer
LogStreaming: Display: Took  0.089s to configure plugins.
LogInit: Using libcurl 7.55.1-DEV
LogInit:  - built for x86_64-pc-win32
LogInit:  - supports SSL with OpenSSL/1.0.2h
LogInit:  - supports HTTP deflate (compression) using libz 1.2.8
LogInit:  - other features:
LogInit:      CURL_VERSION_SSL
LogInit:      CURL_VERSION_LIBZ
LogInit:      CURL_VERSION_IPV6
LogInit:      CURL_VERSION_ASYNCHDNS
LogInit:      CURL_VERSION_LARGEFILE
LogInit:      CURL_VERSION_IDN
LogInit:  CurlRequestOptions (configurable via config and command line):
LogInit:  - bVerifyPeer = true  - Libcurl will verify peer certificate
LogInit:  - bUseHttpProxy = false  - Libcurl will NOT use HTTP proxy
LogInit:  - bDontReuseConnections = false  - Libcurl will reuse connections
LogInit:  - MaxHostConnections = 16  - Libcurl will limit the number of connections to a host
LogInit:  - LocalHostAddr = Default
LogInit:  - BufferSize = 65536
LogInit: WinSock: version 1.1 (2.2), MaxSocks=32767, MaxUdp=65467
LogInit: Build: ++UE4+Release-4.21-CL-4753647
LogInit: Engine Version: 4.21.2-4753647+++UE4+Release-4.21
LogInit: Compatible Engine Version: 4.21.0-4541578+++UE4+Release-4.21
LogInit: Net CL: 4541578
LogInit: OS: Windows 10 (), CPU: Intel(R) Core(TM) i7-6700K CPU @ 4.00GHz, GPU: NVIDIA GeForce GTX 1070
LogInit: Compiled (64-bit): Jan 19 2019 02:07:31
LogInit: Compiled with Visual C++: 19.13.26129.00
LogInit: Build Configuration: Development
LogInit: Branch Name: ++UE4+Release-4.21
LogInit: Command Line: 
LogInit: Base Directory: D:/Program/Epic Games/Epic Games/Nya versioner/UE_4.21/Engine/Binaries/Win64/
LogInit: Installed Engine Build: 1
LogDevObjectVersion: Number of dev versions registered: 22
LogDevObjectVersion:   Dev-Blueprints (B0D832E4-1F89-4F0D-ACCF-7EB736FD4AA2): 10
LogDevObjectVersion:   Dev-Build (E1C64328-A22C-4D53-A36C-8E866417BD8C): 0
LogDevObjectVersion:   Dev-Core (375EC13C-06E4-48FB-B500-84F0262A717E): 2
LogDevObjectVersion:   Dev-Editor (E4B068ED-F494-42E9-A231-DA0B2E46BB41): 26
LogDevObjectVersion:   Dev-Framework (CFFC743F-43B0-4480-9391-14DF171D2073): 34
LogDevObjectVersion:   Dev-Mobile (B02B49B5-BB20-44E9-A304-32B752E40360): 2
LogDevObjectVersion:   Dev-Networking (A4E4105C-59A1-49B5-A7C5-40C4547EDFEE): 0
LogDevObjectVersion:   Dev-Online (39C831C9-5AE6-47DC-9A44-9C173E1C8E7C): 0
LogDevObjectVersion:   Dev-Physics (78F01B33-EBEA-4F98-B9B4-84EACCB95AA2): 0
LogDevObjectVersion:   Dev-Platform (6631380F-2D4D-43E0-8009-CF276956A95A): 0
LogDevObjectVersion:   Dev-Rendering (12F88B9F-8875-4AFC-A67C-D90C383ABD29): 27
LogDevObjectVersion:   Dev-Sequencer (7B5AE74C-D270-4C10-A958-57980B212A5A): 9
LogDevObjectVersion:   Dev-VR (D7296918-1DD6-4BDD-9DE2-64A83CC13884): 2
LogDevObjectVersion:   Dev-LoadTimes (C2A15278-BFE7-4AFE-6C17-90FF531DF755): 1
LogDevObjectVersion:   Private-Geometry (6EACA3D4-40EC-4CC1-B786-8BED09428FC5): 3
LogDevObjectVersion:   Dev-AnimPhys (29E575DD-E0A3-4627-9D10-D276232CDCEA): 17
LogDevObjectVersion:   Dev-Anim (AF43A65D-7FD3-4947-9873-3E8ED9C1BB05): 2
LogDevObjectVersion:   Dev-ReflectionCapture (6B266CEC-1EC7-4B8F-A30B-E4D90942FC07): 1
LogDevObjectVersion:   Dev-Automation (0DF73D61-A23F-47EA-B727-89E90C41499A): 1
LogDevObjectVersion:   FortniteMain (601D1886-AC64-4F84-AA16-D3DE0DEAC7D6): 17
LogDevObjectVersion:   Dev-Enterprise (9DFFBCD6-494F-0158-E221-12823C92A888): 4
LogDevObjectVersion:   Dev-Niagara (F2AED0AC-9AFE-416F-8664-AA7FFA26D6FC): 1
LogStreaming: Display: Took  0.000s to delete old logs.
LogInit: Presizing for max 8388607 objects, including 0 objects not considered by GC, pre-allocating 0 bytes for permanent pool.
LogInit: Object subsystem initialized
LogConfig: Setting CVar [[con.DebugEarlyDefault:1]]
LogConfig: Setting CVar [[r.setres:1280x720]]
[2019.08.23-06.48.55:520][  0]LogConfig: Setting CVar [[r.VSync:0]]
[2019.08.23-06.48.55:520][  0]LogConfig: Setting CVar [[r.RHICmdBypass:0]]
[2019.08.23-06.48.55:520][  0]LogConfig: Applying CVar settings from Section [/Script/Engine.RendererSettings] File [D:/Program/Epic Games/Projekt/HowToMakeAVideoGame/HowToMakeAVidoeGame/Saved/Config/Windows/Engine.ini]
[2019.08.23-06.48.55:520][  0]LogConfig: Setting CVar [[r.GPUCrashDebugging:0]]
[2019.08.23-06.48.55:520][  0]LogConfig: Setting CVar [[r.MobileHDR:0]]
[2019.08.23-06.48.55:520][  0]LogConfig: Setting CVar [[r.Mobile.DisableVertexFog:1]]
[2019.08.23-06.48.55:520][  0]LogConfig: Setting CVar [[r.Shadow.CSM.MaxMobileCascades:2]]
[2019.08.23-06.48.55:520][  0]LogConfig: Setting CVar [[r.MobileMSAA:1]]
[2019.08.23-06.48.55:520][  0]LogConfig: Setting CVar [[r.Mobile.UseLegacyShadingModel:0]]
[2019.08.23-06.48.55:520][  0]LogConfig: Setting CVar [[r.Mobile.AllowDitheredLODTransition:0]]
[2019.08.23-06.48.55:520][  0]LogConfig: Setting CVar [[r.Mobile.AllowSoftwareOcclusion:0]]
[2019.08.23-06.48.55:520][  0]LogConfig: Setting CVar [[r.DiscardUnusedQuality:0]]
[2019.08.23-06.48.55:520][  0]LogConfig: Setting CVar [[r.AllowOcclusionQueries:1]]
[2019.08.23-06.48.55:520][  0]LogConfig: Setting CVar [[r.MinScreenRadiusForLights:0.030000]]
[2019.08.23-06.48.55:520][  0]LogConfig: Setting CVar [[r.MinScreenRadiusForDepthPrepass:0.030000]]
[2019.08.23-06.48.55:520][  0]LogConfig: Setting CVar [[r.MinScreenRadiusForCSMDepth:0.010000]]
[2019.08.23-06.48.55:520][  0]LogConfig: Setting CVar [[r.PrecomputedVisibilityWarning:0]]
[2019.08.23-06.48.55:520][  0]LogConfig: Setting CVar [[r.TextureStreaming:1]]
[2019.08.23-06.48.55:520][  0]LogConfig: Setting CVar [[Compat.UseDXT5NormalMaps:0]]
[2019.08.23-06.48.55:520][  0]LogConfig: Setting CVar [[r.ClearCoatNormal:0]]
[2019.08.23-06.48.55:520][  0]LogConfig: Setting CVar [[r.ReflectionCaptureResolution:128]]
[2019.08.23-06.48.55:520][  0]LogConfig: Setting CVar [[r.ReflectionEnvironmentLightmapMixBasedOnRoughness:1]]
[2019.08.23-06.48.55:520][  0]LogConfig: Setting CVar [[r.ForwardShading:0]]
[2019.08.23-06.48.55:520][  0]LogConfig: Setting CVar [[r.VertexFoggingForOpaque:1]]
[2019.08.23-06.48.55:520][  0]LogConfig: Setting CVar [[r.AllowStaticLighting:1]]
[2019.08.23-06.48.55:520][  0]LogConfig: Setting CVar [[r.NormalMapsForStaticLighting:0]]
[2019.08.23-06.48.55:520][  0]LogConfig: Setting CVar [[r.GenerateMeshDistanceFields:0]]
[2019.08.23-06.48.55:520][  0]LogConfig: Setting CVar [[r.DistanceFieldBuild.EightBit:0]]
[2019.08.23-06.48.55:520][  0]LogConfig: Setting CVar [[r.GenerateLandscapeGIData:0]]
[2019.08.23-06.48.55:521][  0]LogConfig: Setting CVar [[r.DistanceFieldBuild.Compress:0]]
[2019.08.23-06.48.55:521][  0]LogConfig: Setting CVar [[r.TessellationAdaptivePixelsPerTriangle:48.000000]]
[2019.08.23-06.48.55:521][  0]LogConfig: Setting CVar [[r.SeparateTranslucency:0]]
[2019.08.23-06.48.55:521][  0]LogConfig: Setting CVar [[r.TranslucentSortPolicy:0]]
[2019.08.23-06.48.55:521][  0]LogConfig: Setting CVar [[r.CustomDepth:1]]
[2019.08.23-06.48.55:521][  0]LogConfig: Setting CVar [[r.CustomDepthTemporalAAJitter:1]]
[2019.08.23-06.48.55:521][  0]LogConfig: Setting CVar [[r.PostProcessing.PropagateAlpha:0]]
[2019.08.23-06.48.55:521][  0]LogConfig: Setting CVar [[r.DOF.Algorithm:1]]
[2019.08.23-06.48.55:521][  0]LogConfig: Setting CVar [[r.DefaultFeature.Bloom:0]]
[2019.08.23-06.48.55:521][  0]LogConfig: Setting CVar [[r.DefaultFeature.AmbientOcclusion:0]]
[2019.08.23-06.48.55:521][  0]LogConfig: Setting CVar [[r.DefaultFeature.AmbientOcclusionStaticFraction:1]]
[2019.08.23-06.48.55:521][  0]LogConfig: Setting CVar [[r.DefaultFeature.AutoExposure:0]]
[2019.08.23-06.48.55:521][  0]LogConfig: Setting CVar [[r.DefaultFeature.AutoExposure.Method:0]]
[2019.08.23-06.48.55:521][  0]LogConfig: Setting CVar [[r.DefaultFeature.AutoExposure.ExtendDefaultLuminanceRange:0]]
[2019.08.23-06.48.55:521][  0]LogConfig: Setting CVar [[r.UsePreExposure:0]]
[2019.08.23-06.48.55:521][  0]LogConfig: Setting CVar [[r.DefaultFeature.MotionBlur:0]]
[2019.08.23-06.48.55:521][  0]LogConfig: Setting CVar [[r.DefaultFeature.LensFlare:0]]
[2019.08.23-06.48.55:521][  0]LogConfig: Setting CVar [[r.TemporalAA.Upsampling:0]]
[2019.08.23-06.48.55:521][  0]LogConfig: Setting CVar [[r.DefaultFeature.AntiAliasing:0]]
[2019.08.23-06.48.55:521][  0]LogConfig: Setting CVar [[r.DefaultFeature.LightUnits:1]]
[2019.08.23-06.48.55:521][  0]LogConfig: Setting CVar [[r.DefaultBackBufferPixelFormat:4]]
[2019.08.23-06.48.55:521][  0]LogConfig: Setting CVar [[r.Shadow.UnbuiltPreviewInGame:1]]
[2019.08.23-06.48.55:521][  0]LogConfig: Setting CVar [[r.StencilForLODDither:0]]
[2019.08.23-06.48.55:521][  0]LogConfig: Setting CVar [[r.EarlyZPass:3]]
[2019.08.23-06.48.55:521][  0]LogConfig: Setting CVar [[r.EarlyZPassMovable:1]]
[2019.08.23-06.48.55:521][  0]LogConfig: Setting CVar [[r.EarlyZPassOnlyMaterialMasking:0]]
[2019.08.23-06.48.55:521][  0]LogConfig: Setting CVar [[r.DBuffer:1]]
[2019.08.23-06.48.55:521][  0]LogConfig: Setting CVar [[r.ClearSceneMethod:1]]
[2019.08.23-06.48.55:521][  0]LogConfig: Setting CVar [[r.BasePassOutputsVelocity:0]]
[2019.08.23-06.48.55:521][  0]LogConfig: Setting CVar [[r.SelectiveBasePassOutputs:0]]
[2019.08.23-06.48.55:521][  0]LogConfig: Setting CVar [[fx.GPUSimulationTextureSizeX:1024]]
[2019.08.23-06.48.55:521][  0]LogConfig: Setting CVar [[fx.GPUSimulationTextureSizeY:1024]]
[2019.08.23-06.48.55:521][  0]LogConfig: Setting CVar [[r.AllowGlobalClipPlane:0]]
[2019.08.23-06.48.55:521][  0]LogConfig: Setting CVar [[r.GBufferFormat:1]]
[2019.08.23-06.48.55:521][  0]LogConfig: Setting CVar [[r.MorphTarget.Mode:1]]
[2019.08.23-06.48.55:522][  0]LogConfig: Setting CVar [[vr.InstancedStereo:0]]
[2019.08.23-06.48.55:522][  0]LogConfig: Setting CVar [[vr.MultiView:0]]
[2019.08.23-06.48.55:522][  0]LogConfig: Setting CVar [[vr.MobileMultiView:0]]
[2019.08.23-06.48.55:522][  0]LogConfig: Setting CVar [[vr.MobileMultiView.Direct:0]]
[2019.08.23-06.48.55:522][  0]LogConfig: Setting CVar [[vr.MonoscopicFarField:0]]
[2019.08.23-06.48.55:522][  0]LogConfig: Setting CVar [[vr.RoundRobinOcclusion:0]]
[2019.08.23-06.48.55:522][  0]LogConfig: Setting CVar [[vr.ODSCapture:0]]
[2019.08.23-06.48.55:522][  0]LogConfig: Setting CVar [[r.WireframeCullThreshold:5.000000]]
[2019.08.23-06.48.55:522][  0]LogConfig: Setting CVar [[r.SupportStationarySkylight:1]]
[2019.08.23-06.48.55:522][  0]LogConfig: Setting CVar [[r.SupportLowQualityLightmaps:1]]
[2019.08.23-06.48.55:522][  0]LogConfig: Setting CVar [[r.SupportPointLightWholeSceneShadows:1]]
[2019.08.23-06.48.55:522][  0]LogConfig: Setting CVar [[r.SupportAtmosphericFog:1]]
[2019.08.23-06.48.55:522][  0]LogConfig: Setting CVar [[r.SkinCache.CompileShaders:0]]
[2019.08.23-06.48.55:522][  0]LogConfig: Setting CVar [[r.Mobile.EnableStaticAndCSMShadowReceivers:1]]
[2019.08.23-06.48.55:522][  0]LogConfig: Setting CVar [[r.Mobile.EnableMovableLightCSMShaderCulling:1]]
[2019.08.23-06.48.55:522][  0]LogConfig: Setting CVar [[r.Mobile.AllowDistanceFieldShadows:1]]
[2019.08.23-06.48.55:522][  0]LogConfig: Setting CVar [[r.Mobile.AllowMovableDirectionalLights:1]]
[2019.08.23-06.48.55:522][  0]LogConfig: Setting CVar [[r.MobileNumDynamicPointLights:4]]
[2019.08.23-06.48.55:522][  0]LogConfig: Setting CVar [[r.MobileDynamicPointLightsUseStaticBranch:1]]
[2019.08.23-06.48.55:522][  0]LogConfig: Setting CVar [[r.SkinCache.SceneMemoryLimitInMB:128.000000]]
[2019.08.23-06.48.55:522][  0]LogConfig: Setting CVar [[r.GPUSkin.Limit2BoneInfluences:0]]
[2019.08.23-06.48.55:522][  0]LogConfig: Setting CVar [[r.SupportDepthOnlyIndexBuffers:1]]
[2019.08.23-06.48.55:522][  0]LogConfig: Setting CVar [[r.SupportReversedIndexBuffers:1]]
[2019.08.23-06.48.55:522][  0]LogConfig: Setting CVar [[r.SupportMaterialLayers:0]]
[2019.08.23-06.48.55:522][  0]LogConfig: Applying CVar settings from Section [/Script/Engine.RendererOverrideSettings] File [D:/Program/Epic Games/Projekt/HowToMakeAVideoGame/HowToMakeAVidoeGame/Saved/Config/Windows/Engine.ini]
[2019.08.23-06.48.55:522][  0]LogConfig: Applying CVar settings from Section [/Script/Engine.StreamingSettings] File [D:/Program/Epic Games/Projekt/HowToMakeAVideoGame/HowToMakeAVidoeGame/Saved/Config/Windows/Engine.ini]
[2019.08.23-06.48.55:522][  0]LogConfig: Setting CVar [[s.MinBulkDataSizeForAsyncLoading:131072]]
[2019.08.23-06.48.55:522][  0]LogConfig: Setting CVar [[s.AsyncLoadingThreadEnabled:0]]
[2019.08.23-06.48.55:522][  0]LogConfig: Setting CVar [[s.EventDrivenLoaderEnabled:1]]
[2019.08.23-06.48.55:522][  0]LogConfig: Setting CVar [[s.WarnIfTimeLimitExceeded:0]]
[2019.08.23-06.48.55:522][  0]LogConfig: Setting CVar [[s.TimeLimitExceededMultiplier:1.5]]
[2019.08.23-06.48.55:522][  0]LogConfig: Setting CVar [[s.TimeLimitExceededMinTime:0.005]]
[2019.08.23-06.48.55:522][  0]LogConfig: Setting CVar [[s.UseBackgroundLevelStreaming:1]]
[2019.08.23-06.48.55:522][  0]LogConfig: Setting CVar [[s.PriorityAsyncLoadingExtraTime:15.0]]
[2019.08.23-06.48.55:522][  0]LogConfig: Setting CVar [[s.LevelStreamingActorsUpdateTimeLimit:5.0]]
[2019.08.23-06.48.55:522][  0]LogConfig: Setting CVar [[s.PriorityLevelStreamingActorsUpdateExtraTime:5.0]]
[2019.08.23-06.48.55:523][  0]LogConfig: Setting CVar [[s.LevelStreamingComponentsRegistrationGranularity:10]]
[2019.08.23-06.48.55:523][  0]LogConfig: Setting CVar [[s.UnregisterComponentsTimeLimit:1.0]]
[2019.08.23-06.48.55:523][  0]LogConfig: Setting CVar [[s.LevelStreamingComponentsUnregistrationGranularity:5]]
[2019.08.23-06.48.55:523][  0]LogConfig: Applying CVar settings from Section [/Script/Engine.GarbageCollectionSettings] File [D:/Program/Epic Games/Projekt/HowToMakeAVideoGame/HowToMakeAVidoeGame/Saved/Config/Windows/Engine.ini]
[2019.08.23-06.48.55:523][  0]LogConfig: Setting CVar [[gc.MaxObjectsNotConsideredByGC:1]]
[2019.08.23-06.48.55:523][  0]LogConfig: Setting CVar [[gc.SizeOfPermanentObjectPool:0]]
[2019.08.23-06.48.55:523][  0]LogConfig: Setting CVar [[gc.FlushStreamingOnGC:0]]
[2019.08.23-06.48.55:523][  0]LogConfig: Setting CVar [[gc.NumRetriesBeforeForcingGC:10]]
[2019.08.23-06.48.55:523][  0]LogConfig: Setting CVar [[gc.AllowParallelGC:1]]
[2019.08.23-06.48.55:523][  0]LogConfig: Setting CVar [[gc.TimeBetweenPurgingPendingKillObjects:61.1]]
[2019.08.23-06.48.55:523][  0]LogConfig: Setting CVar [[gc.MaxObjectsInEditor:8388607]]
[2019.08.23-06.48.55:523][  0]LogConfig: Setting CVar [[gc.IncrementalBeginDestroyEnabled:1]]
[2019.08.23-06.48.55:523][  0]LogConfig: Setting CVar [[gc.CreateGCClusters:1]]
[2019.08.23-06.48.55:523][  0]LogConfig: Setting CVar [[gc.MergeGCClusters:0]]
[2019.08.23-06.48.55:523][  0]LogConfig: Setting CVar [[gc.MinGCClusterSize:5]]
[2019.08.23-06.48.55:523][  0]LogConfig: Setting CVar [[gc.ActorClusteringEnabled:0]]
[2019.08.23-06.48.55:523][  0]LogConfig: Setting CVar [[gc.BlueprintClusteringEnabled:0]]
[2019.08.23-06.48.55:523][  0]LogConfig: Setting CVar [[gc.UseDisregardForGCOnDedicatedServers:0]]
[2019.08.23-06.48.55:523][  0]LogConfig: Applying CVar settings from Section [/Script/Engine.NetworkSettings] File [D:/Program/Epic Games/Projekt/HowToMakeAVideoGame/HowToMakeAVidoeGame/Saved/Config/Windows/Engine.ini]
[2019.08.23-06.48.55:523][  0]LogConfig: Applying CVar settings from Section [/Script/UnrealEd.CookerSettings] File [D:/Program/Epic Games/Projekt/HowToMakeAVideoGame/HowToMakeAVidoeGame/Saved/Config/Windows/Engine.ini]
[2019.08.23-06.48.55:532][  0]LogConfig: Applying CVar settings from Section [ViewDistanceQuality@3] File [D:/Program/Epic Games/Projekt/HowToMakeAVideoGame/HowToMakeAVidoeGame/Saved/Config/Windows/Scalability.ini]
[2019.08.23-06.48.55:532][  0]LogConfig: Setting CVar [[r.SkeletalMeshLODBias:0]]
[2019.08.23-06.48.55:532][  0]LogConfig: Setting CVar [[r.ViewDistanceScale:1.0]]
[2019.08.23-06.48.55:532][  0]LogConfig: Applying CVar settings from Section [AntiAliasingQuality@3] File [D:/Program/Epic Games/Projekt/HowToMakeAVideoGame/HowToMakeAVidoeGame/Saved/Config/Windows/Scalability.ini]
[2019.08.23-06.48.55:532][  0]LogConfig: Setting CVar [[r.PostProcessAAQuality:4]]
[2019.08.23-06.48.55:532][  0]LogConfig: Applying CVar settings from Section [ShadowQuality@3] File [D:/Program/Epic Games/Projekt/HowToMakeAVideoGame/HowToMakeAVidoeGame/Saved/Config/Windows/Scalability.ini]
[2019.08.23-06.48.55:532][  0]LogConfig: Setting CVar [[r.LightFunctionQuality:1]]
[2019.08.23-06.48.55:532][  0]LogConfig: Setting CVar [[r.ShadowQuality:5]]
[2019.08.23-06.48.55:532][  0]LogConfig: Setting CVar [[r.Shadow.CSM.MaxCascades:10]]
[2019.08.23-06.48.55:532][  0]LogConfig: Setting CVar [[r.Shadow.MaxResolution:2048]]
[2019.08.23-06.48.55:532][  0]LogConfig: Setting CVar [[r.Shadow.MaxCSMResolution:2048]]
[2019.08.23-06.48.55:532][  0]LogConfig: Setting CVar [[r.Shadow.RadiusThreshold:0.01]]
[2019.08.23-06.48.55:532][  0]LogConfig: Setting CVar [[r.Shadow.DistanceScale:1.0]]
[2019.08.23-06.48.55:532][  0]LogConfig: Setting CVar [[r.Shadow.CSM.TransitionScale:1.0]]
[2019.08.23-06.48.55:532][  0]LogConfig: Setting CVar [[r.Shadow.PreShadowResolutionFactor:1.0]]
[2019.08.23-06.48.55:532][  0]LogConfig: Setting CVar [[r.DistanceFieldShadowing:1]]
[2019.08.23-06.48.55:532][  0]LogConfig: Setting CVar [[r.DistanceFieldAO:1]]
[2019.08.23-06.48.55:532][  0]LogConfig: Setting CVar [[r.AOQuality:2]]
[2019.08.23-06.48.55:532][  0]LogConfig: Setting CVar [[r.VolumetricFog:1]]
[2019.08.23-06.48.55:532][  0]LogConfig: Setting CVar [[r.VolumetricFog.GridPixelSize:8]]
[2019.08.23-06.48.55:532][  0]LogConfig: Setting CVar [[r.VolumetricFog.GridSizeZ:128]]
[2019.08.23-06.48.55:532][  0]LogConfig: Setting CVar [[r.VolumetricFog.HistoryMissSupersampleCount:4]]
[2019.08.23-06.48.55:532][  0]LogConfig: Setting CVar [[r.LightMaxDrawDistanceScale:1]]
[2019.08.23-06.48.55:532][  0]LogConfig: Setting CVar [[r.CapsuleShadows:1]]
[2019.08.23-06.48.55:533][  0]LogConfig: Applying CVar settings from Section [PostProcessQuality@3] File [D:/Program/Epic Games/Projekt/HowToMakeAVideoGame/HowToMakeAVidoeGame/Saved/Config/Windows/Scalability.ini]
[2019.08.23-06.48.55:533][  0]LogConfig: Setting CVar [[r.MotionBlurQuality:4]]
[2019.08.23-06.48.55:533][  0]LogConfig: Setting CVar [[r.AmbientOcclusionMipLevelFactor:0.4]]
[2019.08.23-06.48.55:533][  0]LogConfig: Setting CVar [[r.AmbientOcclusionMaxQuality:100]]
[2019.08.23-06.48.55:533][  0]LogConfig: Setting CVar [[r.AmbientOcclusionLevels:-1]]
[2019.08.23-06.48.55:533][  0]LogConfig: Setting CVar [[r.AmbientOcclusionRadiusScale:1.0]]
[2019.08.23-06.48.55:533][  0]LogConfig: Setting CVar [[r.DepthOfFieldQuality:2]]
[2019.08.23-06.48.55:533][  0]LogConfig: Setting CVar [[r.RenderTargetPoolMin:400]]
[2019.08.23-06.48.55:533][  0]LogConfig: Setting CVar [[r.LensFlareQuality:2]]
[2019.08.23-06.48.55:533][  0]LogConfig: Setting CVar [[r.SceneColorFringeQuality:1]]
[2019.08.23-06.48.55:533][  0]LogConfig: Setting CVar [[r.EyeAdaptationQuality:2]]
[2019.08.23-06.48.55:533][  0]LogConfig: Setting CVar [[r.BloomQuality:5]]
[2019.08.23-06.48.55:533][  0]LogConfig: Setting CVar [[r.FastBlurThreshold:100]]
[2019.08.23-06.48.55:533][  0]LogConfig: Setting CVar [[r.Upscale.Quality:3]]
[2019.08.23-06.48.55:533][  0]LogConfig: Setting CVar [[r.Tonemapper.GrainQuantization:1]]
[2019.08.23-06.48.55:533][  0]LogConfig: Setting CVar [[r.LightShaftQuality:1]]
[2019.08.23-06.48.55:533][  0]LogConfig: Setting CVar [[r.Filter.SizeScale:1]]
[2019.08.23-06.48.55:533][  0]LogConfig: Setting CVar [[r.Tonemapper.Quality:5]]
[2019.08.23-06.48.55:533][  0]LogConfig: Setting CVar [[r.DOF.Gather.AccumulatorQuality:1        ; higher gathering accumulator quality]]
[2019.08.23-06.48.55:533][  0]LogConfig: Setting CVar [[r.DOF.Gather.PostfilterMethod:1          ; Median3x3 postfilering method]]
[2019.08.23-06.48.55:533][  0]LogConfig: Setting CVar [[r.DOF.Gather.EnableBokehSettings:0       ; no bokeh simulation when gathering]]
[2019.08.23-06.48.55:533][  0]LogConfig: Setting CVar [[r.DOF.Gather.RingCount:4                 ; medium number of samples when gathering]]
[2019.08.23-06.48.55:533][  0]LogConfig: Setting CVar [[r.DOF.Scatter.ForegroundCompositing:1    ; additive foreground scattering]]
[2019.08.23-06.48.55:533][  0]LogConfig: Setting CVar [[r.DOF.Scatter.BackgroundCompositing:2    ; additive background scattering]]
[2019.08.23-06.48.55:533][  0]LogConfig: Setting CVar [[r.DOF.Scatter.EnableBokehSettings:1      ; bokeh simulation when scattering]]
[2019.08.23-06.48.55:533][  0]LogConfig: Setting CVar [[r.DOF.Scatter.MaxSpriteRatio:0.1         ; only a maximum of 10% of scattered bokeh]]
[2019.08.23-06.48.55:533][  0]LogConfig: Setting CVar [[r.DOF.Recombine.Quality:1                ; cheap slight out of focus]]
[2019.08.23-06.48.55:533][  0]LogConfig: Setting CVar [[r.DOF.Recombine.EnableBokehSettings:0    ; no bokeh simulation on slight out of focus]]
[2019.08.23-06.48.55:533][  0]LogConfig: Setting CVar [[r.DOF.TemporalAAQuality:1                ; more stable temporal accumulation]]
[2019.08.23-06.48.55:533][  0]LogConfig: Setting CVar [[r.DOF.Kernel.MaxForegroundRadius:0.025]]
[2019.08.23-06.48.55:533][  0]LogConfig: Setting CVar [[r.DOF.Kernel.MaxBackgroundRadius:0.025]]
[2019.08.23-06.48.55:533][  0]LogConfig: Applying CVar settings from Section [TextureQuality@3] File [D:/Program/Epic Games/Projekt/HowToMakeAVideoGame/HowToMakeAVidoeGame/Saved/Config/Windows/Scalability.ini]
[2019.08.23-06.48.55:533][  0]LogConfig: Setting CVar [[r.Streaming.MipBias:0]]
[2019.08.23-06.48.55:533][  0]LogConfig: Setting CVar [[r.Streaming.AmortizeCPUToGPUCopy:0]]
[2019.08.23-06.48.55:533][  0]LogConfig: Setting CVar [[r.Streaming.MaxNumTexturesToStreamPerFrame:0]]
[2019.08.23-06.48.55:534][  0]LogConfig: Setting CVar [[r.Streaming.Boost:1]]
[2019.08.23-06.48.55:534][  0]LogConfig: Setting CVar [[r.MaxAnisotropy:8]]
[2019.08.23-06.48.55:534][  0]LogConfig: Setting CVar [[r.Streaming.LimitPoolSizeToVRAM:0]]
[2019.08.23-06.48.55:534][  0]LogConfig: Setting CVar [[r.Streaming.PoolSize:1000]]
[2019.08.23-06.48.55:534][  0]LogConfig: Setting CVar [[r.Streaming.MaxEffectiveScreenSize:0]]
[2019.08.23-06.48.55:534][  0]LogConfig: Applying CVar settings from Section [EffectsQuality@3] File [D:/Program/Epic Games/Projekt/HowToMakeAVideoGame/HowToMakeAVidoeGame/Saved/Config/Windows/Scalability.ini]
[2019.08.23-06.48.55:534][  0]LogConfig: Setting CVar [[r.TranslucencyLightingVolumeDim:64]]
[2019.08.23-06.48.55:534][  0]LogConfig: Setting CVar [[r.RefractionQuality:2]]
[2019.08.23-06.48.55:534][  0]LogConfig: Setting CVar [[r.SSR.Quality:3]]
[2019.08.23-06.48.55:534][  0]LogConfig: Setting CVar [[r.SceneColorFormat:4]]
[2019.08.23-06.48.55:534][  0]LogConfig: Setting CVar [[r.DetailMode:2]]
[2019.08.23-06.48.55:534][  0]LogConfig: Setting CVar [[r.TranslucencyVolumeBlur:1]]
[2019.08.23-06.48.55:534][  0]LogConfig: Setting CVar [[r.MaterialQualityLevel:1 ; High quality]]
[2019.08.23-06.48.55:534][  0]LogConfig: Setting CVar [[r.SSS.Scale:1]]
[2019.08.23-06.48.55:534][  0]LogConfig: Setting CVar [[r.SSS.SampleSet:2]]
[2019.08.23-06.48.55:534][  0]LogConfig: Setting CVar [[r.SSS.Quality:1]]
[2019.08.23-06.48.55:534][  0]LogConfig: Setting CVar [[r.SSS.HalfRes:1]]
[2019.08.23-06.48.55:534][  0]LogConfig: Setting CVar [[r.EmitterSpawnRateScale:1.0]]
[2019.08.23-06.48.55:534][  0]LogConfig: Setting CVar [[r.ParticleLightQuality:2]]
[2019.08.23-06.48.55:534][  0]LogConfig: Applying CVar settings from Section [FoliageQuality@3] File [D:/Program/Epic Games/Projekt/HowToMakeAVideoGame/HowToMakeAVidoeGame/Saved/Config/Windows/Scalability.ini]
[2019.08.23-06.48.55:534][  0]LogConfig: Setting CVar [[foliage.DensityScale:1.0]]
[2019.08.23-06.48.55:534][  0]LogConfig: Setting CVar [[grass.DensityScale:1.0]]
[2019.08.23-06.48.55:534][  0]LogInit: Selected Device Profile: [Windows]
[2019.08.23-06.48.55:534][  0]LogInit: Applying CVar settings loaded from the selected device profile: [Windows]
[2019.08.23-06.48.55:575][  0]LogHAL: Display: Platform has ~ 16 GB [17126522880 / 17179869184 / 16], which maps to Larger [LargestMinGB=32, LargerMinGB=12, DefaultMinGB=8, SmallerMinGB=6, SmallestMinGB=0)
[2019.08.23-06.48.55:575][  0]LogConfig: Setting CVar [[r.Vulkan.UseRealUBs:1]]
[2019.08.23-06.48.55:575][  0]LogInit: Going up to parent DeviceProfile []
[2019.08.23-06.48.55:575][  0]LogConfig: Applying CVar settings from Section [ViewDistanceQuality@Cine] File [D:/Program/Epic Games/Projekt/HowToMakeAVideoGame/HowToMakeAVidoeGame/Saved/Config/Windows/Scalability.ini]
[2019.08.23-06.48.55:575][  0]LogConfig: Setting CVar [[r.SkeletalMeshLODBias:0]]
[2019.08.23-06.48.55:575][  0]LogConfig: Setting CVar [[r.ViewDistanceScale:10.0]]
[2019.08.23-06.48.55:575][  0]LogConfig: Applying CVar settings from Section [AntiAliasingQuality@Cine] File [D:/Program/Epic Games/Projekt/HowToMakeAVideoGame/HowToMakeAVidoeGame/Saved/Config/Windows/Scalability.ini]
[2019.08.23-06.48.55:575][  0]LogConfig: Setting CVar [[r.PostProcessAAQuality:6]]
[2019.08.23-06.48.55:575][  0]LogConfig: Applying CVar settings from Section [ShadowQuality@Cine] File [D:/Program/Epic Games/Projekt/HowToMakeAVideoGame/HowToMakeAVidoeGame/Saved/Config/Windows/Scalability.ini]
[2019.08.23-06.48.55:575][  0]LogConfig: Setting CVar [[r.LightFunctionQuality:1]]
[2019.08.23-06.48.55:575][  0]LogConfig: Setting CVar [[r.ShadowQuality:5]]
[2019.08.23-06.48.55:575][  0]LogConfig: Setting CVar [[r.Shadow.CSM.MaxCascades:10]]
[2019.08.23-06.48.55:575][  0]LogConfig: Setting CVar [[r.Shadow.MaxResolution:4096]]
[2019.08.23-06.48.55:575][  0]LogConfig: Setting CVar [[r.Shadow.MaxCSMResolution:4096]]
[2019.08.23-06.48.55:575][  0]LogConfig: Setting CVar [[r.Shadow.RadiusThreshold:0]]
[2019.08.23-06.48.55:575][  0]LogConfig: Setting CVar [[r.Shadow.DistanceScale:1.0]]
[2019.08.23-06.48.55:575][  0]LogConfig: Setting CVar [[r.Shadow.CSM.TransitionScale:1.0]]
[2019.08.23-06.48.55:575][  0]LogConfig: Setting CVar [[r.Shadow.PreShadowResolutionFactor:1.0]]
[2019.08.23-06.48.55:575][  0]LogConfig: Setting CVar [[r.DistanceFieldShadowing:1]]
[2019.08.23-06.48.55:575][  0]LogConfig: Setting CVar [[r.DistanceFieldAO:1]]
[2019.08.23-06.48.55:575][  0]LogConfig: Setting CVar [[r.AOQuality:2]]
[2019.08.23-06.48.55:575][  0]LogConfig: Setting CVar [[r.VolumetricFog:1]]
[2019.08.23-06.48.55:575][  0]LogConfig: Setting CVar [[r.VolumetricFog.GridPixelSize:4]]
[2019.08.23-06.48.55:575][  0]LogConfig: Setting CVar [[r.VolumetricFog.GridSizeZ:128]]
[2019.08.23-06.48.55:575][  0]LogConfig: Setting CVar [[r.VolumetricFog.HistoryMissSupersampleCount:16]]
[2019.08.23-06.48.55:575][  0]LogConfig: Setting CVar [[r.LightMaxDrawDistanceScale:1]]
[2019.08.23-06.48.55:575][  0]LogConfig: Setting CVar [[r.CapsuleShadows:1]]
[2019.08.23-06.48.55:575][  0]LogConfig: Applying CVar settings from Section [PostProcessQuality@Cine] File [D:/Program/Epic Games/Projekt/HowToMakeAVideoGame/HowToMakeAVidoeGame/Saved/Config/Windows/Scalability.ini]
[2019.08.23-06.48.55:575][  0]LogConfig: Setting CVar [[r.MotionBlurQuality:4]]
[2019.08.23-06.48.55:575][  0]LogConfig: Setting CVar [[r.AmbientOcclusionMipLevelFactor:0.4]]
[2019.08.23-06.48.55:575][  0]LogConfig: Setting CVar [[r.AmbientOcclusionMaxQuality:100]]
[2019.08.23-06.48.55:575][  0]LogConfig: Setting CVar [[r.AmbientOcclusionLevels:-1]]
[2019.08.23-06.48.55:575][  0]LogConfig: Setting CVar [[r.AmbientOcclusionRadiusScale:1.0]]
[2019.08.23-06.48.55:575][  0]LogConfig: Setting CVar [[r.DepthOfFieldQuality:4]]
[2019.08.23-06.48.55:575][  0]LogConfig: Setting CVar [[r.RenderTargetPoolMin:1000]]
[2019.08.23-06.48.55:575][  0]LogConfig: Setting CVar [[r.LensFlareQuality:3]]
[2019.08.23-06.48.55:575][  0]LogConfig: Setting CVar [[r.SceneColorFringeQuality:1]]
[2019.08.23-06.48.55:575][  0]LogConfig: Setting CVar [[r.EyeAdaptationQuality:2]]
[2019.08.23-06.48.55:575][  0]LogConfig: Setting CVar [[r.BloomQuality:5]]
[2019.08.23-06.48.55:575][  0]LogConfig: Setting CVar [[r.FastBlurThreshold:100]]
[2019.08.23-06.48.55:575][  0]LogConfig: Setting CVar [[r.Upscale.Quality:3]]
[2019.08.23-06.48.55:575][  0]LogConfig: Setting CVar [[r.Tonemapper.GrainQuantization:1]]
[2019.08.23-06.48.55:575][  0]LogConfig: Setting CVar [[r.LightShaftQuality:1]]
[2019.08.23-06.48.55:575][  0]LogConfig: Setting CVar [[r.Filter.SizeScale:1]]
[2019.08.23-06.48.55:575][  0]LogConfig: Setting CVar [[r.Tonemapper.Quality:5]]
[2019.08.23-06.48.55:575][  0]LogConfig: Setting CVar [[r.DOF.Gather.AccumulatorQuality:1        ; higher gathering accumulator quality]]
[2019.08.23-06.48.55:575][  0]LogConfig: Setting CVar [[r.DOF.Gather.PostfilterMethod:1          ; Median3x3 postfilering method]]
[2019.08.23-06.48.55:575][  0]LogConfig: Setting CVar [[r.DOF.Gather.EnableBokehSettings:1       ; bokeh simulation when gathering]]
[2019.08.23-06.48.55:575][  0]LogConfig: Setting CVar [[r.DOF.Gather.RingCount:5                 ; high number of samples when gathering]]
[2019.08.23-06.48.55:575][  0]LogConfig: Setting CVar [[r.DOF.Scatter.ForegroundCompositing:1    ; additive foreground scattering]]
[2019.08.23-06.48.55:575][  0]LogConfig: Setting CVar [[r.DOF.Scatter.BackgroundCompositing:2    ; background scattering occlusion]]
[2019.08.23-06.48.55:575][  0]LogConfig: Setting CVar [[r.DOF.Scatter.EnableBokehSettings:1      ; no bokeh simulation when scattering]]
[2019.08.23-06.48.55:575][  0]LogConfig: Setting CVar [[r.DOF.Scatter.MaxSpriteRatio:0.1         ; only a maximum of 10% of scattered bokeh]]
[2019.08.23-06.48.55:575][  0]LogConfig: Setting CVar [[r.DOF.Recombine.Quality:2                ; highest slight out of focus]]
[2019.08.23-06.48.55:575][  0]LogConfig: Setting CVar [[r.DOF.Recombine.EnableBokehSettings:1    ; bokeh simulation on slight out of focus]]
[2019.08.23-06.48.55:575][  0]LogConfig: Setting CVar [[r.DOF.TemporalAAQuality:1                ; more stable temporal accumulation]]
[2019.08.23-06.48.55:575][  0]LogConfig: Setting CVar [[r.DOF.Kernel.MaxForegroundRadius:0.025]]
[2019.08.23-06.48.55:575][  0]LogConfig: Setting CVar [[r.DOF.Kernel.MaxBackgroundRadius:0.025]]
[2019.08.23-06.48.55:575][  0]LogConfig: Applying CVar settings from Section [TextureQuality@Cine] File [D:/Program/Epic Games/Projekt/HowToMakeAVideoGame/HowToMakeAVidoeGame/Saved/Config/Windows/Scalability.ini]
[2019.08.23-06.48.55:575][  0]LogConfig: Setting CVar [[r.Streaming.MipBias:0]]
[2019.08.23-06.48.55:576][  0]LogConfig: Setting CVar [[r.Streaming.AmortizeCPUToGPUCopy:0]]
[2019.08.23-06.48.55:576][  0]LogConfig: Setting CVar [[r.Streaming.MaxNumTexturesToStreamPerFrame:0]]
[2019.08.23-06.48.55:576][  0]LogConfig: Setting CVar [[r.Streaming.Boost:1]]
[2019.08.23-06.48.55:576][  0]LogConfig: Setting CVar [[r.MaxAnisotropy:8]]
[2019.08.23-06.48.55:576][  0]LogConfig: Setting CVar [[r.Streaming.LimitPoolSizeToVRAM:0]]
[2019.08.23-06.48.55:576][  0]LogConfig: Setting CVar [[r.Streaming.PoolSize:3000]]
[2019.08.23-06.48.55:576][  0]LogConfig: Setting CVar [[r.Streaming.MaxEffectiveScreenSize:0]]
[2019.08.23-06.48.55:576][  0]LogConfig: Applying CVar settings from Section [EffectsQuality@Cine] File [D:/Program/Epic Games/Projekt/HowToMakeAVideoGame/HowToMakeAVidoeGame/Saved/Config/Windows/Scalability.ini]
[2019.08.23-06.48.55:576][  0]LogConfig: Setting CVar [[r.TranslucencyLightingVolumeDim:64]]
[2019.08.23-06.48.55:576][  0]LogConfig: Setting CVar [[r.RefractionQuality:2]]
[2019.08.23-06.48.55:576][  0]LogConfig: Setting CVar [[r.SSR.Quality:4]]
[2019.08.23-06.48.55:576][  0]LogConfig: Setting CVar [[r.SceneColorFormat:4]]
[2019.08.23-06.48.55:576][  0]LogConfig: Setting CVar [[r.DetailMode:2]]
[2019.08.23-06.48.55:576][  0]LogConfig: Setting CVar [[r.TranslucencyVolumeBlur:1]]
[2019.08.23-06.48.55:576][  0]LogConfig: Setting CVar [[r.MaterialQualityLevel:1 ; High quality]]
[2019.08.23-06.48.55:576][  0]LogConfig: Setting CVar [[r.SSS.Scale:1]]
[2019.08.23-06.48.55:576][  0]LogConfig: Setting CVar [[r.SSS.SampleSet:2]]
[2019.08.23-06.48.55:576][  0]LogConfig: Setting CVar [[r.SSS.Quality:1]]
[2019.08.23-06.48.55:576][  0]LogConfig: Setting CVar [[r.SSS.HalfRes:0]]
[2019.08.23-06.48.55:576][  0]LogConfig: Setting CVar [[r.EmitterSpawnRateScale:1.0]]
[2019.08.23-06.48.55:576][  0]LogConfig: Setting CVar [[r.ParticleLightQuality:2]]
[2019.08.23-06.48.55:576][  0]LogConfig: Applying CVar settings from Section [FoliageQuality@Cine] File [D:/Program/Epic Games/Projekt/HowToMakeAVideoGame/HowToMakeAVidoeGame/Saved/Config/Windows/Scalability.ini]
[2019.08.23-06.48.55:576][  0]LogConfig: Setting CVar [[foliage.DensityScale:1.0]]
[2019.08.23-06.48.55:576][  0]LogConfig: Setting CVar [[grass.DensityScale:1.0]]
[2019.08.23-06.48.55:576][  0]LogConfig: Applying CVar settings from Section [Startup] File [../../../Engine/Config/ConsoleVariables.ini]
[2019.08.23-06.48.55:577][  0]LogConfig: Setting CVar [[net.UseAdaptiveNetUpdateFrequency:0]]
[2019.08.23-06.48.55:577][  0]LogConfig: Applying CVar settings from Section [ConsoleVariables] File [D:/Program/Epic Games/Projekt/HowToMakeAVideoGame/HowToMakeAVidoeGame/Saved/Config/Windows/Engine.ini]
[2019.08.23-06.48.55:577][  0]LogInit: Computer: DESKTOP-2CAIND6
[2019.08.23-06.48.55:577][  0]LogInit: User: Pontus
[2019.08.23-06.48.55:577][  0]LogInit: CPU Page size=4096, Cores=4
[2019.08.23-06.48.55:577][  0]LogInit: High frequency timer resolution =10.000000 MHz
[2019.08.23-06.48.55:578][  0]LogMemory: Memory total: Physical=16.0GB (16GB approx)
[2019.08.23-06.48.55:578][  0]LogMemory: Platform Memory Stats for Windows
[2019.08.23-06.48.55:578][  0]LogMemory: Process Physical Memory: 103.77 MB used, 103.78 MB peak
[2019.08.23-06.48.55:578][  0]LogMemory: Process Virtual Memory: 93.45 MB used, 93.45 MB peak
[2019.08.23-06.48.55:578][  0]LogMemory: Physical Memory: 6170.94 MB used,  10162.19 MB free, 16333.13 MB total
[2019.08.23-06.48.55:578][  0]LogMemory: Virtual Memory: 4637.81 MB used,  134213088.00 MB free, 134217728.00 MB total
[2019.08.23-06.48.55:746][  0]LogInit: Using OS detected language (sv-SE).
[2019.08.23-06.48.55:746][  0]LogInit: Using OS detected locale (sv-SE).
[2019.08.23-06.48.55:747][  0]LogTextLocalizationManager: No localization for 'sv-SE' exists, so 'en' will be used for the language.
[2019.08.23-06.48.56:124][  0]LogStreaming: Display: Took  0.379s to InitEngineTextLocalization.
[2019.08.23-06.48.56:125][  0]LogInit: Setting process to per monitor DPI aware
[2019.08.23-06.48.56:199][  0]LogSlate: New Slate User Created.  User Index 0, Is Virtual User: 0
[2019.08.23-06.48.56:199][  0]LogSlate: Slate User Registered.  User Index 0, Is Virtual User: 0
[2019.08.23-06.48.58:171][  0]LogHMD: Failed to initialize OpenVR with code 110
[2019.08.23-06.48.58:171][  0]LogD3D11RHI: D3D11 adapters:
[2019.08.23-06.48.58:219][  0]LogD3D11RHI:    0. 'NVIDIA GeForce GTX 1070' (Feature Level 11_0)
[2019.08.23-06.48.58:219][  0]LogD3D11RHI:       8088/0/8166 MB DedicatedVideo/DedicatedSystem/SharedSystem, Outputs:1, VendorId:0x10de
[2019.08.23-06.48.58:221][  0]LogD3D11RHI:    1. 'Microsoft Basic Render Driver' (Feature Level 11_0)
[2019.08.23-06.48.58:221][  0]LogD3D11RHI:       0/0/8166 MB DedicatedVideo/DedicatedSystem/SharedSystem, Outputs:0, VendorId:0x1414
[2019.08.23-06.48.58:221][  0]LogD3D11RHI: Chosen D3D11 Adapter: 0
[2019.08.23-06.48.58:226][  0]LogD3D11RHI: Creating new Direct3DDevice
[2019.08.23-06.48.58:226][  0]LogD3D11RHI:     GPU DeviceId: 0x1b81 (for the marketing name, search the web for "GPU Device Id")
[2019.08.23-06.48.58:226][  0]LogWindows: EnumDisplayDevices:
[2019.08.23-06.48.58:226][  0]LogWindows:    0. 'NVIDIA GeForce GTX 1070' (P:1 D:1)
[2019.08.23-06.48.58:226][  0]LogWindows:    1. 'NVIDIA GeForce GTX 1070' (P:0 D:0)
[2019.08.23-06.48.58:226][  0]LogWindows:    2. 'NVIDIA GeForce GTX 1070' (P:0 D:0)
[2019.08.23-06.48.58:227][  0]LogWindows:    3. 'NVIDIA GeForce GTX 1070' (P:0 D:0)
[2019.08.23-06.48.58:227][  0]LogWindows: DebugString: FoundDriverCount:4 
[2019.08.23-06.48.58:227][  0]LogD3D11RHI:     Adapter Name: NVIDIA GeForce GTX 1070
[2019.08.23-06.48.58:227][  0]LogD3D11RHI:   Driver Version: 431.60 (internal:26.21.14.3160, unified:431.60)
[2019.08.23-06.48.58:227][  0]LogD3D11RHI:      Driver Date: 7-17-2019
[2019.08.23-06.48.58:227][  0]LogRHI: Texture pool is 5661 MB (70% of 8088 MB)
[2019.08.23-06.48.58:261][  0]LogD3D11RHI: Async texture creation enabled
[2019.08.23-06.48.58:285][  0]LogD3D11RHI: GPU Timing Frequency: 1000.000000 (Debug: 2 1)
[2019.08.23-06.48.58:829][  0]LogTemp: Display: Loaded TP AllDesktopTargetPlatform
[2019.08.23-06.48.58:866][  0]LogTemp: Display: Loaded TP MacClientTargetPlatform
[2019.08.23-06.48.58:885][  0]LogTemp: Display: Loaded TP MacNoEditorTargetPlatform
[2019.08.23-06.48.58:905][  0]LogTemp: Display: Loaded TP MacServerTargetPlatform
[2019.08.23-06.48.58:928][  0]LogTemp: Display: Loaded TP MacTargetPlatform
[2019.08.23-06.48.58:948][  0]LogTemp: Display: Loaded TP WindowsClientTargetPlatform
[2019.08.23-06.48.58:968][  0]LogTemp: Display: Loaded TP WindowsNoEditorTargetPlatform
[2019.08.23-06.48.58:988][  0]LogTemp: Display: Loaded TP WindowsServerTargetPlatform
[2019.08.23-06.48.59:002][  0]LogTemp: Display: Loaded TP WindowsTargetPlatform
[2019.08.23-06.48.59:089][  0]LogTemp: Display: Loaded TP AndroidTargetPlatform
[2019.08.23-06.48.59:089][  0]LogTemp: Display: Loaded TP AndroidTargetPlatform
[2019.08.23-06.48.59:089][  0]LogTemp: Display: Loaded TP AndroidTargetPlatform
[2019.08.23-06.48.59:089][  0]LogTemp: Display: Loaded TP AndroidTargetPlatform
[2019.08.23-06.48.59:089][  0]LogTemp: Display: Loaded TP AndroidTargetPlatform
[2019.08.23-06.48.59:089][  0]LogTemp: Display: Loaded TP AndroidTargetPlatform
[2019.08.23-06.48.59:089][  0]LogTemp: Display: Loaded TP AndroidTargetPlatform
[2019.08.23-06.48.59:089][  0]LogTemp: Display: Loaded TP AndroidTargetPlatform
[2019.08.23-06.48.59:089][  0]LogTemp: Display: Loaded TP AndroidTargetPlatform
[2019.08.23-06.48.59:089][  0]LogTemp: Display: Loaded TP AndroidTargetPlatform
[2019.08.23-06.48.59:089][  0]LogTemp: Display: Loaded TP AndroidTargetPlatform
[2019.08.23-06.48.59:089][  0]LogTemp: Display: Loaded TP AndroidTargetPlatform
[2019.08.23-06.48.59:089][  0]LogTemp: Display: Loaded TP AndroidTargetPlatform
[2019.08.23-06.48.59:089][  0]LogTemp: Display: Loaded TP AndroidTargetPlatform
[2019.08.23-06.48.59:089][  0]LogTemp: Display: Loaded TP AndroidTargetPlatform
[2019.08.23-06.48.59:089][  0]LogTemp: Display: Loaded TP AndroidTargetPlatform
[2019.08.23-06.48.59:089][  0]LogTemp: Display: Loaded TP AndroidTargetPlatform
[2019.08.23-06.48.59:089][  0]LogTemp: Display: Loaded TP AndroidTargetPlatform
[2019.08.23-06.48.59:103][  0]LogTemp: Display: Loaded TP HTML5TargetPlatform
[2019.08.23-06.48.59:194][  0]LogTemp: Display: Loaded TP IOSTargetPlatform
[2019.08.23-06.48.59:194][  0]LogTemp: Display: Loaded TP IOSTargetPlatform
[2019.08.23-06.48.59:223][  0]LogTemp: Display: Loaded TP TVOSTargetPlatform
[2019.08.23-06.48.59:223][  0]LogTemp: Display: Loaded TP TVOSTargetPlatform
[2019.08.23-06.48.59:245][  0]LogTemp: Display: Loaded TP LinuxClientTargetPlatform
[2019.08.23-06.48.59:266][  0]LogTemp: Display: Loaded TP LinuxNoEditorTargetPlatform
[2019.08.23-06.48.59:285][  0]LogTemp: Display: Loaded TP LinuxServerTargetPlatform
[2019.08.23-06.48.59:311][  0]LogTemp: Display: Loaded TP LinuxTargetPlatform
[2019.08.23-06.48.59:361][  0]LogTemp: Display: Loaded TP LuminTargetPlatform
[2019.08.23-06.48.59:361][  0]LogTemp: Display: Loaded TP LuminTargetPlatform
[2019.08.23-06.48.59:362][  0]LogTargetPlatformManager: Display: Building Assets For Windows
[2019.08.23-06.48.59:601][  0]LogShaderCompilers: Guid format shader working directory is -16 characters bigger than the processId version (../../../../../../Projekt/HowToMakeAVideoGame/HowToMakeAVidoeGame/Intermediate/Shaders/WorkingDirectory/15488/).
[2019.08.23-06.48.59:601][  0]LogShaderCompilers: Cleaned the shader compiler working directory 'C:/Users/Greattech/AppData/Local/Temp/UnrealShaderWorkingDir/D49AFD554707D094BC979D83C56AB090/'.
[2019.08.23-06.48.59:602][  0]LogXGEController: Cannot use XGE Controller as Incredibuild is not installed on this machine.
[2019.08.23-06.48.59:602][  0]LogShaderCompilers: Cannot use XGE Shader Compiler as Incredibuild is not installed on this machine.
[2019.08.23-06.48.59:602][  0]LogShaderCompilers: Display: Using Local Shader Compiler.
[2019.08.23-06.49.00:088][  0]LogDerivedDataCache: Display: Max Cache Size: 512 MB
[2019.08.23-06.49.00:144][  0]LogDerivedDataCache: Loaded boot cache 0.06s 81MB C:/Users/Greattech/AppData/Local/UnrealEngine/4.21/DerivedDataCache/Boot.ddc.
[2019.08.23-06.49.00:144][  0]LogDerivedDataCache: Display: Loaded Boot cache: C:/Users/Greattech/AppData/Local/UnrealEngine/4.21/DerivedDataCache/Boot.ddc
[2019.08.23-06.49.00:144][  0]LogDerivedDataCache: FDerivedDataBackendGraph:  Pak pak cache file ../../../../../../Projekt/HowToMakeAVideoGame/HowToMakeAVidoeGame/DerivedDataCache/DDC.ddp not found, will not use a pak cache.
[2019.08.23-06.49.00:144][  0]LogDerivedDataCache: Unable to find inner node Pak for hierarchical cache Hierarchy.
[2019.08.23-06.49.00:144][  0]LogDerivedDataCache: FDerivedDataBackendGraph:  CompressedPak pak cache file ../../../../../../Projekt/HowToMakeAVideoGame/HowToMakeAVidoeGame/DerivedDataCache/Compressed.ddp not found, will not use a pak cache.
[2019.08.23-06.49.00:144][  0]LogDerivedDataCache: Unable to find inner node CompressedPak for hierarchical cache Hierarchy.
[2019.08.23-06.49.00:162][  0]LogDerivedDataCache: Display: Pak cache opened for reading ../../../Engine/DerivedDataCache/Compressed.ddp.
[2019.08.23-06.49.00:162][  0]LogDerivedDataCache: FDerivedDataBackendGraph:  EnterprisePak pak cache file ../../../Enterprise/DerivedDataCache/Compressed.ddp not found, will not use a pak cache.
[2019.08.23-06.49.00:162][  0]LogDerivedDataCache: Unable to find inner node EnterprisePak for hierarchical cache Hierarchy.
[2019.08.23-06.49.00:174][  0]LogDerivedDataCache: Using Local data cache path C:/Users/Greattech/AppData/Local/UnrealEngine/Common/DerivedDataCache: Writable
[2019.08.23-06.49.00:174][  0]LogDerivedDataCache: Shared data cache path not found in *engine.ini, will not use an Shared cache.
[2019.08.23-06.49.00:174][  0]LogDerivedDataCache: Unable to find inner node Shared for hierarchical cache Hierarchy.
[2019.08.23-06.49.00:192][  0]LogMaterial: Verifying Global Shaders for PCD3D_SM5
[2019.08.23-06.49.00:193][  0]LogSlate: Using FreeType 2.6.0
[2019.08.23-06.49.00:204][  0]LogSlate: SlateFontServices - WITH_FREETYPE: 1, WITH_HARFBUZZ: 1
[2019.08.23-06.49.00:566][  0]LogAssetRegistry: FAssetRegistry took 0.0316 seconds to start up
[2019.08.23-06.49.00:826][  0]LogInit: Selected Device Profile: [Windows]
[2019.08.23-06.49.01:185][  0]LogSimplygon: Simplygon DLL not present - disabling.
[2019.08.23-06.49.01:208][  0]LogMeshReduction: Using SimplygonSwarm for distributed automatic mesh merging
[2019.08.23-06.49.01:208][  0]LogMeshReduction: Using ProxyLODMeshReduction for automatic mesh merging
[2019.08.23-06.49.01:208][  0]LogMeshReduction: Using QuadricMeshReduction for automatic static mesh reduction
[2019.08.23-06.49.01:208][  0]LogMeshReduction: No automatic skeletal mesh reduction module available
[2019.08.23-06.49.01:239][  0]LogNetVersion: HowToMakeAVidoeGame 1.0.0, NetCL: 4541578, EngineNetVer: 5, GameNetVer: 0 (Checksum: 597629568)
[2019.08.23-06.49.02:111][  0]LogPackageLocalizationCache: Processed 11 localized package path(s) for 1 prioritized culture(s) in 0.049624 seconds
[2019.08.23-06.49.02:117][  0]LogUObjectArray: 39775 objects as part of root set at end of initial load.
[2019.08.23-06.49.02:117][  0]LogUObjectAllocator: 6914656 out of 0 bytes used by permanent object pool.
[2019.08.23-06.49.02:117][  0]LogUObjectArray: CloseDisregardForGC: 0/0 objects in disregard for GC pool
[2019.08.23-06.49.05:125][  0]LogTcpMessaging: Initializing TcpMessaging bridge
[2019.08.23-06.49.05:152][  0]LogUdpMessaging: Initializing bridge on interface 0.0.0.0:0 to multicast group 230.0.0.1:6666.
[2019.08.23-06.49.06:565][  0]SourceControl: Source control is disabled
[2019.08.23-06.49.06:565][  0]SourceControl: Source control is disabled
[2019.08.23-06.49.06:576][  0]SourceControl: Source control is disabled
[2019.08.23-06.49.06:587][  0]SourceControl: Source control is disabled
[2019.08.23-06.49.07:160][  0]LogAndroidPermission: UAndroidPermissionCallbackProxy::GetInstance
[2019.08.23-06.49.07:327][  0]LogOcInput: OculusInput pre-init called
[2019.08.23-06.49.07:586][  0]LogEngine: Initializing Engine...
[2019.08.23-06.49.07:587][  0]LogHMD: Failed to initialize OpenVR with code 110
[2019.08.23-06.49.07:588][  0]LogStats: UGameplayTagsManager::ConstructGameplayTagTree: ImportINI prefixes -  0.000 s
[2019.08.23-06.49.07:588][  0]LogStats: UGameplayTagsManager::ConstructGameplayTagTree: Construct from data asset -  0.000 s
[2019.08.23-06.49.07:588][  0]LogStats: UGameplayTagsManager::ConstructGameplayTagTree: ImportINI -  0.000 s
[2019.08.23-06.49.07:588][  0]LogStats: UGameplayTagsManager::ConstructGameplayTagTree: GameplayTagTreeChangedEvent.Broadcast -  0.000 s
[2019.08.23-06.49.07:931][  0]LogInit: Initializing FReadOnlyCVARCache
[2019.08.23-06.49.08:072][  0]LogAIModule: Creating AISystem for world Untitled
[2019.08.23-06.49.08:117][  0]LogInit: XAudio2 using 'Högtalare (Wireless Stereo Headset)' : 2 channels at 48 kHz using 16 bits per sample (channel mask 0x3)
[2019.08.23-06.49.08:131][  0]LogInit: FAudioDevice initialized.
[2019.08.23-06.49.08:132][  0]LogNetVersion: Set ProjectVersion to 1.0.0.0. Version Checksum will be recalculated on next use.
[2019.08.23-06.49.08:205][  0]LogDerivedDataCache: Saved boot cache 0.07s 71MB C:/Users/Greattech/AppData/Local/UnrealEngine/4.21/DerivedDataCache/Boot.ddc.
[2019.08.23-06.49.08:216][  0]LogInit: Texture streaming: Enabled
[2019.08.23-06.49.08:262][  0]LogEngineSessionManager: EngineSessionManager initialized
[2019.08.23-06.49.08:289][  0]LogInit: Transaction tracking system initialized
[2019.08.23-06.49.08:346][  0]BlueprintLog: New page: Editor Load
[2019.08.23-06.49.08:597][  0]LocalizationService: Localization service is disabled
[2019.08.23-06.49.09:509][  0]LogFileCache: Scanning file cache for directory 'D:/Program/Epic Games/Projekt/HowToMakeAVideoGame/HowToMakeAVidoeGame/Content/' took 0.02s
[2019.08.23-06.49.09:509][  0]LogCook: Display: Max memory allowance for cook 16384mb min free memory 0mb
[2019.08.23-06.49.09:509][  0]LogCook: Display: Mobile HDR setting 0
[2019.08.23-06.49.09:509][  0]LogGameplayTags: Display: UGameplayTagsManager::DoneAddingNativeTags. DelegateIsBound: 0
[2019.08.23-06.49.09:509][  0]LogStats: UGameplayTagsManager::ConstructGameplayTagTree: ImportINI prefixes -  0.000 s
[2019.08.23-06.49.09:510][  0]LogStats: UGameplayTagsManager::ConstructGameplayTagTree: Construct from data asset -  0.000 s
[2019.08.23-06.49.09:510][  0]LogStats: UGameplayTagsManager::ConstructGameplayTagTree: ImportINI -  0.000 s
[2019.08.23-06.49.09:510][  0]LogStats: UGameplayTagsManager::ConstructGameplayTagTree: GameplayTagTreeChangedEvent.Broadcast -  0.000 s
[2019.08.23-06.49.10:078][  0]SourceControl: Source control is disabled
[2019.08.23-06.49.10:079][  0]Cmd: MAP LOAD FILE="../../../../../../Projekt/HowToMakeAVideoGame/HowToMakeAVidoeGame/Content/Levels/Level1.umap" TEMPLATE=0 SHOWPROGRESS=1 FEATURELEVEL=3
[2019.08.23-06.49.10:079][  0]LightingResults: New page: Lighting Build
[2019.08.23-06.49.10:080][  0]MapCheck: New page: Map Check
[2019.08.23-06.49.10:080][  0]LightingResults: New page: Lighting Build
[2019.08.23-06.49.10:560][  0]LogAIModule: Creating AISystem for world Level1
[2019.08.23-06.49.10:561][  0]LogMaterial: Warning: Material /Game/Materials/M_Palette.M_Palette needed to have new flag set bUsedWithInstancedStaticMeshes !
[2019.08.23-06.49.10:567][  0]LogMaterial: Display: Missing cached shader map for material M_Palette, compiling. 
[2019.08.23-06.49.10:613][  0]MapCheck: Warning: M_Palette Material /Game/Materials/M_Palette.M_Palette was missing the usage flag bUsedWithInstancedStaticMeshes. If the material asset is not re-saved, it may not render correctly when run outside the editor. Fix
[2019.08.23-06.49.10:637][  0]LogShaderCompilers: Display: Shaders left to compile 43
[2019.08.23-06.49.10:637][  0]LogShaderCompilers: Display: Shaders left to compile 33
[2019.08.23-06.49.10:637][  0]LogShaderCompilers: Display: Shaders left to compile 23
[2019.08.23-06.49.10:637][  0]LogShaderCompilers: Display: Shaders left to compile 13
[2019.08.23-06.49.10:637][  0]LogShaderCompilers: Display: Shaders left to compile 3
[2019.08.23-06.49.10:637][  0]LogEditorServer: Finished looking for orphan Actors (0.000 secs)
[2019.08.23-06.49.10:656][  0]Cmd: MAP CHECKDEP NOCLEARLOG
[2019.08.23-06.49.10:658][  0]MapCheck: Map check complete: 0 Error(s), 1 Warning(s), took 0,089ms to complete.
[2019.08.23-06.49.10:660][  0]LogFileHelpers: Loading map 'Level1' took 0.582
[2019.08.23-06.49.10:774][  0]LogSlate: Updating window title bar state: overlay mode, drag disabled, window buttons hidden, title bar hidden
[2019.08.23-06.49.10:780][  0]LogSlate: Updating window title bar state: overlay mode, drag disabled, window buttons hidden, title bar hidden
[2019.08.23-06.49.10:786][  0]LogSlate: Updating window title bar state: overlay mode, drag disabled, window buttons hidden, title bar hidden
[2019.08.23-06.49.10:793][  0]LogSlate: Updating window title bar state: overlay mode, drag disabled, window buttons hidden, title bar hidden
[2019.08.23-06.49.10:811][  0]LogCollectionManager: Loaded 0 collections in 0.001220 seconds
[2019.08.23-06.49.10:852][  0]LogFileCache: Scanning file cache for directory 'D:/Program/Epic Games/Projekt/HowToMakeAVideoGame/HowToMakeAVidoeGame/Saved/Collections/' took 0.01s
[2019.08.23-06.49.10:852][  0]LogFileCache: Scanning file cache for directory 'D:/Program/Epic Games/Projekt/HowToMakeAVideoGame/HowToMakeAVidoeGame/Content/Developers/Pontus/Collections/' took 0.01s
[2019.08.23-06.49.10:852][  0]LogFileCache: Scanning file cache for directory 'D:/Program/Epic Games/Projekt/HowToMakeAVideoGame/HowToMakeAVidoeGame/Content/Collections/' took 0.01s
[2019.08.23-06.49.10:852][  0]LogCollectionManager: Rebuilt the GUID cache for 0 collections in 0.000000 seconds
[2019.08.23-06.49.10:868][  0]LogContentBrowser: Native class hierarchy populated in 0.0153 seconds. Added 2660 classes and 625 folders.
[2019.08.23-06.49.10:874][  0]LogContentBrowser: Native class hierarchy updated for 'WidgetCarousel' in 0.0004 seconds. Added 0 classes and 0 folders.
[2019.08.23-06.49.10:883][  0]LogPakFile: Registered encryption key '00000000000000000000000000000000': 0 pak files mounted, 0 remain pending
[2019.08.23-06.49.10:891][  0]LogPakFile: Registered encryption key '00000000000000000000000000000000': 0 pak files mounted, 0 remain pending
[2019.08.23-06.49.10:914][  0]LogPakFile: Registered encryption key '00000000000000000000000000000000': 0 pak files mounted, 0 remain pending
[2019.08.23-06.49.10:921][  0]LogPakFile: Registered encryption key '00000000000000000000000000000000': 0 pak files mounted, 0 remain pending
[2019.08.23-06.49.10:928][  0]LogPakFile: Registered encryption key '00000000000000000000000000000000': 0 pak files mounted, 0 remain pending
[2019.08.23-06.49.10:935][  0]LogPakFile: Registered encryption key '00000000000000000000000000000000': 0 pak files mounted, 0 remain pending
[2019.08.23-06.49.10:941][  0]LogPakFile: Registered encryption key '00000000000000000000000000000000': 0 pak files mounted, 0 remain pending
[2019.08.23-06.49.10:948][  0]LogPakFile: Registered encryption key '00000000000000000000000000000000': 0 pak files mounted, 0 remain pending
[2019.08.23-06.49.10:955][  0]LogPakFile: Registered encryption key '00000000000000000000000000000000': 0 pak files mounted, 0 remain pending
[2019.08.23-06.49.10:964][  0]LogPakFile: Registered encryption key '00000000000000000000000000000000': 0 pak files mounted, 0 remain pending
[2019.08.23-06.49.10:973][  0]LogPakFile: Registered encryption key '00000000000000000000000000000000': 0 pak files mounted, 0 remain pending
[2019.08.23-06.49.10:983][  0]LogPakFile: Registered encryption key '00000000000000000000000000000000': 0 pak files mounted, 0 remain pending
[2019.08.23-06.49.10:994][  0]LogPakFile: Registered encryption key '00000000000000000000000000000000': 0 pak files mounted, 0 remain pending
[2019.08.23-06.49.11:004][  0]LogPakFile: Registered encryption key '00000000000000000000000000000000': 0 pak files mounted, 0 remain pending
[2019.08.23-06.49.11:014][  0]LogPakFile: Registered encryption key '00000000000000000000000000000000': 0 pak files mounted, 0 remain pending
[2019.08.23-06.49.11:023][  0]LogPakFile: Registered encryption key '00000000000000000000000000000000': 0 pak files mounted, 0 remain pending
[2019.08.23-06.49.11:060][  0]LogPakFile: Registered encryption key '00000000000000000000000000000000': 0 pak files mounted, 0 remain pending
[2019.08.23-06.49.11:070][  0]LogPakFile: Registered encryption key '00000000000000000000000000000000': 0 pak files mounted, 0 remain pending
[2019.08.23-06.49.11:081][  0]LogPakFile: Registered encryption key '00000000000000000000000000000000': 0 pak files mounted, 0 remain pending
[2019.08.23-06.49.11:092][  0]LogPakFile: Registered encryption key '00000000000000000000000000000000': 0 pak files mounted, 0 remain pending
[2019.08.23-06.49.11:134][  0]LogPakFile: Registered encryption key '00000000000000000000000000000000': 0 pak files mounted, 0 remain pending
[2019.08.23-06.49.11:143][  0]LogPakFile: Registered encryption key '00000000000000000000000000000000': 0 pak files mounted, 0 remain pending
[2019.08.23-06.49.11:154][  0]LogPakFile: Registered encryption key '00000000000000000000000000000000': 0 pak files mounted, 0 remain pending
[2019.08.23-06.49.11:164][  0]LogPakFile: Registered encryption key '00000000000000000000000000000000': 0 pak files mounted, 0 remain pending
[2019.08.23-06.49.11:173][  0]LogPakFile: Registered encryption key '00000000000000000000000000000000': 0 pak files mounted, 0 remain pending
[2019.08.23-06.49.11:181][  0]LogPakFile: Registered encryption key '00000000000000000000000000000000': 0 pak files mounted, 0 remain pending
[2019.08.23-06.49.11:408][  0]LogContentBrowser: Native class hierarchy updated for 'AddContentDialog' in 0.0004 seconds. Added 0 classes and 0 folders.
[2019.08.23-06.49.11:435][  0]LogContentBrowser: Native class hierarchy updated for 'SceneOutliner' in 0.0005 seconds. Added 1 classes and 2 folders.
[2019.08.23-06.49.13:106][  0]LogSlate: Only BGRA pngs, bmps or icos are supported in by External Image Picker
[2019.08.23-06.49.13:183][  0]LogSlate: Took 0.006349 seconds to synchronously load lazily loaded font '../../../Engine/Content/Slate/Fonts/Roboto-Regular.ttf' (155K)
[2019.08.23-06.49.13:717][  0]LogTemp: Executing iPhonePackager certificates Engine -bundlename com.YourCompany.HowToMakeAVidoeGame
[2019.08.23-06.49.13:717][  0]LogTemp: CWD: D:\Program\Epic Games\Epic Games\Nya versioner\UE_4.21\Engine\Binaries\DotNET\IOS
[2019.08.23-06.49.13:717][  0]LogTemp: Initial Dir: D:\Program\Epic Games\Epic Games\Nya versioner\UE_4.21
[2019.08.23-06.49.13:717][  0]LogTemp: Env CWD: D:\Program\Epic Games\Epic Games\Nya versioner\UE_4.21\Engine\Binaries\DotNET\IOS
[2019.08.23-06.49.13:717][  0]LogTemp: BranchPath = DESKTOP-2CAIND6/D/Program/Epic Games/Epic Games/Nya versioner/UE_4.21/Engine/Binaries --- GameBranchPath = DESKTOP-2CAIND6/D/Program/Epic Games/Epic Games/Nya versioner/UE_4.21/Engine/Binaries
[2019.08.23-06.49.13:717][  0]LogTemp: IPP ERROR: Could not find provision directory 'C:\Users\Greattech\AppData\Local/Apple Computer/MobileDevice/Provisioning Profiles/'.
[2019.08.23-06.49.13:747][  0]LogContentBrowser: Native class hierarchy updated for 'HierarchicalLODOutliner' in 0.0003 seconds. Added 0 classes and 0 folders.
[2019.08.23-06.49.13:747][  0]LogLoad: (Engine Initialization) Total time: 21.29 seconds
[2019.08.23-06.49.13:747][  0]LogLoad: (Engine Initialization) Total Blueprint compile time: 0.00 seconds
[2019.08.23-06.49.13:810][  0]LogContentStreaming: Texture pool size now 3000 MB
[2019.08.23-06.49.13:816][  0]LogSlate: Took 0.004661 seconds to synchronously load lazily loaded font '../../../Engine/Content/Slate/Fonts/Roboto-Bold.ttf' (160K)
[2019.08.23-06.49.13:832][  0]LogSlate: Took 0.007786 seconds to synchronously load lazily loaded font '../../../Engine/Content/Editor/Slate/Fonts/FontAwesome.ttf' (139K)
[2019.08.23-06.49.13:997][  0]LogRenderer: Reallocating scene render targets to support 640x312 Format 10 NumSamples 1 (Frame:1).
[2019.08.23-06.49.14:102][  1]LogAssetRegistry: Asset discovery search completed in 13.5584 seconds
[2019.08.23-06.49.14:104][  1]LogCollectionManager: Rebuilt the object cache for 0 collections in 0.000001 seconds (found 0 objects)
[2019.08.23-06.49.14:104][  1]LogCollectionManager: Fixed up redirectors for 0 collections in 0.000064 seconds (updated 0 objects)
[2019.08.23-06.49.14:463][  3]LogRenderer: Reallocating scene render targets to support 640x500 Format 10 NumSamples 1 (Frame:6).
[2019.08.23-06.49.15:408][  5]LogSlate: Took 0.008675 seconds to synchronously load lazily loaded font '../../../Engine/Content/Slate/Fonts/Roboto-Light.ttf' (167K)
[2019.08.23-06.49.17:675][123]LogSlate: FSceneViewport::OnFocusLost() reason 0
[2019.08.23-06.49.17:858][145]LogSlate: Window 'Plugins' being destroyed
[2019.08.23-06.49.17:862][145]LogSlate: Window 'Plugins' being destroyed
[2019.08.23-06.49.17:862][145]LogDirectoryWatcher: A directory notification for '../../../Engine/Plugins/' was aborted.
[2019.08.23-06.49.19:518][343]LogSlate: FSceneViewport::OnFocusLost() reason 0
[2019.08.23-06.49.19:681][356]LogRenderer: Reallocating scene render targets to support 1292x716 Format 10 NumSamples 1 (Frame:315).
[2019.08.23-06.49.32:323][ 17]LogDestructible: Warning: MainMesh Tris: 84
[2019.08.23-06.49.32:459][ 17]LogApexDestructibleAssetImport: Warning: Using default materials for material slot
[2019.08.23-06.49.32:459][ 17]LogApexDestructibleAssetImport: Warning: Bones digested - 2  Depth of hierarchy - 2
[2019.08.23-06.49.32:511][ 17]LogSkeletalMesh: Section 0: 106 vertices, 1 active bones
[2019.08.23-06.49.32:512][ 17]LogSkeletalMesh: Section 1: 138 vertices, 1 active bones
[2019.08.23-06.49.32:517][ 17]LogSkeletalMesh: Section 0: Material=0, 36 triangles
[2019.08.23-06.49.32:517][ 17]LogSkeletalMesh: Section 1: Material=1, 48 triangles
[2019.08.23-06.49.32:518][ 17]LogSkeletalMesh: Building Skeletal Mesh Wall_DM...
[2019.08.23-06.49.32:519][ 17]LogSkeletalMesh: Built Skeletal Mesh [0.00s] /Game/StaticMeshes/Wall_DM.Wall_DM
[2019.08.23-06.49.32:521][ 17]LogSkeletalMesh: Building Skeletal Mesh Wall_DM...
[2019.08.23-06.49.32:521][ 17]LogSkeletalMesh: Built Skeletal Mesh [0.00s] /Game/StaticMeshes/Wall_DM.Wall_DM
[2019.08.23-06.49.32:533][ 17]LogAssetEditorManager: Opening Asset editor for DestructibleMesh /Game/StaticMeshes/Wall_DM.Wall_DM
[2019.08.23-06.49.33:143][ 17]LogRenderer: Reallocating scene render targets to support 1292x1264 Format 10 NumSamples 1 (Frame:1).
[2019.08.23-06.49.54:159][505]LogSlate: FSceneViewport::OnFocusLost() reason 0
[2019.08.23-06.50.04:648][741]LogSkeletalMesh: Building Skeletal Mesh Wall_DM...
[2019.08.23-06.50.04:649][741]LogSkeletalMesh: Built Skeletal Mesh [0.00s] /Game/StaticMeshes/Wall_DM.Wall_DM
[2019.08.23-06.50.04:649][741]LogMaterial: Warning: Material /Game/Materials/M_Destructible.M_Destructible needed to have new flag set bUsedWithSkeletalMesh !
[2019.08.23-06.50.04:652][741]LogMaterial: Display: Missing cached shader map for material M_Destructible, compiling. 
[2019.08.23-06.50.04:683][741]LogShaderCompilers: Display: Shaders left to compile 60
[2019.08.23-06.50.04:683][741]LogShaderCompilers: Display: Shaders left to compile 50
[2019.08.23-06.50.04:683][741]LogShaderCompilers: Display: Shaders left to compile 40
[2019.08.23-06.50.04:683][741]LogShaderCompilers: Display: Shaders left to compile 30
[2019.08.23-06.50.07:015][989]LogSkeletalMesh: Building Skeletal Mesh Wall_DM...
[2019.08.23-06.50.07:015][989]LogSkeletalMesh: Built Skeletal Mesh [0.00s] /Game/StaticMeshes/Wall_DM.Wall_DM
[2019.08.23-06.50.07:051][993]LogShaderCompilers: Display: Shaders left to compile 20
[2019.08.23-06.50.07:506][ 45]LogShaderCompilers: Display: Shaders left to compile 10
[2019.08.23-06.50.24:309][ 52]LogSkeletalMesh: Building Skeletal Mesh Wall_DM...
[2019.08.23-06.50.24:309][ 52]LogSkeletalMesh: Built Skeletal Mesh [0.00s] /Game/StaticMeshes/Wall_DM.Wall_DM
[2019.08.23-06.50.26:294][289]LogSkeletalMesh: Building Skeletal Mesh Wall_DM...
[2019.08.23-06.50.26:294][289]LogSkeletalMesh: Built Skeletal Mesh [0.00s] /Game/StaticMeshes/Wall_DM.Wall_DM
[2019.08.23-06.50.29:985][731]LogSkeletalMesh: Building Skeletal Mesh Wall_DM...
[2019.08.23-06.50.29:985][731]LogSkeletalMesh: Built Skeletal Mesh [0.00s] /Game/StaticMeshes/Wall_DM.Wall_DM
[2019.08.23-06.50.55:929][828]LogDestructible: Warning: MainMesh Tris: 84
[2019.08.23-06.50.55:993][828]LogApexDestructibleAssetImport: Warning: Using default materials for material slot
[2019.08.23-06.50.55:993][828]LogApexDestructibleAssetImport: Warning: Bones digested - 18  Depth of hierarchy - 2
[2019.08.23-06.50.56:008][828]LogSkeletalMesh: Section 0: 1453 vertices, 17 active bones
[2019.08.23-06.50.56:008][828]LogSkeletalMesh: Section 1: 701 vertices, 17 active bones
[2019.08.23-06.50.56:011][828]LogSkeletalMesh: Section 0: Material=0, 1110 triangles
[2019.08.23-06.50.56:011][828]LogSkeletalMesh: Section 1: Material=1, 646 triangles
[2019.08.23-06.50.56:012][828]LogSkeletalMesh: Building Skeletal Mesh Wall_DM...
[2019.08.23-06.50.56:015][828]LogSkeletalMesh: Built Skeletal Mesh [0.00s] /Game/StaticMeshes/Wall_DM.Wall_DM
[2019.08.23-06.51.08:850][338]LogSlate: FSceneViewport::OnFocusLost() reason 0
[2019.08.23-06.51.16:676][269]LogSlate: FSceneViewport::OnFocusLost() reason 0
[2019.08.23-06.51.20:169][683]Cmd: OBJ SAVEPACKAGE PACKAGE="/Game/StaticMeshes/Wall_DM" FILE="../../../../../../Projekt/HowToMakeAVideoGame/HowToMakeAVidoeGame/Content/StaticMeshes/Wall_DM.uasset" SILENT=true
[2019.08.23-06.51.20:201][683]LogSavePackage: Moving '../../../../../../Projekt/HowToMakeAVideoGame/HowToMakeAVidoeGame/Saved/Wall_DM745777254445BA2A38DD03A82DABF67C.tmp' to '../../../../../../Projekt/HowToMakeAVideoGame/HowToMakeAVidoeGame/Content/StaticMeshes/Wall_DM.uasset'
[2019.08.23-06.51.27:426][520]LogSlate: FSceneViewport::OnFocusLost() reason 0
[2019.08.23-06.51.29:741][787]LogSlate: FSceneViewport::OnFocusLost() reason 0
[2019.08.23-06.51.32:003][ 47]LogSlate: FSceneViewport::OnFocusLost() reason 0
[2019.08.23-06.51.35:893][504]LogEditorViewport: Clicking on Actor (LMB): DestructibleActor (Wall_DM3)
[2019.08.23-06.51.42:932][339]LogEditorViewport: Clicking on Actor (LMB): DestructibleActor (Wall_DM2)
[2019.08.23-06.51.48:007][938]LogSlate: FSceneViewport::OnFocusLost() reason 2
[2019.08.23-06.51.48:874][ 39]LogTemp: Repeating last play command: Selected Viewport
[2019.08.23-06.51.48:888][ 39]LogBlueprintUserMessages: Early PlayInEditor Detection: Level '/Game/Levels/Level1.Level1:PersistentLevel' has LevelScriptBlueprint '/Game/Levels/Level1.Level1:PersistentLevel.Level1' with GeneratedClass '/Game/Levels/Level1.Level1_C' with ClassGeneratedBy '/Game/Levels/Level1.Level1:PersistentLevel.Level1'
[2019.08.23-06.51.48:888][ 39]LogPlayLevel: PlayLevel: No blueprints needed recompiling
[2019.08.23-06.51.48:888][ 39]PIE: New page: PIE session: Level1 (23 aug 2019 10:51:48)
[2019.08.23-06.51.48:901][ 39]LogPlayLevel: Creating play world package: /Game/Levels/UEDPIE_0_Level1
[2019.08.23-06.51.48:908][ 39]LogPlayLevel: PIE: StaticDuplicateObject took: (0.006526s)
[2019.08.23-06.51.48:908][ 39]LogAIModule: Creating AISystem for world Level1
[2019.08.23-06.51.48:909][ 39]LogPlayLevel: PIE: World Init took: (0.000904s)
[2019.08.23-06.51.48:909][ 39]LogPlayLevel: PIE: Created PIE world by copying editor world from /Game/Levels/Level1.Level1 to /Game/Levels/UEDPIE_0_Level1.Level1 (0.007809s)
[2019.08.23-06.51.48:952][ 39]LogInit: XAudio2 using 'Högtalare (Wireless Stereo Headset)' : 2 channels at 48 kHz using 16 bits per sample (channel mask 0x3)
[2019.08.23-06.51.48:962][ 39]LogInit: FAudioDevice initialized.
[2019.08.23-06.51.48:962][ 39]LogSlate: FSceneViewport::OnFocusLost() reason 2
[2019.08.23-06.51.49:005][ 39]LogLoad: Game class is 'BOGameMode_C'
[2019.08.23-06.51.49:052][ 39]LogWorld: Bringing World /Game/Levels/UEDPIE_0_Level1.Level1 up for play (max tick rate 0) at 2019.08.23-08.51.49
[2019.08.23-06.51.49:053][ 39]LogWorld: Bringing up level for play took: 0.043792
[2019.08.23-06.51.49:076][ 39]LogContentBrowser: Native class hierarchy updated for 'MovieSceneCapture' in 0.0009 seconds. Added 20 classes and 0 folders.
[2019.08.23-06.51.49:083][ 39]PIE: Play in editor start time for /Game/Levels/UEDPIE_0_Level1 0,396
[2019.08.23-06.51.49:084][ 39]LogBlueprintUserMessages: Late PlayInEditor Detection: Level '/Game/Levels/Level1.Level1:PersistentLevel' has LevelScriptBlueprint '/Game/Levels/Level1.Level1:PersistentLevel.Level1' with GeneratedClass '/Game/Levels/Level1.Level1_C' with ClassGeneratedBy '/Game/Levels/Level1.Level1:PersistentLevel.Level1'
[2019.08.23-06.51.52:375][430]LogBlueprintUserMessages: Early EndPlayMap Detection: Level '/Game/Levels/Level1.Level1:PersistentLevel' has LevelScriptBlueprint '/Game/Levels/Level1.Level1:PersistentLevel.Level1' with GeneratedClass '/Game/Levels/Level1.Level1_C' with ClassGeneratedBy '/Game/Levels/Level1.Level1:PersistentLevel.Level1'
[2019.08.23-06.51.52:375][430]LogSlate: Updating window title bar state: overlay mode, drag disabled, window buttons hidden, title bar hidden
[2019.08.23-06.51.52:407][430]LogPlayLevel: Display: Shutting down PIE online subsystems
[2019.08.23-06.51.52:408][430]LogBlueprintUserMessages: Late EndPlayMap Detection: Level '/Game/Levels/Level1.Level1:PersistentLevel' has LevelScriptBlueprint '/Game/Levels/Level1.Level1:PersistentLevel.Level1' with GeneratedClass '/Game/Levels/Level1.Level1_C' with ClassGeneratedBy '/Game/Levels/Level1.Level1:PersistentLevel.Level1'
[2019.08.23-06.51.52:457][430]LogSlate: Updating window title bar state: overlay mode, drag disabled, window buttons hidden, title bar hidden
[2019.08.23-06.51.52:478][431]LogPlayLevel: Display: Destroying online subsystem :Context_5
[2019.08.23-06.51.53:453][546]LogSlate: FSceneViewport::OnFocusLost() reason 2
[2019.08.23-06.51.54:616][683]LogTemp: Repeating last play command: Selected Viewport
[2019.08.23-06.51.54:627][683]LogBlueprintUserMessages: Early PlayInEditor Detection: Level '/Game/Levels/Level1.Level1:PersistentLevel' has LevelScriptBlueprint '/Game/Levels/Level1.Level1:PersistentLevel.Level1' with GeneratedClass '/Game/Levels/Level1.Level1_C' with ClassGeneratedBy '/Game/Levels/Level1.Level1:PersistentLevel.Level1'
[2019.08.23-06.51.54:628][683]LogPlayLevel: PlayLevel: No blueprints needed recompiling
[2019.08.23-06.51.54:628][683]PIE: New page: PIE session: Level1 (23 aug 2019 10:51:54)
[2019.08.23-06.51.54:628][683]LogPlayLevel: Creating play world package: /Game/Levels/UEDPIE_0_Level1
[2019.08.23-06.51.54:634][683]LogPlayLevel: PIE: StaticDuplicateObject took: (0.006429s)
[2019.08.23-06.51.54:635][683]LogAIModule: Creating AISystem for world Level1
[2019.08.23-06.51.54:635][683]LogPlayLevel: PIE: World Init took: (0.000496s)
[2019.08.23-06.51.54:635][683]LogPlayLevel: PIE: Created PIE world by copying editor world from /Game/Levels/Level1.Level1 to /Game/Levels/UEDPIE_0_Level1.Level1 (0.007094s)
[2019.08.23-06.51.54:675][683]LogInit: XAudio2 using 'Högtalare (Wireless Stereo Headset)' : 2 channels at 48 kHz using 16 bits per sample (channel mask 0x3)
[2019.08.23-06.51.54:685][683]LogInit: FAudioDevice initialized.
[2019.08.23-06.51.54:685][683]LogSlate: FSceneViewport::OnFocusLost() reason 2
[2019.08.23-06.51.54:716][683]LogLoad: Game class is 'BOGameMode_C'
[2019.08.23-06.51.54:720][683]LogWorld: Bringing World /Game/Levels/UEDPIE_0_Level1.Level1 up for play (max tick rate 0) at 2019.08.23-08.51.54
[2019.08.23-06.51.54:720][683]LogWorld: Bringing up level for play took: 0.002675
[2019.08.23-06.51.54:734][683]PIE: Play in editor start time for /Game/Levels/UEDPIE_0_Level1 0,047
[2019.08.23-06.51.54:734][683]LogBlueprintUserMessages: Late PlayInEditor Detection: Level '/Game/Levels/Level1.Level1:PersistentLevel' has LevelScriptBlueprint '/Game/Levels/Level1.Level1:PersistentLevel.Level1' with GeneratedClass '/Game/Levels/Level1.Level1_C' with ClassGeneratedBy '/Game/Levels/Level1.Level1:PersistentLevel.Level1'
[2019.08.23-06.52.05:661][993]LogBlueprintUserMessages: Early EndPlayMap Detection: Level '/Game/Levels/Level1.Level1:PersistentLevel' has LevelScriptBlueprint '/Game/Levels/Level1.Level1:PersistentLevel.Level1' with GeneratedClass '/Game/Levels/Level1.Level1_C' with ClassGeneratedBy '/Game/Levels/Level1.Level1:PersistentLevel.Level1'
[2019.08.23-06.52.05:661][993]LogSlate: Updating window title bar state: overlay mode, drag disabled, window buttons hidden, title bar hidden
[2019.08.23-06.52.05:692][993]LogPlayLevel: Display: Shutting down PIE online subsystems
[2019.08.23-06.52.05:692][993]LogBlueprintUserMessages: Late EndPlayMap Detection: Level '/Game/Levels/Level1.Level1:PersistentLevel' has LevelScriptBlueprint '/Game/Levels/Level1.Level1:PersistentLevel.Level1' with GeneratedClass '/Game/Levels/Level1.Level1_C' with ClassGeneratedBy '/Game/Levels/Level1.Level1:PersistentLevel.Level1'
[2019.08.23-06.52.05:710][993]LogSlate: Updating window title bar state: overlay mode, drag disabled, window buttons hidden, title bar hidden
[2019.08.23-06.52.05:763][997]LogPlayLevel: Display: Destroying online subsystem :Context_6
[2019.08.23-06.52.08:206][290]LogEditorViewport: Clicking on Actor (LMB): StaticMeshActor (Ground)
[2019.08.23-06.52.08:958][373]LogEditorViewport: Clicking on Actor (LMB): DestructibleActor (Wall_DM3)
[2019.08.23-06.52.09:384][418]Cmd: DELETE
[2019.08.23-06.52.09:384][418]Cmd: ACTOR DELETE
[2019.08.23-06.52.09:388][418]LogEditorActor: Deleted Actor: DestructibleActor
[2019.08.23-06.52.09:404][418]LogEditorActor: Deleted 1 Actors (0.020 secs)
[2019.08.23-06.52.10:163][508]LogEditorViewport: Clicking on Actor (LMB): DestructibleActor (Wall_DM2)
[2019.08.23-06.52.10:413][532]Cmd: DELETE
[2019.08.23-06.52.10:413][532]Cmd: ACTOR DELETE
[2019.08.23-06.52.10:416][532]LogEditorActor: Deleted Actor: DestructibleActor
[2019.08.23-06.52.10:432][532]LogEditorActor: Deleted 1 Actors (0.019 secs)
[2019.08.23-06.52.11:120][614]LogEditorViewport: Clicking on Actor (LMB): DestructibleActor (Wall_DM)
[2019.08.23-06.52.11:393][641]Cmd: DELETE
[2019.08.23-06.52.11:393][641]Cmd: ACTOR DELETE
[2019.08.23-06.52.11:397][641]LogEditorActor: Deleted Actor: DestructibleActor
[2019.08.23-06.52.11:415][641]LogEditorActor: Deleted 1 Actors (0.022 secs)
[2019.08.23-06.52.11:941][704]LogEditorViewport: Clicking on Actor (LMB): DestructibleActor (Wall_DM4)
[2019.08.23-06.52.25:001][247]LogEditorViewport: Clicking on Actor (LMB): DestructibleActor (Wall_DM6)
[2019.08.23-06.52.25:632][321]Cmd: DELETE
[2019.08.23-06.52.25:632][321]Cmd: ACTOR DELETE
[2019.08.23-06.52.25:635][321]LogEditorActor: Deleted Actor: DestructibleActor
[2019.08.23-06.52.25:652][321]LogEditorActor: Deleted 1 Actors (0.020 secs)
[2019.08.23-06.52.26:265][394]LogEditorViewport: Clicking on Actor (LMB): DestructibleActor (Wall_DM5)
[2019.08.23-06.52.26:423][407]Cmd: DELETE
[2019.08.23-06.52.26:423][407]Cmd: ACTOR DELETE
[2019.08.23-06.52.26:427][407]LogEditorActor: Deleted Actor: DestructibleActor
[2019.08.23-06.52.26:445][407]LogEditorActor: Deleted 1 Actors (0.022 secs)
[2019.08.23-06.52.27:126][488]LogEditorViewport: Clicking on Actor (LMB): DestructibleActor (Wall_DM4)
[2019.08.23-06.52.27:307][504]Cmd: DELETE
[2019.08.23-06.52.27:307][504]Cmd: ACTOR DELETE
[2019.08.23-06.52.27:311][504]LogEditorActor: Deleted Actor: DestructibleActor
[2019.08.23-06.52.27:327][504]LogEditorActor: Deleted 1 Actors (0.019 secs)
[2019.08.23-06.52.30:675][894]LogSlate: FSceneViewport::OnFocusLost() reason 0
[2019.08.23-06.52.30:866][916]LogAssetEditorManager: Opening Asset editor for StaticMesh /Game/StaticMeshes/Ground.Ground
[2019.08.23-06.52.32:038][916]LogSlate: Took 0.007769 seconds to synchronously load lazily loaded font '../../../Engine/Content/Slate/Fonts/Roboto-Italic.ttf' (157K)
[2019.08.23-06.52.42:052][ 86]LogSlate: FSceneViewport::OnFocusLost() reason 2
[2019.08.23-06.52.47:470][728]LogSlate: FSceneViewport::OnFocusLost() reason 2
[2019.08.23-06.52.52:841][369]Cmd: OBJ SAVEPACKAGE PACKAGE="/Game/StaticMeshes/Ground" FILE="../../../../../../Projekt/HowToMakeAVideoGame/HowToMakeAVidoeGame/Content/StaticMeshes/Ground.uasset" SILENT=true
[2019.08.23-06.52.52:861][369]LogSavePackage: Moving '../../../../../../Projekt/HowToMakeAVideoGame/HowToMakeAVidoeGame/Saved/Ground581FDDE548D915CED78A4E849A22D942.tmp' to '../../../../../../Projekt/HowToMakeAVideoGame/HowToMakeAVidoeGame/Content/StaticMeshes/Ground.uasset'
[2019.08.23-06.52.53:385][431]LogSlate: FSceneViewport::OnFocusLost() reason 0
[2019.08.23-06.53.07:333][938]LogSlate: FSceneViewport::OnFocusLost() reason 2
[2019.08.23-06.53.09:035][117]LogTemp: Repeating last play command: Selected Viewport
[2019.08.23-06.53.09:048][117]LogBlueprintUserMessages: Early PlayInEditor Detection: Level '/Game/Levels/Level1.Level1:PersistentLevel' has LevelScriptBlueprint '/Game/Levels/Level1.Level1:PersistentLevel.Level1' with GeneratedClass '/Game/Levels/Level1.Level1_C' with ClassGeneratedBy '/Game/Levels/Level1.Level1:PersistentLevel.Level1'
[2019.08.23-06.53.09:048][117]LogPlayLevel: PlayLevel: No blueprints needed recompiling
[2019.08.23-06.53.09:048][117]PIE: New page: PIE session: Level1 (23 aug 2019 10:53:09)
[2019.08.23-06.53.09:048][117]LogPlayLevel: Creating play world package: /Game/Levels/UEDPIE_0_Level1
[2019.08.23-06.53.09:055][117]LogPlayLevel: PIE: StaticDuplicateObject took: (0.006311s)
[2019.08.23-06.53.09:055][117]LogAIModule: Creating AISystem for world Level1
[2019.08.23-06.53.09:055][117]LogPlayLevel: PIE: World Init took: (0.000488s)
[2019.08.23-06.53.09:055][117]LogPlayLevel: PIE: Created PIE world by copying editor world from /Game/Levels/Level1.Level1 to /Game/Levels/UEDPIE_0_Level1.Level1 (0.006925s)
[2019.08.23-06.53.09:097][117]LogInit: XAudio2 using 'Högtalare (Wireless Stereo Headset)' : 2 channels at 48 kHz using 16 bits per sample (channel mask 0x3)
[2019.08.23-06.53.09:107][117]LogInit: FAudioDevice initialized.
[2019.08.23-06.53.09:140][117]LogLoad: Game class is 'BOGameMode_C'
[2019.08.23-06.53.09:150][117]LogWorld: Bringing World /Game/Levels/UEDPIE_0_Level1.Level1 up for play (max tick rate 0) at 2019.08.23-08.53.09
[2019.08.23-06.53.09:151][117]LogWorld: Bringing up level for play took: 0.008850
[2019.08.23-06.53.09:166][117]LogSpawn: Warning: SpawnActor failed because of collision at the spawn location [X=0.000 Y=0.000 Z=0.000] for [BP_PlayerPaddle_C]
[2019.08.23-06.53.09:167][117]LogGameMode: Warning: SpawnDefaultPawnAtTransform: Couldn't spawn Pawn of type BP_PlayerPaddle_C at Rotation: Pitch 0.000000 Yaw 0.000000 Roll 0.000000
Translation: 0.000000 0.000000 0.000000
Scale3D: 1.000000 1.000000 1.000000

[2019.08.23-06.53.09:170][117]PIE: Play in editor start time for /Game/Levels/UEDPIE_0_Level1 0,482
[2019.08.23-06.53.09:171][117]LogBlueprintUserMessages: Late PlayInEditor Detection: Level '/Game/Levels/Level1.Level1:PersistentLevel' has LevelScriptBlueprint '/Game/Levels/Level1.Level1:PersistentLevel.Level1' with GeneratedClass '/Game/Levels/Level1.Level1_C' with ClassGeneratedBy '/Game/Levels/Level1.Level1:PersistentLevel.Level1'
[2019.08.23-06.53.12:811][548]LogBlueprintUserMessages: Early EndPlayMap Detection: Level '/Game/Levels/Level1.Level1:PersistentLevel' has LevelScriptBlueprint '/Game/Levels/Level1.Level1:PersistentLevel.Level1' with GeneratedClass '/Game/Levels/Level1.Level1_C' with ClassGeneratedBy '/Game/Levels/Level1.Level1:PersistentLevel.Level1'
[2019.08.23-06.53.12:811][548]LogSlate: Updating window title bar state: overlay mode, drag disabled, window buttons hidden, title bar hidden
[2019.08.23-06.53.12:843][548]LogPlayLevel: Display: Shutting down PIE online subsystems
[2019.08.23-06.53.12:843][548]LogBlueprintUserMessages: Late EndPlayMap Detection: Level '/Game/Levels/Level1.Level1:PersistentLevel' has LevelScriptBlueprint '/Game/Levels/Level1.Level1:PersistentLevel.Level1' with GeneratedClass '/Game/Levels/Level1.Level1_C' with ClassGeneratedBy '/Game/Levels/Level1.Level1:PersistentLevel.Level1'
[2019.08.23-06.53.12:864][548]LogSlate: Updating window title bar state: overlay mode, drag disabled, window buttons hidden, title bar hidden
[2019.08.23-06.53.12:912][551]LogPlayLevel: Display: Destroying online subsystem :Context_8
[2019.08.23-06.53.16:342][951]Cmd: TRANSACTION UNDO
[2019.08.23-06.53.16:342][951]LogEditorTransaction: Undo Move Actors
[2019.08.23-06.53.17:063][ 12]Cmd: TRANSACTION UNDO
[2019.08.23-06.53.17:063][ 12]LogEditorTransaction: Undo Move Actors
[2019.08.23-06.53.17:537][ 54]Cmd: TRANSACTION UNDO
[2019.08.23-06.53.17:537][ 54]LogEditorTransaction: Undo Move Actors
[2019.08.23-06.53.17:977][ 92]Cmd: TRANSACTION UNDO
[2019.08.23-06.53.17:977][ 92]LogEditorTransaction: Undo Move Actors
[2019.08.23-06.53.18:453][132]Cmd: TRANSACTION UNDO
[2019.08.23-06.53.18:454][132]LogEditorTransaction: Undo Snap Actors To Floor
[2019.08.23-06.53.18:979][183]Cmd: TRANSACTION UNDO
[2019.08.23-06.53.18:979][183]LogEditorTransaction: Undo Move Actors
[2019.08.23-06.53.19:460][229]Cmd: TRANSACTION UNDO
[2019.08.23-06.53.19:460][229]LogEditorTransaction: Undo Create Actors
[2019.08.23-06.53.19:989][281]Cmd: TRANSACTION UNDO
[2019.08.23-06.53.19:989][281]LogEditorTransaction: Undo Create Box Collision
[2019.08.23-06.53.21:099][403]Cmd: TRANSACTION UNDO
[2019.08.23-06.53.21:099][403]LogEditorTransaction: Undo Delete Actors
[2019.08.23-06.53.21:970][491]Cmd: TRANSACTION UNDO
[2019.08.23-06.53.21:970][491]LogEditorTransaction: Undo Clicking on Actors
[2019.08.23-06.53.22:293][518]Cmd: TRANSACTION UNDO
[2019.08.23-06.53.22:293][518]LogEditorTransaction: Undo Delete Actors
[2019.08.23-06.53.22:797][562]Cmd: TRANSACTION UNDO
[2019.08.23-06.53.22:797][562]LogEditorTransaction: Undo Clicking on Actors
[2019.08.23-06.53.23:092][586]Cmd: TRANSACTION UNDO
[2019.08.23-06.53.23:092][586]LogEditorTransaction: Undo Delete Actors
[2019.08.23-06.53.23:310][593]Cmd: TRANSACTION UNDO
[2019.08.23-06.53.23:310][593]LogEditorTransaction: Undo Clicking on Actors
[2019.08.23-06.53.23:578][613]Cmd: TRANSACTION UNDO
[2019.08.23-06.53.23:578][613]LogEditorTransaction: Undo Move Actors
[2019.08.23-06.53.23:907][630]Cmd: TRANSACTION UNDO
[2019.08.23-06.53.23:907][630]LogEditorTransaction: Undo Move Actors
[2019.08.23-06.53.24:300][662]Cmd: TRANSACTION UNDO
[2019.08.23-06.53.24:300][662]LogEditorTransaction: Undo Snap Actors To Floor
[2019.08.23-06.53.25:014][735]Cmd: TRANSACTION UNDO
[2019.08.23-06.53.25:014][735]LogEditorTransaction: Undo Move Actors
[2019.08.23-06.53.25:532][785]Cmd: TRANSACTION UNDO
[2019.08.23-06.53.25:532][785]LogEditorTransaction: Undo Clicking on Actors
[2019.08.23-06.53.26:092][841]Cmd: TRANSACTION UNDO
[2019.08.23-06.53.26:092][841]LogEditorTransaction: Undo Delete Actors
[2019.08.23-06.53.26:609][882]Cmd: TRANSACTION UNDO
[2019.08.23-06.53.26:609][882]LogEditorTransaction: Undo Clicking on Actors
[2019.08.23-06.53.26:848][899]Cmd: TRANSACTION UNDO
[2019.08.23-06.53.26:848][899]LogEditorTransaction: Undo Delete Actors
[2019.08.23-06.53.27:160][919]Cmd: TRANSACTION UNDO
[2019.08.23-06.53.27:160][919]LogEditorTransaction: Undo Clicking on Actors
[2019.08.23-06.53.27:432][940]Cmd: TRANSACTION UNDO
[2019.08.23-06.53.27:432][940]LogEditorTransaction: Undo Delete Actors
[2019.08.23-06.53.27:720][957]Cmd: TRANSACTION UNDO
[2019.08.23-06.53.27:720][957]LogEditorTransaction: Undo Clicking on Actors
[2019.08.23-06.53.28:197][996]Cmd: TRANSACTION UNDO
[2019.08.23-06.53.28:197][996]LogEditorTransaction: Undo Clicking on Actors
[2019.08.23-06.53.29:461][137]Cmd: TRANSACTION UNDO
[2019.08.23-06.53.29:461][137]LogEditorTransaction: Undo Move Actors
[2019.08.23-06.53.29:936][182]Cmd: TRANSACTION UNDO
[2019.08.23-06.53.29:936][182]LogEditorTransaction: Undo Clicking on Actors
[2019.08.23-06.53.30:280][204]Cmd: TRANSACTION UNDO
[2019.08.23-06.53.30:280][204]LogEditorTransaction: Undo Move Actors
[2019.08.23-06.53.30:560][222]Cmd: TRANSACTION UNDO
[2019.08.23-06.53.30:560][222]LogEditorTransaction: Undo Clicking on Actors
[2019.08.23-06.53.30:857][240]Cmd: TRANSACTION UNDO
[2019.08.23-06.53.30:857][240]LogEditorTransaction: Undo Create Actors
[2019.08.23-06.53.31:151][255]Cmd: TRANSACTION UNDO
[2019.08.23-06.53.31:151][255]LogEditorTransaction: Undo Create Actors
[2019.08.23-06.53.31:561][287]Cmd: TRANSACTION UNDO
[2019.08.23-06.53.31:561][287]LogEditorTransaction: Undo Create Actors
[2019.08.23-06.53.32:035][326]Cmd: TRANSACTION UNDO
[2019.08.23-06.53.32:035][326]LogEditorTransaction: Undo Create Actors
[2019.08.23-06.53.33:156][448]LogSlate: FSceneViewport::OnFocusLost() reason 0
[2019.08.23-06.53.36:160][779]LogTemp: Repeating last play command: Selected Viewport
[2019.08.23-06.53.36:173][779]LogBlueprintUserMessages: Early PlayInEditor Detection: Level '/Game/Levels/Level1.Level1:PersistentLevel' has LevelScriptBlueprint '/Game/Levels/Level1.Level1:PersistentLevel.Level1' with GeneratedClass '/Game/Levels/Level1.Level1_C' with ClassGeneratedBy '/Game/Levels/Level1.Level1:PersistentLevel.Level1'
[2019.08.23-06.53.36:173][779]LogPlayLevel: PlayLevel: No blueprints needed recompiling
[2019.08.23-06.53.36:173][779]PIE: New page: PIE session: Level1 (23 aug 2019 10:53:36)
[2019.08.23-06.53.36:173][779]LogPlayLevel: Creating play world package: /Game/Levels/UEDPIE_0_Level1
[2019.08.23-06.53.36:179][779]LogPlayLevel: PIE: StaticDuplicateObject took: (0.006018s)
[2019.08.23-06.53.36:180][779]LogAIModule: Creating AISystem for world Level1
[2019.08.23-06.53.36:180][779]LogPlayLevel: PIE: World Init took: (0.000490s)
[2019.08.23-06.53.36:180][779]LogPlayLevel: PIE: Created PIE world by copying editor world from /Game/Levels/Level1.Level1 to /Game/Levels/UEDPIE_0_Level1.Level1 (0.006640s)
[2019.08.23-06.53.36:220][779]LogInit: XAudio2 using 'Högtalare (Wireless Stereo Headset)' : 2 channels at 48 kHz using 16 bits per sample (channel mask 0x3)
[2019.08.23-06.53.36:229][779]LogInit: FAudioDevice initialized.
[2019.08.23-06.53.36:261][779]LogLoad: Game class is 'BOGameMode_C'
[2019.08.23-06.53.36:264][779]LogWorld: Bringing World /Game/Levels/UEDPIE_0_Level1.Level1 up for play (max tick rate 0) at 2019.08.23-08.53.36
[2019.08.23-06.53.36:264][779]LogWorld: Bringing up level for play took: 0.001862
[2019.08.23-06.53.36:278][779]PIE: Play in editor start time for /Game/Levels/UEDPIE_0_Level1 −0,41
[2019.08.23-06.53.36:278][779]LogBlueprintUserMessages: Late PlayInEditor Detection: Level '/Game/Levels/Level1.Level1:PersistentLevel' has LevelScriptBlueprint '/Game/Levels/Level1.Level1:PersistentLevel.Level1' with GeneratedClass '/Game/Levels/Level1.Level1_C' with ClassGeneratedBy '/Game/Levels/Level1.Level1:PersistentLevel.Level1'
[2019.08.23-06.53.37:864][965]LogBlueprintUserMessages: Early EndPlayMap Detection: Level '/Game/Levels/Level1.Level1:PersistentLevel' has LevelScriptBlueprint '/Game/Levels/Level1.Level1:PersistentLevel.Level1' with GeneratedClass '/Game/Levels/Level1.Level1_C' with ClassGeneratedBy '/Game/Levels/Level1.Level1:PersistentLevel.Level1'
[2019.08.23-06.53.37:864][965]LogSlate: Updating window title bar state: overlay mode, drag disabled, window buttons hidden, title bar hidden
[2019.08.23-06.53.37:895][965]LogPlayLevel: Display: Shutting down PIE online subsystems
[2019.08.23-06.53.37:896][965]LogBlueprintUserMessages: Late EndPlayMap Detection: Level '/Game/Levels/Level1.Level1:PersistentLevel' has LevelScriptBlueprint '/Game/Levels/Level1.Level1:PersistentLevel.Level1' with GeneratedClass '/Game/Levels/Level1.Level1_C' with ClassGeneratedBy '/Game/Levels/Level1.Level1:PersistentLevel.Level1'
[2019.08.23-06.53.37:914][965]LogSlate: Updating window title bar state: overlay mode, drag disabled, window buttons hidden, title bar hidden
[2019.08.23-06.53.37:968][968]LogPlayLevel: Display: Destroying online subsystem :Context_9
[2019.08.23-06.53.42:227][432]LogSlate: FSceneViewport::OnFocusLost() reason 0
[2019.08.23-06.53.44:051][648]LogDestructible: Warning: MainMesh Tris: 84
[2019.08.23-06.53.44:068][648]LogOutputDevice: Warning: 

Script Stack (0 frames):

[2019.08.23-06.53.44:068][648]LogWindows: Windows GetLastError: Åtgärden har slutförts. (0)
[2019.08.23-06.53.48:448][648]LogWindows: Error: === Critical error: ===
[2019.08.23-06.53.48:448][648]LogWindows: Error: 
[2019.08.23-06.53.48:448][648]LogWindows: Error: Assertion failed: (Index >= 0) & (Index < ArrayNum) [File:D:\Build\++UE4\Sync\Engine\Source\Runtime\Core\Public\Containers/Array.h] [Line: 611] 
[2019.08.23-06.53.48:448][648]LogWindows: Error: Array index out of bounds: 3 from an array of size 3
[2019.08.23-06.53.48:448][648]LogWindows: Error: 
[2019.08.23-06.53.48:448][648]LogWindows: Error: 
[2019.08.23-06.53.48:448][648]LogWindows: Error: [Callstack] 0x00007ffc00d2a839 KERNELBASE.dll!UnknownFunction []
[2019.08.23-06.53.48:448][648]LogWindows: Error: [Callstack] 0x00007ffbb527cd1a UE4Editor-Core.dll!UnknownFunction []
[2019.08.23-06.53.48:449][648]LogWindows: Error: [Callstack] 0x00007ffbb505a967 UE4Editor-Core.dll!UnknownFunction []
[2019.08.23-06.53.48:449][648]LogWindows: Error: [Callstack] 0x00007ffbb4f90df7 UE4Editor-Core.dll!UnknownFunction []
[2019.08.23-06.53.48:449][648]LogWindows: Error: [Callstack] 0x00007ffb9baaf1f4 UE4Editor-ApexDestruction.dll!UnknownFunction []
[2019.08.23-06.53.48:449][648]LogWindows: Error: [Callstack] 0x00007ffb9b757ed1 UE4Editor-ApexDestructionEditor.dll!UnknownFunction []
[2019.08.23-06.53.48:449][648]LogWindows: Error: [Callstack] 0x00007ffb9b7546f8 UE4Editor-ApexDestructionEditor.dll!UnknownFunction []
[2019.08.23-06.53.48:449][648]LogWindows: Error: [Callstack] 0x00007ffbba79226e UE4Editor-Slate.dll!UnknownFunction []
[2019.08.23-06.53.48:449][648]LogWindows: Error: [Callstack] 0x00007ffbba8982a2 UE4Editor-Slate.dll!UnknownFunction []
[2019.08.23-06.53.48:449][648]LogWindows: Error: [Callstack] 0x00007ffbba87309f UE4Editor-Slate.dll!UnknownFunction []
[2019.08.23-06.53.48:449][648]LogWindows: Error: [Callstack] 0x00007ffbba95c7bb UE4Editor-Slate.dll!UnknownFunction []
[2019.08.23-06.53.48:449][648]LogWindows: Error: [Callstack] 0x00007ffbba748e25 UE4Editor-Slate.dll!UnknownFunction []
[2019.08.23-06.53.48:449][648]LogWindows: Error: [Callstack] 0x00007ffbba7e2678 UE4Editor-Slate.dll!UnknownFunction []
[2019.08.23-06.53.48:449][648]LogWindows: Error: [Callstack] 0x00007ffbba7c857a UE4Editor-Slate.dll!UnknownFunction []
[2019.08.23-06.53.48:449][648]LogWindows: Error: [Callstack] 0x00007ffbba7bb44c UE4Editor-Slate.dll!UnknownFunction []
[2019.08.23-06.53.48:449][648]LogWindows: Error: [Callstack] 0x00007ffbdf67de26 UE4Editor-ApplicationCore.dll!UnknownFunction []
[2019.08.23-06.53.48:449][648]LogWindows: Error: [Callstack] 0x00007ffbdf670de0 UE4Editor-ApplicationCore.dll!UnknownFunction []
[2019.08.23-06.53.48:449][648]LogWindows: Error: [Callstack] 0x00007ffbdf6801eb UE4Editor-ApplicationCore.dll!UnknownFunction []
[2019.08.23-06.53.48:449][648]LogWindows: Error: [Callstack] 0x00007ffbdf66ca19 UE4Editor-ApplicationCore.dll!UnknownFunction []
[2019.08.23-06.53.48:450][648]LogWindows: Error: [Callstack] 0x00007ffc02a0681d USER32.dll!UnknownFunction []
[2019.08.23-06.53.48:450][648]LogWindows: Error: [Callstack] 0x00007ffc02a06212 USER32.dll!UnknownFunction []
[2019.08.23-06.53.48:450][648]LogWindows: Error: [Callstack] 0x00007ffbdf681746 UE4Editor-ApplicationCore.dll!UnknownFunction []
[2019.08.23-06.53.48:450][648]LogWindows: Error: [Callstack] 0x00007ff79ffe5546 UE4Editor.exe!UnknownFunction []
[2019.08.23-06.53.48:450][648]LogWindows: Error: [Callstack] 0x00007ff79fff596c UE4Editor.exe!UnknownFunction []
[2019.08.23-06.53.48:450][648]LogWindows: Error: [Callstack] 0x00007ff79fff59ea UE4Editor.exe!UnknownFunction []
[2019.08.23-06.53.48:450][648]LogWindows: Error: [Callstack] 0x00007ff7a00048da UE4Editor.exe!UnknownFunction []
[2019.08.23-06.53.48:450][648]LogWindows: Error: [Callstack] 0x00007ff7a000659a UE4Editor.exe!UnknownFunction []
[2019.08.23-06.53.48:450][648]LogWindows: Error: [Callstack] 0x00007ffc02c37bd4 KERNEL32.DLL!UnknownFunction []
[2019.08.23-06.53.48:450][648]LogWindows: Error: [Callstack] 0x00007ffc0342ce71 ntdll.dll!UnknownFunction []
[2019.08.23-06.53.48:450][648]LogWindows: Error: 
[2019.08.23-06.53.48:491][648]LogExit: Executing StaticShutdownAfterError
[2019.08.23-06.53.48:497][648]LogWindows: FPlatformMisc::RequestExit(1)
[2019.08.23-06.53.48:502][648]Log file closed, 08/23/19 08:53:48
